2019-07-10 06:45:39 [scrapy.utils.log] INFO: Scrapy 1.6.0 started (bot: scrapy_app)
2019-07-10 06:45:39 [scrapy.utils.log] INFO: Versions: lxml 4.3.4.0, libxml2 2.9.9, cssselect 1.0.3, parsel 1.5.1, w3lib 1.20.0, Twisted 19.2.1, Python 3.7.0 (v3.7.0:1bf9cc5093, Jun 26 2018, 23:26:24) - [Clang 6.0 (clang-600.0.57)], pyOpenSSL 19.0.0 (OpenSSL 1.1.1c  28 May 2019), cryptography 2.7, Platform Darwin-18.0.0-x86_64-i386-64bit
2019-07-10 06:45:39 [scrapy.crawler] INFO: Overridden settings: {'BOT_NAME': 'scrapy_app', 'LOG_FILE': 'logs/default/icrawler/5342a04ea2de11e98db06030d48111c4.log', 'NEWSPIDER_MODULE': 'scrapy_app.spiders', 'ROBOTSTXT_OBEY': True, 'SPIDER_MODULES': ['scrapy_app.spiders'], 'USER_AGENT': 'Mozilla/5.0 (compatible; Googlebot/2.1; +http://www.google.com/bot.html)'}
2019-07-10 06:45:39 [scrapy.extensions.telnet] INFO: Telnet Password: 8fc52d7d480f47dc
2019-07-10 06:45:39 [scrapy.middleware] INFO: Enabled extensions:
['scrapy.extensions.corestats.CoreStats',
 'scrapy.extensions.telnet.TelnetConsole',
 'scrapy.extensions.memusage.MemoryUsage',
 'scrapy.extensions.logstats.LogStats']
2019-07-10 06:45:39 [scrapy.middleware] INFO: Enabled downloader middlewares:
['scrapy.downloadermiddlewares.robotstxt.RobotsTxtMiddleware',
 'scrapy.downloadermiddlewares.httpauth.HttpAuthMiddleware',
 'scrapy.downloadermiddlewares.downloadtimeout.DownloadTimeoutMiddleware',
 'scrapy.downloadermiddlewares.defaultheaders.DefaultHeadersMiddleware',
 'scrapy.downloadermiddlewares.useragent.UserAgentMiddleware',
 'scrapy.downloadermiddlewares.retry.RetryMiddleware',
 'scrapy.downloadermiddlewares.redirect.MetaRefreshMiddleware',
 'scrapy.downloadermiddlewares.httpcompression.HttpCompressionMiddleware',
 'scrapy.downloadermiddlewares.redirect.RedirectMiddleware',
 'scrapy.downloadermiddlewares.cookies.CookiesMiddleware',
 'scrapy.downloadermiddlewares.httpproxy.HttpProxyMiddleware',
 'scrapy.downloadermiddlewares.stats.DownloaderStats']
2019-07-10 06:45:39 [scrapy.middleware] INFO: Enabled spider middlewares:
['scrapy.spidermiddlewares.httperror.HttpErrorMiddleware',
 'scrapy.spidermiddlewares.offsite.OffsiteMiddleware',
 'scrapy.spidermiddlewares.referer.RefererMiddleware',
 'scrapy.spidermiddlewares.urllength.UrlLengthMiddleware',
 'scrapy.spidermiddlewares.depth.DepthMiddleware']
2019-07-10 06:45:39 [scrapy.middleware] INFO: Enabled item pipelines:
['scrapy_app.pipelines.ScrapyAppPipeline']
2019-07-10 06:45:39 [scrapy.core.engine] INFO: Spider opened
2019-07-10 06:45:39 [scrapy.extensions.logstats] INFO: Crawled 0 pages (at 0 pages/min), scraped 0 items (at 0 items/min)
2019-07-10 06:45:39 [scrapy.extensions.telnet] INFO: Telnet console listening on 127.0.0.1:6023
2019-07-10 06:45:39 [scrapy.core.engine] DEBUG: Crawled (200) <GET https://www.imdb.com/robots.txt> (referer: None)
2019-07-10 06:45:40 [scrapy.core.engine] DEBUG: Crawled (200) <GET https://www.imdb.com/> (referer: None)
2019-07-10 06:45:40 [scrapy.spidermiddlewares.offsite] DEBUG: Filtered offsite request to 'pro.imdb.com': <GET https://pro.imdb.com/login/ap?u=/login/lwa&imdbPageAction=signUp&rf=cons_nb_hm>
2019-07-10 06:45:40 [scrapy.spidermiddlewares.offsite] DEBUG: Filtered offsite request to 'help.imdb.com': <GET https://help.imdb.com/imdb>
2019-07-10 06:45:40 [scrapy.spidermiddlewares.offsite] DEBUG: Filtered offsite request to 'm.imdb.com': <GET https://m.imdb.com>
2019-07-10 06:45:40 [scrapy.spidermiddlewares.offsite] DEBUG: Filtered offsite request to 'advertising.amazon.com': <GET https://advertising.amazon.com/lp/imdb>
2019-07-10 06:45:41 [scrapy.downloadermiddlewares.redirect] DEBUG: Redirecting (302) to <GET https://www.imdb.com/festival-central/venice/> from <GET https://www.imdb.com/venice/>
2019-07-10 06:45:41 [scrapy.downloadermiddlewares.redirect] DEBUG: Redirecting (302) to <GET https://www.imdb.com/tribeca> from <GET https://www.imdb.com/festival-central/tribeca>
2019-07-10 06:45:41 [scrapy.downloadermiddlewares.redirect] DEBUG: Redirecting (302) to <GET https://www.imdb.com/festival-central/cannes/> from <GET https://www.imdb.com/cannes/>
2019-07-10 06:45:41 [scrapy.core.engine] DEBUG: Crawled (200) <GET https://www.imdb.com/> (referer: https://www.imdb.com/)
2019-07-10 06:45:41 [scrapy.core.engine] DEBUG: Crawled (200) <GET https://www.imdb.com/emmys/> (referer: https://www.imdb.com/)
2019-07-10 06:45:41 [scrapy.core.scraper] DEBUG: Scraped from <200 https://www.imdb.com/>
{'url': 'https://www.imdb.com/'}
2019-07-10 06:45:41 [scrapy.core.scraper] DEBUG: Scraped from <200 https://www.imdb.com/emmys/>
{'url': 'https://www.imdb.com/emmys/'}
2019-07-10 06:45:41 [scrapy.core.engine] DEBUG: Crawled (200) <GET https://www.imdb.com/comic-con/> (referer: https://www.imdb.com/)
2019-07-10 06:45:41 [scrapy.core.scraper] DEBUG: Scraped from <200 https://www.imdb.com/comic-con/>
{'url': 'https://www.imdb.com/comic-con/'}
2019-07-10 06:45:41 [scrapy.core.engine] DEBUG: Crawled (200) <GET https://www.imdb.com/festival-central/> (referer: https://www.imdb.com/)
2019-07-10 06:45:41 [scrapy.core.engine] DEBUG: Crawled (200) <GET https://www.imdb.com/sundance/> (referer: https://www.imdb.com/)
2019-07-10 06:45:42 [scrapy.core.scraper] DEBUG: Scraped from <200 https://www.imdb.com/festival-central/>
{'url': 'https://www.imdb.com/festival-central/'}
2019-07-10 06:45:42 [scrapy.core.engine] DEBUG: Crawled (200) <GET https://www.imdb.com/oscars/> (referer: https://www.imdb.com/)
2019-07-10 06:45:42 [scrapy.core.scraper] DEBUG: Scraped from <200 https://www.imdb.com/sundance/>
{'url': 'https://www.imdb.com/sundance/'}
2019-07-10 06:45:42 [scrapy.core.engine] DEBUG: Crawled (200) <GET https://www.imdb.com/golden-globes/> (referer: https://www.imdb.com/)
2019-07-10 06:45:42 [scrapy.core.scraper] DEBUG: Scraped from <200 https://www.imdb.com/oscars/>
{'url': 'https://www.imdb.com/oscars/'}
2019-07-10 06:45:42 [scrapy.core.scraper] DEBUG: Scraped from <200 https://www.imdb.com/golden-globes/>
{'url': 'https://www.imdb.com/golden-globes/'}
2019-07-10 06:45:42 [scrapy.downloadermiddlewares.redirect] DEBUG: Redirecting (301) to <GET https://www.imdb.com/search/name/?birth_monthday=07-10&refine=birth_monthday> from <GET https://www.imdb.com/search/name?birth_monthday=07-10&refine=birth_monthday>
2019-07-10 06:45:42 [scrapy.core.engine] DEBUG: Crawled (200) <GET https://www.imdb.com/gallery/rg1641716480> (referer: https://www.imdb.com/)
2019-07-10 06:45:42 [scrapy.core.engine] DEBUG: Crawled (200) <GET https://www.imdb.com/toronto/> (referer: https://www.imdb.com/)
2019-07-10 06:45:42 [scrapy.core.scraper] DEBUG: Scraped from <200 https://www.imdb.com/gallery/rg1641716480>
{'url': 'https://www.imdb.com/gallery/rg1641716480'}
2019-07-10 06:45:42 [scrapy.core.scraper] DEBUG: Scraped from <200 https://www.imdb.com/toronto/>
{'url': 'https://www.imdb.com/toronto/'}
2019-07-10 06:45:42 [scrapy.downloadermiddlewares.redirect] DEBUG: Redirecting (301) to <GET https://www.imdb.com/tribeca/> from <GET https://www.imdb.com/tribeca>
2019-07-10 06:45:42 [scrapy.core.engine] DEBUG: Crawled (200) <GET https://www.imdb.com/news/celebrity> (referer: https://www.imdb.com/)
2019-07-10 06:45:42 [scrapy.downloadermiddlewares.redirect] DEBUG: Redirecting (302) to <GET http://www.audible.com> from <GET https://www.imdb.com/offsite/?page-action=ft-amzn-aud&token=BCYg8ivEciF5QRr0e8LtsipClrRDh6gBvSdy143Wb3nAMn2E4JMy-jLDall2_ErhH1BihVrG0aV5%0D%0AirEThWgxKwZFgleLprw9YPJlmAcS65pyW41O0j61TQ6T9Yzi2bQ-AEMP3lum7WkF5kVLTk6nDNxL%0D%0AhMf4H9z3wEILmmJ6RDDhNls%0D%0A>
2019-07-10 06:45:42 [scrapy.downloadermiddlewares.redirect] DEBUG: Redirecting (302) to <GET http://www.dpreview.com> from <GET https://www.imdb.com/offsite/?page-action=ft-amzn-dpr&token=BCYqOuPnLzzujZbbi4jbkN7gZIvZu1fqlD2JIQD3vQb_e68Lm9vXb9-yAmZw5khoy4KJydpSXNDx%0D%0AGK3TmMvoQ4Utm4k59b9rxyLlCxYHxYp4ljNFGzuZIcUZaVtCrdyrvQQV0mWoEOGZHp6OqGrPql9x%0D%0Aejk_yc543Fi6FmIaDLxmrdQ%0D%0A>
2019-07-10 06:45:42 [scrapy.core.scraper] DEBUG: Scraped from <200 https://www.imdb.com/news/celebrity>
{'url': 'https://www.imdb.com/news/celebrity'}
2019-07-10 06:45:42 [scrapy.core.engine] DEBUG: Crawled (200) <GET https://www.imdb.com/festival-central/venice/> (referer: https://www.imdb.com/)
2019-07-10 06:45:42 [scrapy.core.engine] DEBUG: Crawled (200) <GET https://www.imdb.com/festival-central/cannes/> (referer: https://www.imdb.com/)
2019-07-10 06:45:42 [scrapy.downloadermiddlewares.redirect] DEBUG: Redirecting (302) to <GET http://www.amazon.in/movies-tv-shows/b/?ie=UTF&node=976416031&tag=imdbpr1-in-21> from <GET https://www.imdb.com/offsite/?page-action=ft-amzn-in&token=BCYnZbQi2MYd7ne-2tvayGotawBqPfS51_-mLo5oRqx7wgyXzOkyDYEAHfXAdcGLPsjrLUwvyNs8%0D%0AunOWfX0gjNAgKXAg0JbLnboTWKoHDywa41idVBeeXvp_a0mGyEKNSWIf_qxFjf5v2ISp7OY6Kryj%0D%0AZptSgmQ2KRHTPFi-t1mECq4-xhQQwK4I_tRVD7tNK235KoPyzR4197Q7pYjoXjHFGm2dG59eXl0_%0D%0AxNmK4t165eqGkLoiRpkrCdgBljkSnaML%0D%0A>
2019-07-10 06:45:42 [scrapy.downloadermiddlewares.redirect] DEBUG: Redirecting (302) to <GET http://www.amazon.fr/b?ie=UTF8&node=405322&tag=imdbpr1-fr-21> from <GET https://www.imdb.com/offsite/?page-action=ft-amzn-fr&token=BCYoGTx7WMN8I_TPkElJXz7vHmswRfQa9-Z83zBwZ8xFgNaKodSYRHRvI4Po1MUvHB-dwXgdcOAC%0D%0AyHUYnUAOKQnplWu04CEKPRx9rZDrYJ3-OnYDHDmxZxtuJL_yUKY9jlSmhmDpvOvVti0X1oVfmjt0%0D%0AFVcWCoGjAc6zRcITJzqatWJZy3g6lSEDYgB0m5QFs6cvslZUNwwOKKY18Vp2QnK7Kvu4QuSAtUTj%0D%0AMsqkoq6hR8M%0D%0A>
2019-07-10 06:45:42 [scrapy.downloadermiddlewares.redirect] DEBUG: Redirecting (301) to <GET https://www.amazon.in/robots.txt> from <GET http://www.amazon.in/robots.txt>
2019-07-10 06:45:42 [scrapy.core.scraper] DEBUG: Scraped from <200 https://www.imdb.com/festival-central/venice/>
{'url': 'https://www.imdb.com/festival-central/venice/'}
2019-07-10 06:45:42 [scrapy.downloadermiddlewares.redirect] DEBUG: Redirecting (302) to <GET http://www.amazon.it/b?ie=UTF8&node=412606031&tag=imdbpr1-it-21> from <GET https://www.imdb.com/offsite/?page-action=ft-amzn-it&token=BCYpRM-HDSyCkVc54BnqVIiCm8vPhX_raV3q267tawuaRE6IilxCUdBxC3ihqtHPEDdGq2WoFkgz%0D%0A9tYVsy151P0jeEXutXO83W0YG1EQ_cQdbnRhS2K-cLh0nbyJPEqvs4RgaBHHRBGwjas6IeJoItME%0D%0AOfw1BNckFvIa11diZ4m_yPCxybgcehZDir8mzK4JZwAbwsia3006NDCLZJvUEiqW2NoF1wQjvZ9m%0D%0Af0nsgGvaFNQ%0D%0A>
2019-07-10 06:45:42 [scrapy.core.scraper] DEBUG: Scraped from <200 https://www.imdb.com/festival-central/cannes/>
{'url': 'https://www.imdb.com/festival-central/cannes/'}
2019-07-10 06:45:42 [scrapy.downloadermiddlewares.redirect] DEBUG: Redirecting (301) to <GET https://www.amazon.it/robots.txt> from <GET http://www.amazon.it/robots.txt>
2019-07-10 06:45:42 [scrapy.downloadermiddlewares.redirect] DEBUG: Redirecting (302) to <GET http://www.amazon.de/b?ie=UTF8&node=284266&tag=imdbpr1-de-21> from <GET https://www.imdb.com/offsite/?page-action=ft-amzn-de&token=BCYl7BID60OYBJ8GYvbkaMd7zA_72pSBOHTL-RwSpCUwv7GG3cZFpVa6vLW8aNGHUWDoLv2Sqf-d%0D%0AfH7K4aFIOWEJVvENlrAdhsY6ICzwDjLnlSCpSFbaX4ln6DJVEwQpzC0tv9lg39z06vnefYFm2lZ0%0D%0A7igAX0Q3Q1zP1RYg-7dLiVvCpq53RK3pQuh3taFP7OuZCzdaEQfX5GsnfzNWbM0iSTWcc9rh5gcT%0D%0A50aIT97KV-c%0D%0A>
2019-07-10 06:45:42 [scrapy.core.engine] DEBUG: Crawled (200) <GET https://www.imdb.com/gallery/rg1624939264> (referer: https://www.imdb.com/)
2019-07-10 06:45:42 [scrapy.downloadermiddlewares.redirect] DEBUG: Redirecting (302) to <GET https://www.amazon.co.uk/b?ie=UTF8&node=283926&tag=imdbpr1-uk-21> from <GET https://www.imdb.com/offsite/?page-action=ft-amzn-uk&token=BCYs30AgAy1-vUjHqgr-wzUjNuab3ame9jN7etYt848sMBa1HvmpTVcnxFDt7uJ2218Ma7G7wfk6%0D%0AyfuHg73iTmYO07cynEL80ylPlou73sGqBH6sU5BqPo-5dUqwKnsQf9Qr7rcAQvoLRUxzmcXKgRUm%0D%0AgQBINvJpEzgdvuwK4DUL8Z1YEyOTOrCJ9cX6waelHPthKRZaZihty5tePUSAH4gLJ1zlUmr0mhO9%0D%0Aw36lsAwPv7Y%0D%0A>
2019-07-10 06:45:43 [scrapy.core.engine] DEBUG: Crawled (200) <GET https://www.amazon.in/robots.txt> (referer: None)
2019-07-10 06:45:43 [scrapy.downloadermiddlewares.redirect] DEBUG: Redirecting (302) to <GET http://www.amazon.com/b?ie=UTF8&node=2676882011&tag=imdbpr1-20> from <GET https://www.imdb.com/offsite/?page-action=ft-piv&token=BCYhhVl6L2CpDmBV0Bplf926kKyEDY0t665QuIyR1vSqpkWKiT7rd14Tnqx5XOxAzFkIu2mnrC87%0D%0Ajh1uSyWvTWPe8vsk5ANeusG51TxKGE3e0-Gig_krG-JVcdL6DNz1KHmHVGaetyMqPMNQ-SDnr5oE%0D%0AShe7cmJ_P8aryJR26P9Z-rJerabkhO8TP_3qG500Wi7DRE0geLdfWcutrQCXft0pDfgrzROmuCMT%0D%0Afr8bF6WNCm4%0D%0A>
2019-07-10 06:45:43 [scrapy.downloadermiddlewares.redirect] DEBUG: Redirecting (301) to <GET https://www.amazon.de/robots.txt> from <GET http://www.amazon.de/robots.txt>
2019-07-10 06:45:43 [scrapy.core.scraper] DEBUG: Scraped from <200 https://www.imdb.com/gallery/rg1624939264>
{'url': 'https://www.imdb.com/gallery/rg1624939264'}
2019-07-10 06:45:43 [scrapy.downloadermiddlewares.redirect] DEBUG: Redirecting (302) to <GET https://www.amazon.com/InterestBasedAds?tag=imdbtag_ft_iba-20> from <GET https://www.imdb.com/offsite/?page-action=ft-iba&token=BCYkQOvXvVrnT0MUKAeyK9rKD1gcHHjP2MBRhgtGaw3xBSVpmNYICyU0h6l0S1h2cPpB-YGdFq8G%0D%0Aaj2PJ-glpyAQtlZuMZGu_tRvlfB7YzQfEwPGXedUiHVaP77fsYo1ASoNKa9pkBzzlxlGz184i7Ua%0D%0A_Q9c1JQIOTz-am_RfGUiXWLwk1gP99Xc8Bh0UelGE5h84Do-4-SoTWtiDG5v_natk5sY4odVtstC%0D%0AqAKelmQOPCQ%0D%0A>
2019-07-10 06:45:43 [scrapy.downloadermiddlewares.redirect] DEBUG: Redirecting (301) to <GET https://www.amazon.in/movies-tv-shows/b/?ie=UTF&node=976416031&tag=imdbpr1-in-21> from <GET http://www.amazon.in/movies-tv-shows/b/?ie=UTF&node=976416031&tag=imdbpr1-in-21>
2019-07-10 06:45:43 [scrapy.core.engine] DEBUG: Crawled (200) <GET http://www.audible.com/robots.txt> (referer: None)
2019-07-10 06:45:43 [scrapy.downloadermiddlewares.redirect] DEBUG: Redirecting (301) to <GET https://www.dpreview.com:443/robots.txt> from <GET http://www.dpreview.com/robots.txt>
2019-07-10 06:45:43 [scrapy.core.engine] DEBUG: Crawled (200) <GET https://www.imdb.com/privacy> (referer: https://www.imdb.com/)
2019-07-10 06:45:43 [scrapy.core.engine] DEBUG: Crawled (200) <GET https://www.imdb.com/search/name/?birth_monthday=07-10&refine=birth_monthday> (referer: https://www.imdb.com/)
2019-07-10 06:45:43 [scrapy.downloadermiddlewares.redirect] DEBUG: Redirecting (301) to <GET https://www.amazon.fr/robots.txt> from <GET http://www.amazon.fr/robots.txt>
2019-07-10 06:45:43 [scrapy.downloadermiddlewares.redirect] DEBUG: Redirecting (301) to <GET https://www.audible.com/> from <GET http://www.audible.com>
2019-07-10 06:45:43 [scrapy.downloadermiddlewares.redirect] DEBUG: Redirecting (301) to <GET https://www.amazon.in/movies-tv-shows/b?ie=UTF8&node=976416031> from <GET https://www.amazon.in/movies-tv-shows/b/?ie=UTF&node=976416031&tag=imdbpr1-in-21>
2019-07-10 06:45:43 [scrapy.core.scraper] DEBUG: Scraped from <200 https://www.imdb.com/privacy>
{'url': 'https://www.imdb.com/privacy'}
2019-07-10 06:45:43 [scrapy.core.scraper] DEBUG: Scraped from <200 https://www.imdb.com/search/name/?birth_monthday=07-10&refine=birth_monthday>
{'url': 'https://www.imdb.com/search/name/?birth_monthday=07-10&refine=birth_monthday'}
2019-07-10 06:45:43 [scrapy.core.engine] DEBUG: Crawled (200) <GET https://www.amazon.it/robots.txt> (referer: None)
2019-07-10 06:45:43 [scrapy.downloadermiddlewares.redirect] DEBUG: Redirecting (301) to <GET https://www.amazon.it/b?ie=UTF8&node=412606031&tag=imdbpr1-it-21> from <GET http://www.amazon.it/b?ie=UTF8&node=412606031&tag=imdbpr1-it-21>
2019-07-10 06:45:43 [scrapy.core.engine] DEBUG: Crawled (200) <GET https://www.imdb.com/name/nm0000129/?ref_=nv_cel_dflt_2> (referer: https://www.imdb.com/)
2019-07-10 06:45:43 [scrapy.core.engine] DEBUG: Crawled (200) <GET https://www.imdb.com/tribeca/> (referer: https://www.imdb.com/)
2019-07-10 06:45:43 [scrapy.core.engine] DEBUG: Crawled (200) <GET https://www.amazon.co.uk/robots.txt> (referer: None)
2019-07-10 06:45:43 [scrapy.core.engine] DEBUG: Crawled (200) <GET https://www.amazon.de/robots.txt> (referer: None)
2019-07-10 06:45:43 [scrapy.core.scraper] DEBUG: Scraped from <200 https://www.imdb.com/name/nm0000129/?ref_=nv_cel_dflt_2>
{'url': 'https://www.imdb.com/name/nm0000129/?ref_=nv_cel_dflt_2'}
2019-07-10 06:45:43 [scrapy.core.scraper] DEBUG: Scraped from <200 https://www.imdb.com/tribeca/>
{'url': 'https://www.imdb.com/tribeca/'}
2019-07-10 06:45:43 [scrapy.downloadermiddlewares.redirect] DEBUG: Redirecting (301) to <GET https://www.amazon.de/b?ie=UTF8&node=284266&tag=imdbpr1-de-21> from <GET http://www.amazon.de/b?ie=UTF8&node=284266&tag=imdbpr1-de-21>
2019-07-10 06:45:44 [scrapy.downloadermiddlewares.retry] DEBUG: Retrying <GET https://www.amazon.co.uk/b?ie=UTF8&node=283926&tag=imdbpr1-uk-21> (failed 1 times): 503 Service Unavailable
2019-07-10 06:45:44 [scrapy.downloadermiddlewares.redirect] DEBUG: Redirecting (302) to <GET http://www.boxofficemojo.com/> from <GET https://www.imdb.com/offsite/?page-action=ft-mojo&token=BCYm7D4SUroYIurRz5vHgv38_HejM8EewSCFiVwRvOhR1mQC5u7ajwRiJhQGk1Y6mkD-GHkNygGj%0D%0AulFj_IBfDRnQlYADeL4jYMZMhbCyQ4ekKalqbvCaWkz9KgVjjdAAA92vLHfae8l4h9Vj_Vvr5Qhc%0D%0Ah0bHEiuyaZTvwvHWGtrBdKT44w3AKbrN6Qfnzt1QnmceCCwJ7UpugxtfzvoUiaeIYQ%0D%0A>
2019-07-10 06:45:44 [scrapy.core.engine] DEBUG: Crawled (200) <GET https://www.amazon.com/robots.txt> (referer: None)
2019-07-10 06:45:44 [scrapy.downloadermiddlewares.redirect] DEBUG: Redirecting (302) to <GET https://www.amazon.jobs/teams/imdb> from <GET https://www.imdb.com/jobs>
2019-07-10 06:45:44 [scrapy.core.engine] DEBUG: Crawled (200) <GET https://www.amazon.fr/robots.txt> (referer: None)
2019-07-10 06:45:44 [scrapy.downloadermiddlewares.retry] DEBUG: Retrying <GET https://www.amazon.co.uk/b?ie=UTF8&node=283926&tag=imdbpr1-uk-21> (failed 2 times): 503 Service Unavailable
2019-07-10 06:45:44 [scrapy.downloadermiddlewares.redirect] DEBUG: Redirecting (301) to <GET https://www.amazon.com/b?ie=UTF8&node=2676882011&tag=imdbpr1-20> from <GET http://www.amazon.com/b?ie=UTF8&node=2676882011&tag=imdbpr1-20>
2019-07-10 06:45:44 [scrapy.downloadermiddlewares.redirect] DEBUG: Redirecting (301) to <GET https://www.amazon.fr/b?ie=UTF8&node=405322&tag=imdbpr1-fr-21> from <GET http://www.amazon.fr/b?ie=UTF8&node=405322&tag=imdbpr1-fr-21>
2019-07-10 06:45:44 [scrapy.core.engine] DEBUG: Crawled (200) <GET https://www.imdb.com/conditions> (referer: https://www.imdb.com/)
2019-07-10 06:45:44 [scrapy.core.scraper] DEBUG: Scraped from <200 https://www.imdb.com/conditions>
{'url': 'https://www.imdb.com/conditions'}
2019-07-10 06:45:44 [scrapy.downloadermiddlewares.redirect] DEBUG: Redirecting (301) to <GET https://www.amazon.de/dvd-blu-ray-filme-3D-vhs-video/b?ie=UTF8&node=284266> from <GET https://www.amazon.de/b?ie=UTF8&node=284266&tag=imdbpr1-de-21>
2019-07-10 06:45:44 [scrapy.core.engine] DEBUG: Crawled (200) <GET https://www.dpreview.com:443/robots.txt> (referer: None)
2019-07-10 06:45:44 [scrapy.core.engine] DEBUG: Crawled (200) <GET https://www.amazon.in/movies-tv-shows/b?ie=UTF8&node=976416031> (referer: None)
2019-07-10 06:45:44 [scrapy.downloadermiddlewares.robotstxt] DEBUG: Forbidden by robots.txt: <GET https://www.imdb.com/registration/login>
2019-07-10 06:45:44 [scrapy.downloadermiddlewares.retry] DEBUG: Gave up retrying <GET https://www.amazon.co.uk/b?ie=UTF8&node=283926&tag=imdbpr1-uk-21> (failed 3 times): 503 Service Unavailable
2019-07-10 06:45:44 [scrapy.core.engine] DEBUG: Crawled (503) <GET https://www.amazon.co.uk/b?ie=UTF8&node=283926&tag=imdbpr1-uk-21> (referer: https://www.imdb.com/)
2019-07-10 06:45:44 [scrapy.downloadermiddlewares.redirect] DEBUG: Redirecting (301) to <GET https://www.amazon.it/dvd/b?ie=UTF8&node=412606031> from <GET https://www.amazon.it/b?ie=UTF8&node=412606031&tag=imdbpr1-it-21>
2019-07-10 06:45:44 [scrapy.core.engine] DEBUG: Crawled (200) <GET https://www.imdb.com/pressroom/> (referer: https://www.imdb.com/)
2019-07-10 06:45:44 [scrapy.core.scraper] DEBUG: Scraped from <200 https://www.amazon.in/movies-tv-shows/b?ie=UTF8&node=976416031>
{'url': 'https://www.amazon.in/movies-tv-shows/b?ie=UTF8&node=976416031'}
2019-07-10 06:45:44 [scrapy.spidermiddlewares.httperror] INFO: Ignoring response <503 https://www.amazon.co.uk/b?ie=UTF8&node=283926&tag=imdbpr1-uk-21>: HTTP status code is not handled or not allowed
2019-07-10 06:45:44 [scrapy.downloadermiddlewares.redirect] DEBUG: Redirecting (301) to <GET https://www.boxofficemojo.com/robots.txt> from <GET http://www.boxofficemojo.com/robots.txt>
2019-07-10 06:45:44 [scrapy.core.scraper] DEBUG: Scraped from <200 https://www.imdb.com/pressroom/>
{'url': 'https://www.imdb.com/pressroom/'}
2019-07-10 06:45:44 [scrapy.downloadermiddlewares.redirect] DEBUG: Redirecting (302) to <GET https://www.imdb.com/news/top> from <GET https://www.imdb.com/news/>
2019-07-10 06:45:44 [scrapy.dupefilters] DEBUG: Filtered duplicate request: <GET https://www.imdb.com/news/top> - no more duplicates will be shown (see DUPEFILTER_DEBUG to show all duplicates)
2019-07-10 06:45:44 [scrapy.downloadermiddlewares.redirect] DEBUG: Redirecting (301) to <GET https://www.dpreview.com:443/> from <GET http://www.dpreview.com>
2019-07-10 06:45:44 [scrapy.downloadermiddlewares.redirect] DEBUG: Redirecting (301) to <GET https://www.imdb.com/search/> from <GET https://www.imdb.com/search>
2019-07-10 06:45:45 [scrapy.downloadermiddlewares.redirect] DEBUG: Redirecting (302) to <GET https://help.imdb.com/article/imdb/general-information/site-index/GNCX7BHNSPBTFALQ> from <GET https://www.imdb.com/a2z>
2019-07-10 06:45:45 [scrapy.downloadermiddlewares.redirect] DEBUG: Redirecting (301) to <GET https://www.amazon.com/gp/BIT/InternetBasedAds/ref=bit_portal_intad?tag=imdbtag_ft_iba-20> from <GET https://www.amazon.com/InterestBasedAds?tag=imdbtag_ft_iba-20>
2019-07-10 06:45:45 [scrapy.downloadermiddlewares.redirect] DEBUG: Redirecting (302) to <GET https://youtube.com/IMDb/> from <GET https://www.imdb.com/offsite/?page-action=fol_yt&token=BCYoVsoh6AOpD4xI8OjVHyyyGG0FFbRnrz6vaVlWWyNi0PSOmzDb-lfmPL3UvbKDyPYSKpdVQtO1%0D%0AEyKXsRR6z6vD5pzTcMe5hsWXaW5FHZOdDcyZdUS8E_Acw2tn5LpfnOjZuLSsrWijRTVu8QOxcBOa%0D%0AlKVaJxQ0HmPVYlsY3Ei7yMI5fF-zbrwu-C-rYH3wvqjthiC0YMkZ56SRfTfhTg_S5w%0D%0A>
2019-07-10 06:45:45 [scrapy.core.engine] DEBUG: Crawled (200) <GET https://www.dpreview.com:443/robots.txt> (referer: None)
2019-07-10 06:45:45 [scrapy.downloadermiddlewares.redirect] DEBUG: Redirecting (302) to <GET https://twitter.com/imdb> from <GET https://www.imdb.com/offsite/?page-action=fol_tw&token=BCYhL8IxhAAPk6aY8qwakK_Pfwj9GjuuZkoI8dNNZTQ8OGToGUsCnlcwwY-DI3JC0al6zwSVP0vj%0D%0A8HGY9m_MvRMs20eP-9Hfi-ewN_xSdsgtqkA5K3LjdKD25RNBJI727eFeGQr4XauY-AnlGpbBYIgQ%0D%0ADzRj4UBc1tY9Guw_ehNic_XEb-JYfJvwisCzfGezqkyk%0D%0A>
2019-07-10 06:45:45 [scrapy.downloadermiddlewares.redirect] DEBUG: Redirecting (302) to <GET https://www.amazon.jobs/node/robots.txt?locale=en> from <GET https://www.amazon.jobs/robots.txt>
2019-07-10 06:45:45 [scrapy.downloadermiddlewares.redirect] DEBUG: Redirecting (301) to <GET https://www.amazon.fr/dvd-blu-ray-films/b?ie=UTF8&node=405322> from <GET https://www.amazon.fr/b?ie=UTF8&node=405322&tag=imdbpr1-fr-21>
2019-07-10 06:45:45 [scrapy.downloadermiddlewares.redirect] DEBUG: Redirecting (302) to <GET https://twitch.tv/IMDb/> from <GET https://www.imdb.com/offsite/?page-action=fol_twch&token=BCYm4VC9jJQ6_4P4AecOB3f0v64BN6HeQVVfYzCXw3vqxMTHiiuaubFchX4V1Jl_cMQ1lkqjUHdR%0D%0A8EicaXkZeQ7aKo5HKhDIzlvpeKngops1xnXSCka1J7mNsQZDH6RI5Ou0khTLAYLbXZXkw5eYm5IQ%0D%0A_1hmQVTaTRW5Nn5Cq1ODY7HyfTwyM7CbUZ5GP51xI7CyNGf-qdHTYK64M0-XibMsHw%0D%0A>
2019-07-10 06:45:45 [scrapy.core.engine] DEBUG: Crawled (404) <GET https://youtube.com/robots.txt> (referer: None)
2019-07-10 06:45:45 [scrapy.core.engine] DEBUG: Crawled (200) <GET https://www.audible.com/> (referer: None)
2019-07-10 06:45:45 [scrapy.downloadermiddlewares.redirect] DEBUG: Redirecting (301) to <GET https://www.youtube.com/IMDb/> from <GET https://youtube.com/IMDb/>
2019-07-10 06:45:45 [scrapy.core.scraper] DEBUG: Scraped from <200 https://www.audible.com/>
{'url': 'https://www.audible.com/'}
2019-07-10 06:45:45 [scrapy.core.engine] DEBUG: Crawled (404) <GET https://www.amazon.jobs/node/robots.txt?locale=en> (referer: None)
2019-07-10 06:45:45 [scrapy.core.engine] DEBUG: Crawled (200) <GET https://www.boxofficemojo.com/robots.txt> (referer: None)
2019-07-10 06:45:45 [scrapy.core.engine] DEBUG: Crawled (200) <GET https://www.amazon.de/dvd-blu-ray-filme-3D-vhs-video/b?ie=UTF8&node=284266> (referer: None)
2019-07-10 06:45:45 [scrapy.core.engine] DEBUG: Crawled (200) <GET https://www.youtube.com/robots.txt> (referer: None)
2019-07-10 06:45:45 [scrapy.core.engine] DEBUG: Crawled (200) <GET https://twitter.com/robots.txt> (referer: None)
2019-07-10 06:45:45 [scrapy.core.scraper] DEBUG: Scraped from <200 https://www.amazon.de/dvd-blu-ray-filme-3D-vhs-video/b?ie=UTF8&node=284266>
{'url': 'https://www.amazon.de/dvd-blu-ray-filme-3D-vhs-video/b?ie=UTF8&node=284266'}
2019-07-10 06:45:45 [scrapy.downloadermiddlewares.redirect] DEBUG: Redirecting (301) to <GET https://www.twitch.tv/robots.txt> from <GET https://twitch.tv/robots.txt>
2019-07-10 06:45:46 [scrapy.downloadermiddlewares.redirect] DEBUG: Redirecting (302) to <GET https://www.amazon.jobs/en/teams/imdb> from <GET https://www.amazon.jobs/teams/imdb>
2019-07-10 06:45:46 [scrapy.downloadermiddlewares.redirect] DEBUG: Redirecting (301) to <GET https://www.boxofficemojo.com/> from <GET http://www.boxofficemojo.com/>
2019-07-10 06:45:46 [scrapy.downloadermiddlewares.redirect] DEBUG: Redirecting (302) to <GET https://instagram.com/imdb/> from <GET https://www.imdb.com/offsite/?page-action=fol_inst&token=BCYqvyInw4oTQX_Fq4W2uGtbQTpZSHzfkJAhddOhTzepQ1ni-K2xqXLkYqG0Wsuuin618wSVO0XT%0D%0ARYsLuifJH8dGBxGQFC0rj_Cb-wJfBcotLe7plkemhSNIhVfTC2jz9oHxAixeL-WRHW6lu-dJFZw3%0D%0Aib52dnjINIhHFBNjocMzS_tuKze46B8b8CAtqf4Mbz4C%0D%0A>
2019-07-10 06:45:46 [scrapy.core.engine] DEBUG: Crawled (200) <GET https://www.dpreview.com:443/> (referer: None)
2019-07-10 06:45:46 [scrapy.downloadermiddlewares.redirect] DEBUG: Redirecting (302) to <GET https://www.facebook.com/imdb> from <GET https://www.imdb.com/offsite/?page-action=fol_fb&token=BCYrLMlc0IvkJUGfsbppDAvODBNinvfemS0-0raheDtiVFuEtWNctyHyYxqW53B1cTi9ncmevyd0%0D%0AwqMD9e0X8fPANaBct9dIHPnRWv1qwlP-aA_tG-Ox4dLHywRuNZkSF_GhAWNBte2iD65P0L5BUMLa%0D%0Al5Ermzyoo3sgh7nDe1cVMuMT7rAxSI-p01arvK5pB7eD_GcDtdw4ezoY-gTiulwcNw%0D%0A>
2019-07-10 06:45:46 [scrapy.core.scraper] DEBUG: Scraped from <200 https://www.dpreview.com:443/>
{'url': 'https://www.dpreview.com:443/'}
2019-07-10 06:45:46 [scrapy.core.engine] DEBUG: Crawled (200) <GET https://help.imdb.com/robots.txt> (referer: None)
2019-07-10 06:45:46 [scrapy.downloadermiddlewares.redirect] DEBUG: Redirecting (302) to <GET http://www.amazon.com/IMDb-Mobile-LLC-Movies-TV/dp/B004GISARW/?amp&amp&amp&amp&amp&amp&amp&tag=imdb-fire-housead-20> from <GET https://www.imdb.com/offsite/?page-action=ft_app_amazon&token=BCYg89RWWJ1eh-onTr4XolgYCXj0sBnepBz21xQqKTDKkAec7GRj7MnNNymZLnM6NAhE0crGg33y%0D%0AT8hbTydk7ONUIBGae1FsF7lvO5emw15ZWu4WVKzHgb6wFxKUijW7wk1OqEokjY03Q4vPQTqGRn94%0D%0AWkZ_zfu4oROObOhPs6EEPe59aLqbzilEowkgXL7TIeiPTjkeGeJ0ebhnTwkvqTeOxSyVL2DFwjhL%0D%0A44bdETOl18-tWhg8V2Q_h-Dtb63a4ArVl5DV5HCyFAYp8Q2ihTFADQ%0D%0A>
2019-07-10 06:45:46 [scrapy.core.engine] DEBUG: Crawled (200) <GET https://www.facebook.com/robots.txt> (referer: None)
2019-07-10 06:45:46 [scrapy.downloadermiddlewares.robotstxt] DEBUG: Forbidden by robots.txt: <GET https://www.facebook.com/imdb>
2019-07-10 06:45:46 [scrapy.core.engine] DEBUG: Crawled (200) <GET https://www.amazon.com/gp/BIT/InternetBasedAds/ref=bit_portal_intad?tag=imdbtag_ft_iba-20> (referer: https://www.imdb.com/)
2019-07-10 06:45:46 [scrapy.core.engine] DEBUG: Crawled (200) <GET https://www.twitch.tv/robots.txt> (referer: None)
2019-07-10 06:45:46 [scrapy.core.scraper] DEBUG: Scraped from <200 https://www.amazon.com/gp/BIT/InternetBasedAds/ref=bit_portal_intad?tag=imdbtag_ft_iba-20>
{'url': 'https://www.amazon.com/gp/BIT/InternetBasedAds/ref=bit_portal_intad?tag=imdbtag_ft_iba-20'}
2019-07-10 06:45:46 [scrapy.core.engine] DEBUG: Crawled (200) <GET https://www.boxofficemojo.com/> (referer: None)
2019-07-10 06:45:46 [scrapy.core.engine] DEBUG: Crawled (200) <GET https://www.amazon.jobs/en/teams/imdb> (referer: https://www.imdb.com/)
2019-07-10 06:45:46 [scrapy.core.engine] DEBUG: Crawled (200) <GET https://twitter.com/imdb> (referer: https://www.imdb.com/)
2019-07-10 06:45:46 [scrapy.downloadermiddlewares.redirect] DEBUG: Redirecting (301) to <GET https://www.amazon.com/IMDb-Mobile-LLC-Movies-TV/dp/B004GISARW/?amp&amp&amp&amp&amp&amp&amp&tag=imdb-fire-housead-20> from <GET http://www.amazon.com/IMDb-Mobile-LLC-Movies-TV/dp/B004GISARW/?amp&amp&amp&amp&amp&amp&amp&tag=imdb-fire-housead-20>
2019-07-10 06:45:46 [scrapy.core.scraper] DEBUG: Scraped from <200 https://www.boxofficemojo.com/>
{'url': 'https://www.boxofficemojo.com/'}
2019-07-10 06:45:46 [scrapy.core.scraper] DEBUG: Scraped from <200 https://www.amazon.jobs/en/teams/imdb>
{'url': 'https://www.amazon.jobs/en/teams/imdb'}
2019-07-10 06:45:46 [scrapy.core.scraper] DEBUG: Scraped from <200 https://twitter.com/imdb>
{'url': 'https://twitter.com/imdb'}
2019-07-10 06:45:47 [scrapy.core.engine] DEBUG: Crawled (200) <GET https://instagram.com/robots.txt> (referer: None)
2019-07-10 06:45:47 [scrapy.downloadermiddlewares.robotstxt] DEBUG: Forbidden by robots.txt: <GET https://instagram.com/imdb/>
2019-07-10 06:45:47 [scrapy.downloadermiddlewares.redirect] DEBUG: Redirecting (302) to <GET https://market.android.com/details?id=com.imdb.mobile> from <GET https://www.imdb.com/offsite/?page-action=ft_app_google&token=BCYrpK0fDWONzi55vSF1cyVSDF0mClK3d930x43REeRbh9JNcQyRmXeI7h0FOwzRdfQCIBtUe-4g%0D%0AQNf1mAFJbC50piEnflwTnutup2thU4kdkzFAcQJ0WO5Nn0yiuzumn4a3hcp0fSBQrWOnoZ6yo0zn%0D%0AEtDRT-aB7ShpU1rk4JS-u_-e92J2wIn91q4jFreMBrz6mJJ8eVRhZoz2thRDvxXA9g%0D%0A>
2019-07-10 06:45:47 [scrapy.downloadermiddlewares.redirect] DEBUG: Redirecting (302) to <GET http://itunes.apple.com/app/imdb-movies-tv/id342792525> from <GET https://www.imdb.com/offsite/?page-action=ft_app_apple&token=BCYlurUXvEjde1bpiN0_6-3_WgwMVB1PimuKmSsst7BuIUf09uZ6WNUhgyxZ0-ts8CsNWOP-eEzT%0D%0AGkccCQL0p1bkp5afMHVwPUWDq61c2Q_7w6Tx2ioZWU6YsxEhMqEnRb8NF_GBaJA0mryBqrl-A4mV%0D%0ArTuR9cuAqC_TzFmTWMM6hZmo_JKdudQGmNvg6hjjdqssXAGmhchbfinKxIR-tiHjDQdsl81wuHBr%0D%0ALGMiWKnNlKQ%0D%0A>
2019-07-10 06:45:47 [scrapy.downloadermiddlewares.redirect] DEBUG: Redirecting (301) to <GET https://www.imdb.com/india/> from <GET https://www.imdb.com/india>
2019-07-10 06:45:47 [scrapy.core.engine] DEBUG: Crawled (200) <GET https://www.amazon.com/b?ie=UTF8&node=2676882011&tag=imdbpr1-20> (referer: None)
2019-07-10 06:45:47 [scrapy.core.engine] DEBUG: Crawled (200) <GET https://help.imdb.com/article/imdb/general-information/site-index/GNCX7BHNSPBTFALQ> (referer: https://www.imdb.com/)
2019-07-10 06:45:47 [scrapy.core.engine] DEBUG: Crawled (200) <GET https://www.amazon.it/dvd/b?ie=UTF8&node=412606031> (referer: None)
2019-07-10 06:45:47 [scrapy.core.scraper] DEBUG: Scraped from <200 https://www.amazon.com/b?ie=UTF8&node=2676882011&tag=imdbpr1-20>
{'url': 'https://www.amazon.com/b?ie=UTF8&node=2676882011&tag=imdbpr1-20'}
2019-07-10 06:45:47 [scrapy.core.scraper] DEBUG: Scraped from <200 https://help.imdb.com/article/imdb/general-information/site-index/GNCX7BHNSPBTFALQ>
{'url': 'https://help.imdb.com/article/imdb/general-information/site-index/GNCX7BHNSPBTFALQ'}
2019-07-10 06:45:47 [scrapy.core.scraper] DEBUG: Scraped from <200 https://www.amazon.it/dvd/b?ie=UTF8&node=412606031>
{'url': 'https://www.amazon.it/dvd/b?ie=UTF8&node=412606031'}
2019-07-10 06:45:47 [scrapy.core.engine] DEBUG: Crawled (404) <GET https://market.android.com/robots.txt> (referer: None)
2019-07-10 06:45:47 [scrapy.downloadermiddlewares.redirect] DEBUG: Redirecting (301) to <GET https://www.imdb.com/title/tt7555774/> from <GET https://www.imdb.com/title/tt7555774>
2019-07-10 06:45:47 [scrapy.downloadermiddlewares.redirect] DEBUG: Redirecting (301) to <GET https://www.imdb.com/title/tt3138122/> from <GET https://www.imdb.com/title/tt3138122>
2019-07-10 06:45:47 [scrapy.downloadermiddlewares.redirect] DEBUG: Redirecting (301) to <GET https://www.imdb.com/title/tt5884004/> from <GET https://www.imdb.com/title/tt5884004>
2019-07-10 06:45:47 [scrapy.downloadermiddlewares.redirect] DEBUG: Redirecting (301) to <GET https://www.imdb.com/title/tt10026172/> from <GET https://www.imdb.com/title/tt10026172>
2019-07-10 06:45:47 [scrapy.core.engine] DEBUG: Crawled (200) <GET http://itunes.apple.com/robots.txt> (referer: None)
2019-07-10 06:45:47 [scrapy.core.engine] DEBUG: Crawled (200) <GET https://www.amazon.fr/dvd-blu-ray-films/b?ie=UTF8&node=405322> (referer: None)
2019-07-10 06:45:47 [scrapy.core.engine] DEBUG: Crawled (200) <GET https://www.youtube.com/IMDb/> (referer: https://www.imdb.com/)
2019-07-10 06:45:47 [scrapy.downloadermiddlewares.redirect] DEBUG: Redirecting (301) to <GET https://www.twitch.tv/IMDb/> from <GET https://twitch.tv/IMDb/>
2019-07-10 06:45:47 [scrapy.downloadermiddlewares.redirect] DEBUG: Redirecting (301) to <GET https://www.imdb.com/title/tt6105098/> from <GET https://www.imdb.com/title/tt6105098>
2019-07-10 06:45:47 [scrapy.downloadermiddlewares.redirect] DEBUG: Redirecting (301) to <GET https://www.imdb.com/title/tt6139732/> from <GET https://www.imdb.com/title/tt6139732>
2019-07-10 06:45:47 [scrapy.core.scraper] DEBUG: Scraped from <200 https://www.amazon.fr/dvd-blu-ray-films/b?ie=UTF8&node=405322>
{'url': 'https://www.amazon.fr/dvd-blu-ray-films/b?ie=UTF8&node=405322'}
2019-07-10 06:45:47 [scrapy.core.scraper] DEBUG: Scraped from <200 https://www.youtube.com/IMDb/>
{'url': 'https://www.youtube.com/IMDb/'}
2019-07-10 06:45:47 [scrapy.downloadermiddlewares.redirect] DEBUG: Redirecting (302) to <GET https://play.google.com/store/apps/details?id=com.imdb.mobile> from <GET https://market.android.com/details?id=com.imdb.mobile>
2019-07-10 06:45:47 [scrapy.core.engine] DEBUG: Crawled (200) <GET https://www.twitch.tv/robots.txt> (referer: None)
2019-07-10 06:45:47 [scrapy.downloadermiddlewares.redirect] DEBUG: Redirecting (301) to <GET https://www.imdb.com/title/tt8350360/> from <GET https://www.imdb.com/title/tt8350360>
2019-07-10 06:45:48 [scrapy.core.engine] DEBUG: Crawled (200) <GET https://play.google.com/robots.txt> (referer: None)
2019-07-10 06:45:48 [scrapy.downloadermiddlewares.redirect] DEBUG: Redirecting (301) to <GET https://www.amazon.com/IMDb-Mobile-LLC-Movies-TV/dp/B004GISARW> from <GET https://www.amazon.com/IMDb-Mobile-LLC-Movies-TV/dp/B004GISARW/?amp&amp&amp&amp&amp&amp&amp&tag=imdb-fire-housead-20>
2019-07-10 06:45:48 [scrapy.downloadermiddlewares.redirect] DEBUG: Redirecting (301) to <GET https://apps.apple.com/app/imdb-movies-tv/id342792525> from <GET http://itunes.apple.com/app/imdb-movies-tv/id342792525>
2019-07-10 06:45:48 [scrapy.core.engine] DEBUG: Crawled (200) <GET https://www.imdb.com/showtimes/title/tt8350360> (referer: https://www.imdb.com/)
2019-07-10 06:45:48 [scrapy.core.engine] DEBUG: Crawled (200) <GET https://apps.apple.com/robots.txt> (referer: None)
2019-07-10 06:45:48 [scrapy.core.scraper] DEBUG: Scraped from <200 https://www.imdb.com/showtimes/title/tt8350360>
{'url': 'https://www.imdb.com/showtimes/title/tt8350360'}
2019-07-10 06:45:48 [scrapy.core.engine] DEBUG: Crawled (200) <GET https://www.imdb.com/title/tt10026172/> (referer: https://www.imdb.com/)
2019-07-10 06:45:48 [scrapy.core.engine] DEBUG: Crawled (200) <GET https://www.imdb.com/india/> (referer: https://www.imdb.com/)
2019-07-10 06:45:48 [scrapy.downloadermiddlewares.redirect] DEBUG: Redirecting (301) to <GET https://www.imdb.com/title/tt8079248/> from <GET https://www.imdb.com/title/tt8079248>
2019-07-10 06:45:48 [scrapy.core.scraper] DEBUG: Scraped from <200 https://www.imdb.com/title/tt10026172/>
{'url': 'https://www.imdb.com/title/tt10026172/'}
2019-07-10 06:45:48 [scrapy.downloadermiddlewares.redirect] DEBUG: Redirecting (301) to <GET https://www.imdb.com/title/tt1979376/> from <GET https://www.imdb.com/title/tt1979376>
2019-07-10 06:45:48 [scrapy.core.scraper] DEBUG: Scraped from <200 https://www.imdb.com/india/>
{'url': 'https://www.imdb.com/india/'}
2019-07-10 06:45:48 [scrapy.core.engine] DEBUG: Crawled (200) <GET https://www.imdb.com/title/tt3138122/> (referer: https://www.imdb.com/)
2019-07-10 06:45:48 [scrapy.core.scraper] DEBUG: Scraped from <200 https://www.imdb.com/title/tt3138122/>
{'url': 'https://www.imdb.com/title/tt3138122/'}
2019-07-10 06:45:48 [scrapy.core.engine] DEBUG: Crawled (200) <GET https://www.imdb.com/title/tt7555774/> (referer: https://www.imdb.com/)
2019-07-10 06:45:48 [scrapy.core.engine] DEBUG: Crawled (200) <GET https://www.imdb.com/title/tt5884004/> (referer: https://www.imdb.com/)
2019-07-10 06:45:48 [scrapy.core.engine] DEBUG: Crawled (200) <GET https://play.google.com/store/apps/details?id=com.imdb.mobile> (referer: https://www.imdb.com/)
2019-07-10 06:45:49 [scrapy.core.scraper] DEBUG: Scraped from <200 https://www.imdb.com/title/tt7555774/>
{'url': 'https://www.imdb.com/title/tt7555774/'}
2019-07-10 06:45:49 [scrapy.core.scraper] DEBUG: Scraped from <200 https://www.imdb.com/title/tt5884004/>
{'url': 'https://www.imdb.com/title/tt5884004/'}
2019-07-10 06:45:49 [scrapy.core.scraper] DEBUG: Scraped from <200 https://play.google.com/store/apps/details?id=com.imdb.mobile>
{'url': 'https://play.google.com/store/apps/details?id=com.imdb.mobile'}
2019-07-10 06:45:49 [scrapy.core.engine] DEBUG: Crawled (200) <GET https://www.twitch.tv/IMDb/> (referer: https://www.imdb.com/)
2019-07-10 06:45:49 [scrapy.core.engine] DEBUG: Crawled (200) <GET https://www.imdb.com/showtimes/title/tt6320628> (referer: https://www.imdb.com/)
2019-07-10 06:45:49 [scrapy.downloadermiddlewares.redirect] DEBUG: Redirecting (301) to <GET https://www.imdb.com/title/tt6320628/> from <GET https://www.imdb.com/title/tt6320628>
2019-07-10 06:45:49 [scrapy.core.scraper] DEBUG: Scraped from <200 https://www.twitch.tv/IMDb/>
{'url': 'https://www.twitch.tv/IMDb/'}
2019-07-10 06:45:49 [scrapy.core.scraper] DEBUG: Scraped from <200 https://www.imdb.com/showtimes/title/tt6320628>
{'url': 'https://www.imdb.com/showtimes/title/tt6320628'}
2019-07-10 06:45:49 [scrapy.core.engine] DEBUG: Crawled (200) <GET https://www.imdb.com/title/tt8350360/> (referer: https://www.imdb.com/)
2019-07-10 06:45:49 [scrapy.core.engine] DEBUG: Crawled (200) <GET https://www.imdb.com/title/tt6139732/> (referer: https://www.imdb.com/)
2019-07-10 06:45:49 [scrapy.core.engine] DEBUG: Crawled (200) <GET https://www.imdb.com/chart/boxoffice> (referer: https://www.imdb.com/)
2019-07-10 06:45:49 [scrapy.core.engine] DEBUG: Crawled (200) <GET https://www.amazon.com/IMDb-Mobile-LLC-Movies-TV/dp/B004GISARW> (referer: None)
2019-07-10 06:45:49 [scrapy.core.scraper] DEBUG: Scraped from <200 https://www.imdb.com/title/tt8350360/>
{'url': 'https://www.imdb.com/title/tt8350360/'}
2019-07-10 06:45:49 [scrapy.core.scraper] DEBUG: Scraped from <200 https://www.imdb.com/title/tt6139732/>
{'url': 'https://www.imdb.com/title/tt6139732/'}
2019-07-10 06:45:49 [scrapy.core.scraper] DEBUG: Scraped from <200 https://www.imdb.com/chart/boxoffice>
{'url': 'https://www.imdb.com/chart/boxoffice'}
2019-07-10 06:45:49 [scrapy.core.scraper] DEBUG: Scraped from <200 https://www.amazon.com/IMDb-Mobile-LLC-Movies-TV/dp/B004GISARW>
{'url': 'https://www.amazon.com/IMDb-Mobile-LLC-Movies-TV/dp/B004GISARW'}
2019-07-10 06:45:49 [scrapy.core.engine] DEBUG: Crawled (200) <GET https://www.imdb.com/title/tt6105098/> (referer: https://www.imdb.com/)
2019-07-10 06:45:49 [scrapy.downloadermiddlewares.redirect] DEBUG: Redirecting (301) to <GET https://www.imdb.com/india/top-rated-malayalam-movies/> from <GET https://www.imdb.com/india/top-rated-malayalam-movies>
2019-07-10 06:45:49 [scrapy.downloadermiddlewares.redirect] DEBUG: Redirecting (301) to <GET https://www.imdb.com/india/top-rated-tamil-movies/> from <GET https://www.imdb.com/india/top-rated-tamil-movies>
2019-07-10 06:45:50 [scrapy.core.engine] DEBUG: Crawled (200) <GET https://www.imdb.com/india/top-rated-telugu-movies/> (referer: https://www.imdb.com/)
2019-07-10 06:45:50 [scrapy.core.scraper] DEBUG: Scraped from <200 https://www.imdb.com/title/tt6105098/>
{'url': 'https://www.imdb.com/title/tt6105098/'}
2019-07-10 06:45:50 [scrapy.core.scraper] DEBUG: Scraped from <200 https://www.imdb.com/india/top-rated-telugu-movies/>
{'url': 'https://www.imdb.com/india/top-rated-telugu-movies/'}
2019-07-10 06:45:50 [scrapy.core.engine] DEBUG: Crawled (200) <GET https://apps.apple.com/app/imdb-movies-tv/id342792525> (referer: None)
2019-07-10 06:45:50 [scrapy.core.scraper] DEBUG: Scraped from <200 https://apps.apple.com/app/imdb-movies-tv/id342792525>
{'url': 'https://apps.apple.com/app/imdb-movies-tv/id342792525'}
2019-07-10 06:45:50 [scrapy.core.engine] DEBUG: Crawled (200) <GET https://www.imdb.com/title/tt8079248/> (referer: https://www.imdb.com/)
2019-07-10 06:45:50 [scrapy.core.scraper] DEBUG: Scraped from <200 https://www.imdb.com/title/tt8079248/>
{'url': 'https://www.imdb.com/title/tt8079248/'}
2019-07-10 06:45:50 [scrapy.core.engine] DEBUG: Crawled (200) <GET https://www.imdb.com/title/tt9558468/> (referer: https://www.imdb.com/)
2019-07-10 06:45:50 [scrapy.core.scraper] DEBUG: Scraped from <200 https://www.imdb.com/title/tt9558468/>
{'url': 'https://www.imdb.com/title/tt9558468/'}
2019-07-10 06:45:50 [scrapy.core.engine] DEBUG: Crawled (200) <GET https://www.imdb.com/title/tt8869978/> (referer: https://www.imdb.com/)
2019-07-10 06:45:50 [scrapy.core.engine] DEBUG: Crawled (200) <GET https://www.imdb.com/title/tt8108196/> (referer: https://www.imdb.com/)
2019-07-10 06:45:51 [scrapy.core.engine] DEBUG: Crawled (200) <GET https://www.imdb.com/title/tt8206760/> (referer: https://www.imdb.com/)
2019-07-10 06:45:51 [scrapy.core.scraper] DEBUG: Scraped from <200 https://www.imdb.com/title/tt8869978/>
{'url': 'https://www.imdb.com/title/tt8869978/'}
2019-07-10 06:45:51 [scrapy.core.scraper] DEBUG: Scraped from <200 https://www.imdb.com/title/tt8108196/>
{'url': 'https://www.imdb.com/title/tt8108196/'}
2019-07-10 06:45:51 [scrapy.core.scraper] DEBUG: Scraped from <200 https://www.imdb.com/title/tt8206760/>
{'url': 'https://www.imdb.com/title/tt8206760/'}
2019-07-10 06:45:51 [scrapy.core.engine] DEBUG: Crawled (200) <GET https://www.imdb.com/title/tt9248972/> (referer: https://www.imdb.com/)
2019-07-10 06:45:51 [scrapy.core.engine] DEBUG: Crawled (200) <GET https://www.imdb.com/title/tt1979376/> (referer: https://www.imdb.com/)
2019-07-10 06:45:51 [scrapy.core.scraper] DEBUG: Scraped from <200 https://www.imdb.com/title/tt9248972/>
{'url': 'https://www.imdb.com/title/tt9248972/'}
2019-07-10 06:45:51 [scrapy.core.engine] DEBUG: Crawled (200) <GET https://www.imdb.com/title/tt6320628/> (referer: https://www.imdb.com/)
2019-07-10 06:45:51 [scrapy.core.scraper] DEBUG: Scraped from <200 https://www.imdb.com/title/tt1979376/>
{'url': 'https://www.imdb.com/title/tt1979376/'}
2019-07-10 06:45:51 [scrapy.core.engine] DEBUG: Crawled (200) <GET https://www.imdb.com/title/tt9239882/> (referer: https://www.imdb.com/)
2019-07-10 06:45:51 [scrapy.core.scraper] DEBUG: Scraped from <200 https://www.imdb.com/title/tt6320628/>
{'url': 'https://www.imdb.com/title/tt6320628/'}
2019-07-10 06:45:51 [scrapy.core.scraper] DEBUG: Scraped from <200 https://www.imdb.com/title/tt9239882/>
{'url': 'https://www.imdb.com/title/tt9239882/'}
2019-07-10 06:45:51 [scrapy.core.engine] DEBUG: Crawled (200) <GET https://www.imdb.com/india/top-rated-malayalam-movies/> (referer: https://www.imdb.com/)
2019-07-10 06:45:51 [scrapy.downloadermiddlewares.redirect] DEBUG: Redirecting (302) to <GET https://getsatisfaction.com/imdb/topics/poll-suggestion-top-35-video-games-on-imdb> from <GET https://www.imdb.com/offsite/?page-action=offsite-getsatisfaction&token=BCYvjscjiQguB8lUlUl1SNM6JyuZ4lXiv0Z3vkyX8CNJcuZ5DdMvkQg6TWdkYwLV6UydsQZcomEo%0D%0AONcC8gaeX_d6VrUlhZeh4CiJKdo2JPftCFxOi8AV8Fe4AgVwmKidaBYxxKS80mxostdBidgTkXTb%0D%0AS3TUjkAp2hD32Iesjr3GEupltalBmmZqvpCgrXxLHuNxqTtcXWryrdWee50Wy14cfH-7cptQCvWG%0D%0AqnO0B3X2gEU4nPkm91jBz6RZ341CS6bk%0D%0A>
2019-07-10 06:45:51 [scrapy.core.scraper] DEBUG: Scraped from <200 https://www.imdb.com/india/top-rated-malayalam-movies/>
{'url': 'https://www.imdb.com/india/top-rated-malayalam-movies/'}
2019-07-10 06:45:51 [scrapy.core.engine] DEBUG: Crawled (200) <GET https://www.imdb.com/title/tt7968456/> (referer: https://www.imdb.com/)
2019-07-10 06:45:51 [scrapy.core.engine] DEBUG: Crawled (200) <GET https://www.imdb.com/india/top-rated-tamil-movies/> (referer: https://www.imdb.com/)
2019-07-10 06:45:51 [scrapy.downloadermiddlewares.redirect] DEBUG: Redirecting (301) to <GET https://www.imdb.com/title/tt6484982/> from <GET https://www.imdb.com/title/tt6484982>
2019-07-10 06:45:51 [scrapy.core.scraper] DEBUG: Scraped from <200 https://www.imdb.com/title/tt7968456/>
{'url': 'https://www.imdb.com/title/tt7968456/'}
2019-07-10 06:45:51 [scrapy.core.engine] DEBUG: Crawled (200) <GET https://www.imdb.com/title/tt10560634/> (referer: https://www.imdb.com/)
2019-07-10 06:45:52 [scrapy.core.engine] DEBUG: Crawled (200) <GET https://www.imdb.com/title/tt6836936/> (referer: https://www.imdb.com/)
2019-07-10 06:45:52 [scrapy.core.scraper] DEBUG: Scraped from <200 https://www.imdb.com/india/top-rated-tamil-movies/>
{'url': 'https://www.imdb.com/india/top-rated-tamil-movies/'}
2019-07-10 06:45:52 [scrapy.core.scraper] DEBUG: Scraped from <200 https://www.imdb.com/title/tt10560634/>
{'url': 'https://www.imdb.com/title/tt10560634/'}
2019-07-10 06:45:52 [scrapy.downloadermiddlewares.redirect] DEBUG: Redirecting (301) to <GET https://www.imdb.com/title/tt1280558/> from <GET https://www.imdb.com/title/tt1280558>
2019-07-10 06:45:52 [scrapy.core.engine] DEBUG: Crawled (200) <GET https://www.imdb.com/poll/p85VdzQ9QY4/> (referer: https://www.imdb.com/)
2019-07-10 06:45:52 [scrapy.core.scraper] DEBUG: Scraped from <200 https://www.imdb.com/title/tt6836936/>
{'url': 'https://www.imdb.com/title/tt6836936/'}
2019-07-10 06:45:52 [scrapy.core.engine] DEBUG: Crawled (200) <GET https://www.imdb.com/title/tt7485048/> (referer: https://www.imdb.com/)
2019-07-10 06:45:52 [scrapy.core.scraper] DEBUG: Scraped from <200 https://www.imdb.com/poll/p85VdzQ9QY4/>
{'url': 'https://www.imdb.com/poll/p85VdzQ9QY4/'}
2019-07-10 06:45:52 [scrapy.downloadermiddlewares.redirect] DEBUG: Redirecting (301) to <GET https://www.imdb.com/comic-con/marvel-dc-cosplay/rg114662144/> from <GET https://www.imdb.com/comic-con/marvel-dc-cosplay/rg114662144>
2019-07-10 06:45:52 [scrapy.core.scraper] DEBUG: Scraped from <200 https://www.imdb.com/title/tt7485048/>
{'url': 'https://www.imdb.com/title/tt7485048/'}
2019-07-10 06:45:52 [scrapy.downloadermiddlewares.redirect] DEBUG: Redirecting (301) to <GET https://www.imdb.com/name/nm0789716/> from <GET https://www.imdb.com/name/nm0789716>
2019-07-10 06:45:52 [scrapy.downloadermiddlewares.redirect] DEBUG: Redirecting (301) to <GET https://www.imdb.com/title/tt7098658/> from <GET https://www.imdb.com/title/tt7098658>
2019-07-10 06:45:52 [scrapy.core.engine] DEBUG: Crawled (200) <GET https://www.imdb.com/comic-con/marvel-dc-cosplay/rg114662144/mediaviewer/rm2408736256> (referer: https://www.imdb.com/)
2019-07-10 06:45:52 [scrapy.downloadermiddlewares.redirect] DEBUG: Redirecting (301) to <GET https://www.imdb.com/title/tt0375611/> from <GET https://www.imdb.com/title/tt0375611>
2019-07-10 06:45:52 [scrapy.downloadermiddlewares.redirect] DEBUG: Redirecting (301) to <GET https://www.imdb.com/title/tt0054098/> from <GET https://www.imdb.com/title/tt0054098>
2019-07-10 06:45:52 [scrapy.core.engine] DEBUG: Crawled (200) <GET https://getsatisfaction.com/robots.txt> (referer: None)
2019-07-10 06:45:52 [scrapy.core.engine] DEBUG: Crawled (200) <GET https://www.imdb.com/comic-con/marvel-dc-cosplay/rg114662144/mediaviewer/rm2391959040> (referer: https://www.imdb.com/)
2019-07-10 06:45:52 [scrapy.core.scraper] DEBUG: Scraped from <200 https://www.imdb.com/comic-con/marvel-dc-cosplay/rg114662144/mediaviewer/rm2408736256>
{'url': 'https://www.imdb.com/comic-con/marvel-dc-cosplay/rg114662144/mediaviewer/rm2408736256'}
2019-07-10 06:45:53 [scrapy.core.scraper] DEBUG: Scraped from <200 https://www.imdb.com/comic-con/marvel-dc-cosplay/rg114662144/mediaviewer/rm2391959040>
{'url': 'https://www.imdb.com/comic-con/marvel-dc-cosplay/rg114662144/mediaviewer/rm2391959040'}
2019-07-10 06:45:53 [scrapy.downloadermiddlewares.redirect] DEBUG: Redirecting (301) to <GET https://www.imdb.com/name/nm0252230/> from <GET https://www.imdb.com/name/nm0252230>
2019-07-10 06:45:53 [scrapy.downloadermiddlewares.redirect] DEBUG: Redirecting (301) to <GET https://www.imdb.com/name/nm1560977/> from <GET https://www.imdb.com/name/nm1560977>
2019-07-10 06:45:53 [scrapy.core.engine] DEBUG: Crawled (200) <GET https://www.imdb.com/comic-con/marvel-dc-cosplay/rg114662144/mediaviewer/rm1101737472> (referer: https://www.imdb.com/)
2019-07-10 06:45:53 [scrapy.core.engine] DEBUG: Crawled (200) <GET https://www.imdb.com/comic-con/marvel-dc-cosplay/rg114662144/> (referer: https://www.imdb.com/)
2019-07-10 06:45:53 [scrapy.core.scraper] DEBUG: Scraped from <200 https://www.imdb.com/comic-con/marvel-dc-cosplay/rg114662144/mediaviewer/rm1101737472>
{'url': 'https://www.imdb.com/comic-con/marvel-dc-cosplay/rg114662144/mediaviewer/rm1101737472'}
2019-07-10 06:45:53 [scrapy.core.scraper] DEBUG: Scraped from <200 https://www.imdb.com/comic-con/marvel-dc-cosplay/rg114662144/>
{'url': 'https://www.imdb.com/comic-con/marvel-dc-cosplay/rg114662144/'}
2019-07-10 06:45:53 [scrapy.core.engine] DEBUG: Crawled (200) <GET https://www.imdb.com/title/tt1280558/> (referer: https://www.imdb.com/)
2019-07-10 06:45:53 [scrapy.downloadermiddlewares.redirect] DEBUG: Redirecting (301) to <GET https://www.imdb.com/search/name/?refine=birth_monthday&birth_monthday=7-10> from <GET https://www.imdb.com/search/name?refine=birth_monthday&birth_monthday=7-10>
2019-07-10 06:45:53 [scrapy.downloadermiddlewares.redirect] DEBUG: Redirecting (301) to <GET https://www.imdb.com/name/nm0005527/> from <GET https://www.imdb.com/name/nm0005527>
2019-07-10 06:45:53 [scrapy.core.scraper] DEBUG: Scraped from <200 https://www.imdb.com/title/tt1280558/>
{'url': 'https://www.imdb.com/title/tt1280558/'}
2019-07-10 06:45:53 [scrapy.downloadermiddlewares.redirect] DEBUG: Redirecting (301) to <GET https://www.imdb.com/name/nm5097044/> from <GET https://www.imdb.com/name/nm5097044>
2019-07-10 06:45:53 [scrapy.core.engine] DEBUG: Crawled (200) <GET https://www.imdb.com/title/tt6484982/> (referer: https://www.imdb.com/)
2019-07-10 06:45:54 [scrapy.core.scraper] DEBUG: Scraped from <200 https://www.imdb.com/title/tt6484982/>
{'url': 'https://www.imdb.com/title/tt6484982/'}
2019-07-10 06:45:54 [scrapy.core.engine] DEBUG: Crawled (200) <GET https://www.imdb.com/title/tt7098658/> (referer: https://www.imdb.com/)
2019-07-10 06:45:54 [scrapy.core.engine] DEBUG: Crawled (200) <GET https://www.imdb.com/name/nm0789716/> (referer: https://www.imdb.com/)
2019-07-10 06:45:54 [scrapy.core.scraper] DEBUG: Scraped from <200 https://www.imdb.com/title/tt7098658/>
{'url': 'https://www.imdb.com/title/tt7098658/'}
2019-07-10 06:45:54 [scrapy.core.scraper] DEBUG: Scraped from <200 https://www.imdb.com/name/nm0789716/>
{'url': 'https://www.imdb.com/name/nm0789716/'}
2019-07-10 06:45:54 [scrapy.core.engine] DEBUG: Crawled (200) <GET https://www.imdb.com/title/tt0054098/> (referer: https://www.imdb.com/)
2019-07-10 06:45:55 [scrapy.core.engine] DEBUG: Crawled (200) <GET https://www.imdb.com/title/tt0375611/> (referer: https://www.imdb.com/)
2019-07-10 06:45:55 [scrapy.core.engine] DEBUG: Crawled (200) <GET https://getsatisfaction.com/imdb/topics/poll-suggestion-top-35-video-games-on-imdb> (referer: https://www.imdb.com/)
2019-07-10 06:45:55 [scrapy.core.scraper] DEBUG: Scraped from <200 https://www.imdb.com/title/tt0054098/>
{'url': 'https://www.imdb.com/title/tt0054098/'}
2019-07-10 06:45:55 [scrapy.core.scraper] DEBUG: Scraped from <200 https://www.imdb.com/title/tt0375611/>
{'url': 'https://www.imdb.com/title/tt0375611/'}
2019-07-10 06:45:55 [scrapy.core.scraper] DEBUG: Scraped from <200 https://getsatisfaction.com/imdb/topics/poll-suggestion-top-35-video-games-on-imdb>
{'url': 'https://getsatisfaction.com/imdb/topics/poll-suggestion-top-35-video-games-on-imdb'}
2019-07-10 06:45:55 [scrapy.downloadermiddlewares.redirect] DEBUG: Redirecting (302) to <GET https://www.imdb.com/search/title?companies=co0152464> from <GET https://www.imdb.com/company/co0152464/>
2019-07-10 06:45:55 [scrapy.core.engine] DEBUG: Crawled (200) <GET https://www.imdb.com/name/nm0252230/> (referer: https://www.imdb.com/)
2019-07-10 06:45:55 [scrapy.core.engine] DEBUG: Crawled (200) <GET https://www.imdb.com/news/ni62543153> (referer: https://www.imdb.com/)
2019-07-10 06:45:55 [scrapy.core.engine] DEBUG: Crawled (200) <GET https://www.imdb.com/comic-con/latest-stills/rg1641716480/> (referer: https://www.imdb.com/)
2019-07-10 06:45:55 [scrapy.core.scraper] DEBUG: Scraped from <200 https://www.imdb.com/name/nm0252230/>
{'url': 'https://www.imdb.com/name/nm0252230/'}
2019-07-10 06:45:55 [scrapy.core.scraper] DEBUG: Scraped from <200 https://www.imdb.com/news/ni62543153>
{'url': 'https://www.imdb.com/news/ni62543153'}
2019-07-10 06:45:55 [scrapy.core.scraper] DEBUG: Scraped from <200 https://www.imdb.com/comic-con/latest-stills/rg1641716480/>
{'url': 'https://www.imdb.com/comic-con/latest-stills/rg1641716480/'}
2019-07-10 06:45:55 [scrapy.core.engine] DEBUG: Crawled (200) <GET https://www.imdb.com/search/name/?refine=birth_monthday&birth_monthday=7-10> (referer: https://www.imdb.com/)
2019-07-10 06:45:55 [scrapy.core.engine] DEBUG: Crawled (200) <GET https://www.imdb.com/news/ni62543010> (referer: https://www.imdb.com/)
2019-07-10 06:45:55 [scrapy.core.engine] DEBUG: Crawled (200) <GET https://www.imdb.com/comic-con/photos-we-love/rg1641716480/mediaviewer/rm2234955776> (referer: https://www.imdb.com/)
2019-07-10 06:45:55 [scrapy.core.scraper] DEBUG: Scraped from <200 https://www.imdb.com/search/name/?refine=birth_monthday&birth_monthday=7-10>
{'url': 'https://www.imdb.com/search/name/?refine=birth_monthday&birth_monthday=7-10'}
2019-07-10 06:45:55 [scrapy.core.scraper] DEBUG: Scraped from <200 https://www.imdb.com/news/ni62543010>
{'url': 'https://www.imdb.com/news/ni62543010'}
2019-07-10 06:45:55 [scrapy.core.scraper] DEBUG: Scraped from <200 https://www.imdb.com/comic-con/photos-we-love/rg1641716480/mediaviewer/rm2234955776>
{'url': 'https://www.imdb.com/comic-con/photos-we-love/rg1641716480/mediaviewer/rm2234955776'}
2019-07-10 06:45:56 [scrapy.core.engine] DEBUG: Crawled (200) <GET https://www.imdb.com/name/nm1560977/> (referer: https://www.imdb.com/)
2019-07-10 06:45:56 [scrapy.core.scraper] DEBUG: Scraped from <200 https://www.imdb.com/name/nm1560977/>
{'url': 'https://www.imdb.com/name/nm1560977/'}
2019-07-10 06:45:56 [scrapy.downloadermiddlewares.redirect] DEBUG: Redirecting (301) to <GET https://www.imdb.com/comic-con/reboots-and-remakes/rg2177145600/> from <GET https://www.imdb.com/comic-con/reboots-and-remakes/rg2177145600>
2019-07-10 06:45:56 [scrapy.core.engine] DEBUG: Crawled (200) <GET https://www.imdb.com/name/nm0001800/> (referer: https://www.imdb.com/)
2019-07-10 06:45:56 [scrapy.downloadermiddlewares.redirect] DEBUG: Redirecting (301) to <GET https://www.imdb.com/search/title/?companies=co0152464> from <GET https://www.imdb.com/search/title?companies=co0152464>
2019-07-10 06:45:56 [scrapy.core.engine] DEBUG: Crawled (200) <GET https://www.imdb.com/name/nm5097044/> (referer: https://www.imdb.com/)
2019-07-10 06:45:56 [scrapy.core.scraper] DEBUG: Scraped from <200 https://www.imdb.com/name/nm0001800/>
{'url': 'https://www.imdb.com/name/nm0001800/'}
2019-07-10 06:45:56 [scrapy.core.scraper] DEBUG: Scraped from <200 https://www.imdb.com/name/nm5097044/>
{'url': 'https://www.imdb.com/name/nm5097044/'}
2019-07-10 06:45:56 [scrapy.core.engine] DEBUG: Crawled (200) <GET https://www.imdb.com/title/tt1386703/> (referer: https://www.imdb.com/)
2019-07-10 06:45:56 [scrapy.core.engine] DEBUG: Crawled (200) <GET https://www.imdb.com/title/tt0100802/> (referer: https://www.imdb.com/)
2019-07-10 06:45:57 [scrapy.core.scraper] DEBUG: Scraped from <200 https://www.imdb.com/title/tt1386703/>
{'url': 'https://www.imdb.com/title/tt1386703/'}
2019-07-10 06:45:57 [scrapy.core.engine] DEBUG: Crawled (200) <GET https://www.imdb.com/name/nm0005527/> (referer: https://www.imdb.com/)
2019-07-10 06:45:57 [scrapy.core.scraper] DEBUG: Scraped from <200 https://www.imdb.com/title/tt0100802/>
{'url': 'https://www.imdb.com/title/tt0100802/'}
2019-07-10 06:45:57 [scrapy.core.engine] DEBUG: Crawled (200) <GET https://www.imdb.com/comic-con/marvel-universe-gallery/rg316119808/mediaviewer/rm281001984> (referer: https://www.imdb.com/)
2019-07-10 06:45:57 [scrapy.core.scraper] DEBUG: Scraped from <200 https://www.imdb.com/name/nm0005527/>
{'url': 'https://www.imdb.com/name/nm0005527/'}
2019-07-10 06:45:57 [scrapy.core.scraper] DEBUG: Scraped from <200 https://www.imdb.com/comic-con/marvel-universe-gallery/rg316119808/mediaviewer/rm281001984>
{'url': 'https://www.imdb.com/comic-con/marvel-universe-gallery/rg316119808/mediaviewer/rm281001984'}
2019-07-10 06:45:57 [scrapy.core.engine] DEBUG: Crawled (200) <GET https://www.imdb.com/title/tt3480822/> (referer: https://www.imdb.com/)
2019-07-10 06:45:57 [scrapy.core.scraper] DEBUG: Scraped from <200 https://www.imdb.com/title/tt3480822/>
{'url': 'https://www.imdb.com/title/tt3480822/'}
2019-07-10 06:45:57 [scrapy.core.engine] DEBUG: Crawled (200) <GET https://www.imdb.com/comic-con/marvel-universe-gallery/rg316119808/> (referer: https://www.imdb.com/)
2019-07-10 06:45:57 [scrapy.core.engine] DEBUG: Crawled (200) <GET https://www.imdb.com/comic-con/reboots-and-remakes/rg2177145600/mediaviewer/rm3588732160> (referer: https://www.imdb.com/)
2019-07-10 06:45:57 [scrapy.downloadermiddlewares.robotstxt] DEBUG: Forbidden by robots.txt: <GET https://www.imdb.com/registration/signin?u=https%3A//www.imdb.com/>
2019-07-10 06:45:57 [scrapy.core.scraper] DEBUG: Scraped from <200 https://www.imdb.com/comic-con/marvel-universe-gallery/rg316119808/>
{'url': 'https://www.imdb.com/comic-con/marvel-universe-gallery/rg316119808/'}
2019-07-10 06:45:57 [scrapy.core.engine] DEBUG: Crawled (200) <GET https://www.imdb.com/comic-con/reboots-and-remakes/rg2177145600/mediaviewer/rm3469659136> (referer: https://www.imdb.com/)
2019-07-10 06:45:57 [scrapy.core.scraper] DEBUG: Scraped from <200 https://www.imdb.com/comic-con/reboots-and-remakes/rg2177145600/mediaviewer/rm3588732160>
{'url': 'https://www.imdb.com/comic-con/reboots-and-remakes/rg2177145600/mediaviewer/rm3588732160'}
2019-07-10 06:45:57 [scrapy.core.scraper] DEBUG: Scraped from <200 https://www.imdb.com/comic-con/reboots-and-remakes/rg2177145600/mediaviewer/rm3469659136>
{'url': 'https://www.imdb.com/comic-con/reboots-and-remakes/rg2177145600/mediaviewer/rm3469659136'}
2019-07-10 06:45:58 [scrapy.core.engine] DEBUG: Crawled (200) <GET https://www.imdb.com/comic-con/marvel-universe-gallery/rg316119808/mediaviewer/rm332409856> (referer: https://www.imdb.com/)
2019-07-10 06:45:58 [scrapy.core.scraper] DEBUG: Scraped from <200 https://www.imdb.com/comic-con/marvel-universe-gallery/rg316119808/mediaviewer/rm332409856>
{'url': 'https://www.imdb.com/comic-con/marvel-universe-gallery/rg316119808/mediaviewer/rm332409856'}
2019-07-10 06:45:58 [scrapy.core.engine] DEBUG: Crawled (200) <GET https://www.imdb.com/title/tt1825683/> (referer: https://www.imdb.com/)
2019-07-10 06:45:58 [scrapy.core.engine] DEBUG: Crawled (200) <GET https://www.imdb.com/search/title/?companies=co0152464> (referer: https://www.imdb.com/)
2019-07-10 06:45:58 [scrapy.downloadermiddlewares.redirect] DEBUG: Redirecting (301) to <GET https://www.imdb.com/trailers/> from <GET https://www.imdb.com/trailers>
2019-07-10 06:45:58 [scrapy.core.scraper] DEBUG: Scraped from <200 https://www.imdb.com/title/tt1825683/>
{'url': 'https://www.imdb.com/title/tt1825683/'}
2019-07-10 06:45:58 [scrapy.core.scraper] DEBUG: Scraped from <200 https://www.imdb.com/search/title/?companies=co0152464>
{'url': 'https://www.imdb.com/search/title/?companies=co0152464'}
2019-07-10 06:45:58 [scrapy.core.engine] DEBUG: Crawled (200) <GET https://www.imdb.com/list/ls049684270/videoplayer/vi3459234841> (referer: https://www.imdb.com/)
2019-07-10 06:45:58 [scrapy.core.scraper] DEBUG: Scraped from <200 https://www.imdb.com/list/ls049684270/videoplayer/vi3459234841>
{'url': 'https://www.imdb.com/list/ls049684270/videoplayer/vi3459234841'}
2019-07-10 06:45:58 [scrapy.core.engine] DEBUG: Crawled (200) <GET https://www.imdb.com/name/nm7140802/> (referer: https://www.imdb.com/)
2019-07-10 06:45:58 [scrapy.core.engine] DEBUG: Crawled (200) <GET https://www.imdb.com/list/ls025720609/videoplayer/vi4226726937> (referer: https://www.imdb.com/)
2019-07-10 06:45:58 [scrapy.core.scraper] DEBUG: Scraped from <200 https://www.imdb.com/name/nm7140802/>
{'url': 'https://www.imdb.com/name/nm7140802/'}
2019-07-10 06:45:59 [scrapy.core.scraper] DEBUG: Scraped from <200 https://www.imdb.com/list/ls025720609/videoplayer/vi4226726937>
{'url': 'https://www.imdb.com/list/ls025720609/videoplayer/vi4226726937'}
2019-07-10 06:45:59 [scrapy.core.engine] DEBUG: Crawled (200) <GET https://www.imdb.com/comic-con/reboots-and-remakes/rg2177145600/> (referer: https://www.imdb.com/)
2019-07-10 06:45:59 [scrapy.downloadermiddlewares.redirect] DEBUG: Redirecting (302) to <GET https://youtube.com/IMDb/> from <GET https://www.imdb.com/offsite/?page-action=fol_yt&token=BCYkIfk9irFhVB_RSsmEdq5pXjzZKCk54VX1KbXi90BEBkLYgmTJSJJDDLT6o2DO784aCKYEq44L%0D%0AfwTnmUMlj5iPzNkCQgGACEirNi8Wo7o7vm-EP6_Qrv-vIUmVECKnGM94D-kHamCZ0g4MEEUWm3Q0%0D%0A7y76FRrMhY1lcbxM2C8typNk3AcMGpVziv1P6nko4_-0efbkGe5DVRqdUEiCoLUgfg%0D%0A>
2019-07-10 06:45:59 [scrapy.core.scraper] DEBUG: Scraped from <200 https://www.imdb.com/comic-con/reboots-and-remakes/rg2177145600/>
{'url': 'https://www.imdb.com/comic-con/reboots-and-remakes/rg2177145600/'}
2019-07-10 06:45:59 [scrapy.downloadermiddlewares.redirect] DEBUG: Redirecting (302) to <GET https://twitter.com/imdb> from <GET https://www.imdb.com/offsite/?page-action=fol_tw&token=BCYk3SBGqQAZEKRX-ia01qaA_PiCXZOXxKaRVuEZT3BObPjdGZyprBTpqU8wt8GwEtZF4MUy99A_%0D%0A61J7AnB-9IiwsowCYfTHMWzCrNfBs9iEh6EMCGA94BnUB1ZcfMsr2qcZXQ-iukycKtw3h8pVz01E%0D%0AqZL9xxnEV6dhQVDs8LXe_6ymwtBTsgb09Fobd6OolBkD%0D%0A>
2019-07-10 06:45:59 [scrapy.downloadermiddlewares.redirect] DEBUG: Redirecting (302) to <GET https://twitch.tv/IMDb/> from <GET https://www.imdb.com/offsite/?page-action=fol_twch&token=BCYhKKzGMtbmzsV5n_D2vtwLItoIgcnet_eIWpoQxsqmQmJMCkTwXKj4mKg0HqKr6MkQOBIJSoxo%0D%0AMBLqY4BCicdhfkUsM4JyFHN9R_I9-1tX7P8F1qGJvn8L8jOFL7wnRdrlMtVDHdlVPxMbU8jjrJnq%0D%0AryYYpHCHAMmTqnNjYNCYBQoPMaQYT9mPR2WPAWaVrdf5C0HtjskXGAvvu0jp2UWrtg%0D%0A>
2019-07-10 06:45:59 [scrapy.core.engine] DEBUG: Crawled (200) <GET https://www.imdb.com/title/tt4566758/> (referer: https://www.imdb.com/)
2019-07-10 06:45:59 [scrapy.core.engine] DEBUG: Crawled (200) <GET https://www.imdb.com/list/ls053181649/videoplayer/vi2954542105> (referer: https://www.imdb.com/)
2019-07-10 06:45:59 [scrapy.core.scraper] DEBUG: Scraped from <200 https://www.imdb.com/title/tt4566758/>
{'url': 'https://www.imdb.com/title/tt4566758/'}
2019-07-10 06:45:59 [scrapy.core.scraper] DEBUG: Scraped from <200 https://www.imdb.com/list/ls053181649/videoplayer/vi2954542105>
{'url': 'https://www.imdb.com/list/ls053181649/videoplayer/vi2954542105'}
2019-07-10 06:45:59 [scrapy.downloadermiddlewares.redirect] DEBUG: Redirecting (302) to <GET https://www.imdb.com/registration/signin?u=https%3A%2F%2Fwww.imdb.com%2Flist%2Fwatchlist> from <GET https://www.imdb.com/list/watchlist>
2019-07-10 06:45:59 [scrapy.downloadermiddlewares.robotstxt] DEBUG: Forbidden by robots.txt: <GET https://www.imdb.com/registration/signin?u=https%3A%2F%2Fwww.imdb.com%2Flist%2Fwatchlist>
2019-07-10 06:45:59 [scrapy.core.engine] DEBUG: Crawled (200) <GET https://www.imdb.com/title/tt4574334/> (referer: https://www.imdb.com/)
2019-07-10 06:46:00 [scrapy.core.scraper] DEBUG: Scraped from <200 https://www.imdb.com/title/tt4574334/>
{'url': 'https://www.imdb.com/title/tt4574334/'}
2019-07-10 06:46:00 [scrapy.core.engine] DEBUG: Crawled (200) <GET https://www.imdb.com/title/tt7547410/> (referer: https://www.imdb.com/)
2019-07-10 06:46:00 [scrapy.core.engine] DEBUG: Crawled (200) <GET https://www.imdb.com/list/ls025720609/videoplayer/vi1394261017> (referer: https://www.imdb.com/)
2019-07-10 06:46:00 [scrapy.downloadermiddlewares.redirect] DEBUG: Redirecting (302) to <GET https://instagram.com/imdb/> from <GET https://www.imdb.com/offsite/?page-action=fol_inst&token=BCYk7LO03qoTmt46Qh6gxZYliZdFZIHhYOHBdojrn7BwwiDoNFFRDYsKHsqH5n4ZMuv3W4gTT9LS%0D%0AoPGhjQ-hWKDOEwVIBPyBzGE6ZGbq4rVQy7z_sGokaTQZ2demUcdyGnrbmCoI-RokLUHjX9hpwtgf%0D%0Ac2LzEnNLiMNSfGWTTtsl2HBmwwsztcbp6LOJ9AAEy-I7%0D%0A>
2019-07-10 06:46:00 [scrapy.core.engine] DEBUG: Crawled (200) <GET https://www.imdb.com/list/ls053181649/videoplayer/vi2954411033> (referer: https://www.imdb.com/)
2019-07-10 06:46:00 [scrapy.core.scraper] DEBUG: Scraped from <200 https://www.imdb.com/title/tt7547410/>
{'url': 'https://www.imdb.com/title/tt7547410/'}
2019-07-10 06:46:00 [scrapy.core.scraper] DEBUG: Scraped from <200 https://www.imdb.com/list/ls025720609/videoplayer/vi1394261017>
{'url': 'https://www.imdb.com/list/ls025720609/videoplayer/vi1394261017'}
2019-07-10 06:46:00 [scrapy.downloadermiddlewares.redirect] DEBUG: Redirecting (302) to <GET https://www.facebook.com/imdb> from <GET https://www.imdb.com/offsite/?page-action=fol_fb&token=BCYjr7EQxXpd8YZbpLWXld6GlYZaqRutWo_7_Z6KG_OBQgWP7unWA1zFRy-EXIQsVcZHSU2xiTFs%0D%0AtSzzVmaH94BOEaCj2-_pXVnq8D1thrC7sQGCVJ00CPgTZZpTYY_oaHA6woZfKksF6Z_JjqbpIUuO%0D%0AwyRQzQu91zaVfkicZu0MjVe0oemM1FyHNMmUmtGMa9vcyjFm8f2pRwR754dGRMJMqA%0D%0A>
2019-07-10 06:46:00 [scrapy.core.scraper] DEBUG: Scraped from <200 https://www.imdb.com/list/ls053181649/videoplayer/vi2954411033>
{'url': 'https://www.imdb.com/list/ls053181649/videoplayer/vi2954411033'}
2019-07-10 06:46:00 [scrapy.core.engine] DEBUG: Crawled (200) <GET https://www.imdb.com/poll/> (referer: https://www.imdb.com/)
2019-07-10 06:46:00 [scrapy.core.scraper] DEBUG: Scraped from <200 https://www.imdb.com/poll/>
{'url': 'https://www.imdb.com/poll/'}
2019-07-10 06:46:00 [scrapy.core.engine] DEBUG: Crawled (200) <GET https://www.imdb.com/news/tv> (referer: https://www.imdb.com/)
2019-07-10 06:46:00 [scrapy.core.engine] DEBUG: Crawled (200) <GET https://www.imdb.com/news/ni62543126> (referer: https://www.imdb.com/)
2019-07-10 06:46:00 [scrapy.core.scraper] DEBUG: Scraped from <200 https://www.imdb.com/news/tv>
{'url': 'https://www.imdb.com/news/tv'}
2019-07-10 06:46:00 [scrapy.core.engine] DEBUG: Crawled (200) <GET https://www.imdb.com/news/ni62543416> (referer: https://www.imdb.com/)
2019-07-10 06:46:00 [scrapy.core.scraper] DEBUG: Scraped from <200 https://www.imdb.com/news/ni62543126>
{'url': 'https://www.imdb.com/news/ni62543126'}
2019-07-10 06:46:01 [scrapy.core.scraper] DEBUG: Scraped from <200 https://www.imdb.com/news/ni62543416>
{'url': 'https://www.imdb.com/news/ni62543416'}
2019-07-10 06:46:01 [scrapy.core.engine] DEBUG: Crawled (200) <GET https://www.imdb.com/news/indie> (referer: https://www.imdb.com/)
2019-07-10 06:46:01 [scrapy.core.engine] DEBUG: Crawled (200) <GET https://www.imdb.com/news/movie> (referer: https://www.imdb.com/)
2019-07-10 06:46:01 [scrapy.core.engine] DEBUG: Crawled (200) <GET https://www.imdb.com/news/ni62543786> (referer: https://www.imdb.com/)
2019-07-10 06:46:01 [scrapy.core.scraper] DEBUG: Scraped from <200 https://www.imdb.com/news/indie>
{'url': 'https://www.imdb.com/news/indie'}
2019-07-10 06:46:01 [scrapy.core.scraper] DEBUG: Scraped from <200 https://www.imdb.com/news/movie>
{'url': 'https://www.imdb.com/news/movie'}
2019-07-10 06:46:01 [scrapy.core.scraper] DEBUG: Scraped from <200 https://www.imdb.com/news/ni62543786>
{'url': 'https://www.imdb.com/news/ni62543786'}
2019-07-10 06:46:01 [scrapy.core.engine] DEBUG: Crawled (200) <GET https://www.imdb.com/news/top> (referer: https://www.imdb.com/)
2019-07-10 06:46:01 [scrapy.core.engine] DEBUG: Crawled (200) <GET https://www.imdb.com/event/all/> (referer: https://www.imdb.com/)
2019-07-10 06:46:01 [scrapy.downloadermiddlewares.redirect] DEBUG: Redirecting (302) to <GET https://contribute.imdb.com/czone> from <GET https://www.imdb.com/czone/>
2019-07-10 06:46:01 [scrapy.downloadermiddlewares.redirect] DEBUG: Redirecting (301) to <GET https://www.imdb.com/search/name/?gender=male,female> from <GET https://www.imdb.com/search/name?gender=male,female>
2019-07-10 06:46:01 [scrapy.core.scraper] DEBUG: Scraped from <200 https://www.imdb.com/news/top>
{'url': 'https://www.imdb.com/news/top'}
2019-07-10 06:46:01 [scrapy.core.engine] DEBUG: Crawled (200) <GET https://www.imdb.com/lafilmfest/> (referer: https://www.imdb.com/)
2019-07-10 06:46:01 [scrapy.core.scraper] DEBUG: Scraped from <200 https://www.imdb.com/event/all/>
{'url': 'https://www.imdb.com/event/all/'}
2019-07-10 06:46:01 [scrapy.core.scraper] DEBUG: Scraped from <200 https://www.imdb.com/lafilmfest/>
{'url': 'https://www.imdb.com/lafilmfest/'}
2019-07-10 06:46:01 [scrapy.downloadermiddlewares.redirect] DEBUG: Redirecting (301) to <GET https://www.imdb.com/whats-on-tv/> from <GET https://www.imdb.com/streaming/>
2019-07-10 06:46:01 [scrapy.core.engine] DEBUG: Crawled (200) <GET https://www.imdb.com/awards-central/> (referer: https://www.imdb.com/)
2019-07-10 06:46:01 [scrapy.core.scraper] DEBUG: Scraped from <200 https://www.imdb.com/awards-central/>
{'url': 'https://www.imdb.com/awards-central/'}
2019-07-10 06:46:01 [scrapy.core.engine] DEBUG: Crawled (200) <GET https://www.imdb.com/originals/> (referer: https://www.imdb.com/)
2019-07-10 06:46:02 [scrapy.core.engine] DEBUG: Crawled (200) <GET https://www.imdb.com/name/nm0000129/?ref_=nv_cel_dflt_1> (referer: https://www.imdb.com/)
2019-07-10 06:46:02 [scrapy.core.engine] DEBUG: Crawled (200) <GET https://www.imdb.com/gallery/rg1859820288> (referer: https://www.imdb.com/)
2019-07-10 06:46:02 [scrapy.core.scraper] DEBUG: Scraped from <200 https://www.imdb.com/originals/>
{'url': 'https://www.imdb.com/originals/'}
2019-07-10 06:46:02 [scrapy.core.scraper] DEBUG: Scraped from <200 https://www.imdb.com/name/nm0000129/?ref_=nv_cel_dflt_1>
{'url': 'https://www.imdb.com/name/nm0000129/?ref_=nv_cel_dflt_1'}
2019-07-10 06:46:02 [scrapy.core.scraper] DEBUG: Scraped from <200 https://www.imdb.com/gallery/rg1859820288>
{'url': 'https://www.imdb.com/gallery/rg1859820288'}
2019-07-10 06:46:02 [scrapy.downloadermiddlewares.redirect] DEBUG: Redirecting (302) to <GET https://www.imdb.com/feature/genre/> from <GET https://www.imdb.com/genre/>
2019-07-10 06:46:02 [scrapy.core.engine] DEBUG: Crawled (200) <GET https://www.imdb.com/imdbpicks/> (referer: https://www.imdb.com/)
2019-07-10 06:46:02 [scrapy.downloadermiddlewares.redirect] DEBUG: Redirecting (302) to <GET https://www.imdb.com/chart/boxoffice> from <GET https://www.imdb.com/chart/>
2019-07-10 06:46:02 [scrapy.downloadermiddlewares.redirect] DEBUG: Redirecting (301) to <GET https://www.imdb.com/search/title/?count=100&groups=oscar_best_picture_winners&sort=year,desc> from <GET https://www.imdb.com/search/title?count=100&groups=oscar_best_picture_winners&sort=year,desc>
2019-07-10 06:46:02 [scrapy.core.engine] DEBUG: Crawled (200) <GET https://www.imdb.com/scary-good/> (referer: https://www.imdb.com/)
2019-07-10 06:46:02 [scrapy.core.scraper] DEBUG: Scraped from <200 https://www.imdb.com/imdbpicks/>
{'url': 'https://www.imdb.com/imdbpicks/'}
2019-07-10 06:46:02 [scrapy.core.scraper] DEBUG: Scraped from <200 https://www.imdb.com/scary-good/>
{'url': 'https://www.imdb.com/scary-good/'}
2019-07-10 06:46:02 [scrapy.core.engine] DEBUG: Crawled (200) <GET https://www.imdb.com/amazon-originals/> (referer: https://www.imdb.com/)
2019-07-10 06:46:02 [scrapy.core.engine] DEBUG: Crawled (200) <GET https://www.imdb.com/chart/tvmeter> (referer: https://www.imdb.com/)
2019-07-10 06:46:02 [scrapy.downloadermiddlewares.redirect] DEBUG: Redirecting (301) to <GET https://www.imdb.com/india/top-rated-indian-movies/> from <GET https://www.imdb.com/india/top-rated-indian-movies>
2019-07-10 06:46:02 [scrapy.core.scraper] DEBUG: Scraped from <200 https://www.imdb.com/amazon-originals/>
{'url': 'https://www.imdb.com/amazon-originals/'}
2019-07-10 06:46:02 [scrapy.core.scraper] DEBUG: Scraped from <200 https://www.imdb.com/chart/tvmeter>
{'url': 'https://www.imdb.com/chart/tvmeter'}
2019-07-10 06:46:02 [scrapy.downloadermiddlewares.redirect] DEBUG: Redirecting (302) to <GET https://www.imdb.com/list/ls016522954/> from <GET https://www.imdb.com/sections/dvd/>
2019-07-10 06:46:02 [scrapy.core.engine] DEBUG: Crawled (200) <GET https://contribute.imdb.com/robots.txt> (referer: None)
2019-07-10 06:46:03 [scrapy.core.engine] DEBUG: Crawled (200) <GET https://www.imdb.com/feature/genre/> (referer: https://www.imdb.com/)
2019-07-10 06:46:03 [scrapy.core.engine] DEBUG: Crawled (200) <GET https://www.imdb.com/calendar/> (referer: https://www.imdb.com/)
2019-07-10 06:46:03 [scrapy.core.engine] DEBUG: Crawled (200) <GET https://www.imdb.com/whats-on-tv/> (referer: https://www.imdb.com/)
2019-07-10 06:46:03 [scrapy.core.engine] DEBUG: Crawled (200) <GET https://www.imdb.com/search/name/?gender=male,female> (referer: https://www.imdb.com/)
2019-07-10 06:46:03 [scrapy.core.scraper] DEBUG: Scraped from <200 https://www.imdb.com/feature/genre/>
{'url': 'https://www.imdb.com/feature/genre/'}
2019-07-10 06:46:03 [scrapy.core.engine] DEBUG: Crawled (200) <GET https://www.imdb.com/movies-coming-soon/> (referer: https://www.imdb.com/)
2019-07-10 06:46:03 [scrapy.core.scraper] DEBUG: Scraped from <200 https://www.imdb.com/calendar/>
{'url': 'https://www.imdb.com/calendar/'}
2019-07-10 06:46:03 [scrapy.core.engine] DEBUG: Crawled (200) <GET https://www.imdb.com/chart/top> (referer: https://www.imdb.com/)
2019-07-10 06:46:03 [scrapy.core.scraper] DEBUG: Scraped from <200 https://www.imdb.com/whats-on-tv/>
{'url': 'https://www.imdb.com/whats-on-tv/'}
2019-07-10 06:46:03 [scrapy.core.scraper] DEBUG: Scraped from <200 https://www.imdb.com/search/name/?gender=male,female>
{'url': 'https://www.imdb.com/search/name/?gender=male,female'}
2019-07-10 06:46:03 [scrapy.core.scraper] DEBUG: Scraped from <200 https://www.imdb.com/movies-coming-soon/>
{'url': 'https://www.imdb.com/movies-coming-soon/'}
2019-07-10 06:46:03 [scrapy.core.scraper] DEBUG: Scraped from <200 https://www.imdb.com/chart/top>
{'url': 'https://www.imdb.com/chart/top'}
2019-07-10 06:46:04 [scrapy.core.engine] DEBUG: Crawled (200) <GET https://www.imdb.com/chart/moviemeter> (referer: https://www.imdb.com/)
2019-07-10 06:46:04 [scrapy.core.engine] DEBUG: Crawled (200) <GET https://www.imdb.com/india/top-rated-indian-movies/> (referer: https://www.imdb.com/)
2019-07-10 06:46:04 [scrapy.core.engine] DEBUG: Crawled (200) <GET https://www.imdb.com/chart/top?ref_=nv_mv_dflt_3> (referer: https://www.imdb.com/)
2019-07-10 06:46:04 [scrapy.core.engine] DEBUG: Crawled (200) <GET https://www.imdb.com/search/title/?count=100&groups=oscar_best_picture_winners&sort=year,desc> (referer: https://www.imdb.com/)
2019-07-10 06:46:04 [scrapy.core.engine] DEBUG: Crawled (200) <GET https://www.imdb.com/title/tt0050986/?ref_=nv_mv_dflt_2> (referer: https://www.imdb.com/)
2019-07-10 06:46:04 [scrapy.core.scraper] DEBUG: Scraped from <200 https://www.imdb.com/chart/moviemeter>
{'url': 'https://www.imdb.com/chart/moviemeter'}
2019-07-10 06:46:04 [scrapy.core.engine] DEBUG: Crawled (200) <GET https://www.imdb.com/title/tt0050986/?ref_=nv_mv_dflt_1> (referer: https://www.imdb.com/)
2019-07-10 06:46:04 [scrapy.core.scraper] DEBUG: Scraped from <200 https://www.imdb.com/india/top-rated-indian-movies/>
{'url': 'https://www.imdb.com/india/top-rated-indian-movies/'}
2019-07-10 06:46:04 [scrapy.core.scraper] DEBUG: Scraped from <200 https://www.imdb.com/chart/top?ref_=nv_mv_dflt_3>
{'url': 'https://www.imdb.com/chart/top?ref_=nv_mv_dflt_3'}
2019-07-10 06:46:04 [scrapy.core.scraper] DEBUG: Scraped from <200 https://www.imdb.com/search/title/?count=100&groups=oscar_best_picture_winners&sort=year,desc>
{'url': 'https://www.imdb.com/search/title/?count=100&groups=oscar_best_picture_winners&sort=year,desc'}
2019-07-10 06:46:04 [scrapy.core.scraper] DEBUG: Scraped from <200 https://www.imdb.com/title/tt0050986/?ref_=nv_mv_dflt_2>
{'url': 'https://www.imdb.com/title/tt0050986/?ref_=nv_mv_dflt_2'}
2019-07-10 06:46:04 [scrapy.core.scraper] DEBUG: Scraped from <200 https://www.imdb.com/title/tt0050986/?ref_=nv_mv_dflt_1>
{'url': 'https://www.imdb.com/title/tt0050986/?ref_=nv_mv_dflt_1'}
2019-07-10 06:46:05 [scrapy.core.engine] DEBUG: Crawled (200) <GET https://www.imdb.com/trailers/> (referer: https://www.imdb.com/)
2019-07-10 06:46:05 [scrapy.core.engine] DEBUG: Crawled (200) <GET https://contribute.imdb.com/czone> (referer: https://www.imdb.com/)
2019-07-10 06:46:05 [scrapy.core.scraper] DEBUG: Scraped from <200 https://www.imdb.com/trailers/>
{'url': 'https://www.imdb.com/trailers/'}
2019-07-10 06:46:05 [scrapy.core.scraper] DEBUG: Scraped from <200 https://contribute.imdb.com/czone>
{'url': 'https://contribute.imdb.com/czone'}
2019-07-10 06:46:05 [scrapy.core.engine] DEBUG: Crawled (200) <GET https://www.imdb.com/search/> (referer: https://www.imdb.com/)
2019-07-10 06:46:05 [scrapy.core.engine] DEBUG: Crawled (200) <GET https://www.imdb.com/movies-in-theaters/> (referer: https://www.imdb.com/)
2019-07-10 06:46:05 [scrapy.core.scraper] DEBUG: Scraped from <200 https://www.imdb.com/search/>
{'url': 'https://www.imdb.com/search/'}
2019-07-10 06:46:05 [scrapy.core.scraper] DEBUG: Scraped from <200 https://www.imdb.com/movies-in-theaters/>
{'url': 'https://www.imdb.com/movies-in-theaters/'}
2019-07-10 06:46:05 [scrapy.core.engine] DEBUG: Crawled (200) <GET https://www.imdb.com/chart/toptv/> (referer: https://www.imdb.com/)
2019-07-10 06:46:05 [scrapy.core.scraper] DEBUG: Scraped from <200 https://www.imdb.com/chart/toptv/>
{'url': 'https://www.imdb.com/chart/toptv/'}
2019-07-10 06:46:05 [scrapy.core.engine] DEBUG: Crawled (200) <GET https://www.imdb.com/showtimes/> (referer: https://www.imdb.com/)
2019-07-10 06:46:05 [scrapy.core.scraper] DEBUG: Scraped from <200 https://www.imdb.com/showtimes/>
{'url': 'https://www.imdb.com/showtimes/'}
2019-07-10 06:46:06 [scrapy.core.engine] DEBUG: Crawled (200) <GET https://www.imdb.com/list/ls016522954/> (referer: https://www.imdb.com/)
2019-07-10 06:46:06 [scrapy.core.scraper] DEBUG: Scraped from <200 https://www.imdb.com/list/ls016522954/>
{'url': 'https://www.imdb.com/list/ls016522954/'}
2019-07-10 06:46:06 [scrapy.core.engine] INFO: Closing spider (finished)
2019-07-10 06:46:06 [scrapy.statscollectors] INFO: Dumping Scrapy stats:
{'downloader/exception_count': 5,
 'downloader/exception_type_count/scrapy.exceptions.IgnoreRequest': 5,
 'downloader/request_bytes': 135652,
 'downloader/request_count': 271,
 'downloader/request_method_count/GET': 271,
 'downloader/response_bytes': 6468073,
 'downloader/response_count': 271,
 'downloader/response_status_count/200': 166,
 'downloader/response_status_count/301': 60,
 'downloader/response_status_count/302': 39,
 'downloader/response_status_count/404': 3,
 'downloader/response_status_count/503': 3,
 'dupefilter/filtered': 9,
 'finish_reason': 'finished',
 'finish_time': datetime.datetime(2019, 7, 10, 6, 46, 6, 233907),
 'httperror/response_ignored_count': 1,
 'httperror/response_ignored_status_count/503': 1,
 'item_scraped_count': 142,
 'log_count/DEBUG': 424,
 'log_count/INFO': 10,
 'memusage/max': 68558848,
 'memusage/startup': 68558848,
 'offsite/domains': 4,
 'offsite/filtered': 5,
 'request_depth_max': 1,
 'response_received_count': 170,
 'retry/count': 2,
 'retry/max_reached': 1,
 'retry/reason_count/503 Service Unavailable': 2,
 'robotstxt/forbidden': 5,
 'robotstxt/request_count': 26,
 'robotstxt/response_count': 26,
 'robotstxt/response_status_count/200': 23,
 'robotstxt/response_status_count/404': 3,
 'scheduler/dequeued': 242,
 'scheduler/dequeued/memory': 242,
 'scheduler/enqueued': 242,
 'scheduler/enqueued/memory': 242,
 'start_time': datetime.datetime(2019, 7, 10, 6, 45, 39, 323311)}
2019-07-10 06:46:06 [scrapy.core.engine] INFO: Spider closed (finished)
