2019-07-13 19:02:02 [scrapy.utils.log] INFO: Scrapy 1.6.0 started (bot: scrapy_app)
2019-07-13 19:02:02 [scrapy.utils.log] INFO: Versions: lxml 4.3.4.0, libxml2 2.9.9, cssselect 1.0.3, parsel 1.5.1, w3lib 1.20.0, Twisted 19.2.1, Python 3.7.0 (v3.7.0:1bf9cc5093, Jun 26 2018, 23:26:24) - [Clang 6.0 (clang-600.0.57)], pyOpenSSL 19.0.0 (OpenSSL 1.1.1c  28 May 2019), cryptography 2.7, Platform Darwin-18.0.0-x86_64-i386-64bit
2019-07-13 19:02:02 [scrapy.crawler] INFO: Overridden settings: {'BOT_NAME': 'scrapy_app', 'LOG_FILE': 'logs/default/icrawler/b0492366a5a011e9a30d6030d48111c4.log', 'NEWSPIDER_MODULE': 'scrapy_app.spiders', 'ROBOTSTXT_OBEY': True, 'SPIDER_MODULES': ['scrapy_app.spiders'], 'USER_AGENT': 'Mozilla/5.0 (compatible; Googlebot/2.1; +http://www.google.com/bot.html)'}
2019-07-13 19:02:02 [scrapy.extensions.telnet] INFO: Telnet Password: 09c997cc8953d6ec
2019-07-13 19:02:02 [scrapy.middleware] INFO: Enabled extensions:
['scrapy.extensions.corestats.CoreStats',
 'scrapy.extensions.telnet.TelnetConsole',
 'scrapy.extensions.memusage.MemoryUsage',
 'scrapy.extensions.logstats.LogStats']
2019-07-13 19:02:02 [scrapy.middleware] INFO: Enabled downloader middlewares:
['scrapy.downloadermiddlewares.robotstxt.RobotsTxtMiddleware',
 'scrapy.downloadermiddlewares.httpauth.HttpAuthMiddleware',
 'scrapy.downloadermiddlewares.downloadtimeout.DownloadTimeoutMiddleware',
 'scrapy.downloadermiddlewares.defaultheaders.DefaultHeadersMiddleware',
 'scrapy.downloadermiddlewares.useragent.UserAgentMiddleware',
 'scrapy.downloadermiddlewares.retry.RetryMiddleware',
 'scrapy.downloadermiddlewares.redirect.MetaRefreshMiddleware',
 'scrapy.downloadermiddlewares.httpcompression.HttpCompressionMiddleware',
 'scrapy.downloadermiddlewares.redirect.RedirectMiddleware',
 'scrapy.downloadermiddlewares.cookies.CookiesMiddleware',
 'scrapy.downloadermiddlewares.httpproxy.HttpProxyMiddleware',
 'scrapy.downloadermiddlewares.stats.DownloaderStats']
2019-07-13 19:02:02 [scrapy.middleware] INFO: Enabled spider middlewares:
['scrapy.spidermiddlewares.httperror.HttpErrorMiddleware',
 'scrapy.spidermiddlewares.offsite.OffsiteMiddleware',
 'scrapy.spidermiddlewares.referer.RefererMiddleware',
 'scrapy.spidermiddlewares.urllength.UrlLengthMiddleware',
 'scrapy.spidermiddlewares.depth.DepthMiddleware']
2019-07-13 19:02:02 [scrapy.middleware] INFO: Enabled item pipelines:
['scrapy_app.pipelines.ScrapyAppPipeline']
2019-07-13 19:02:02 [scrapy.core.engine] INFO: Spider opened
2019-07-13 19:02:02 [scrapy.extensions.logstats] INFO: Crawled 0 pages (at 0 pages/min), scraped 0 items (at 0 items/min)
2019-07-13 19:02:02 [scrapy.extensions.telnet] INFO: Telnet console listening on 127.0.0.1:6024
2019-07-13 19:02:03 [scrapy.core.engine] DEBUG: Crawled (200) <GET https://www.imdb.com/robots.txt> (referer: None)
2019-07-13 19:02:04 [scrapy.core.engine] DEBUG: Crawled (200) <GET https://www.imdb.com/> (referer: None)
2019-07-13 19:02:04 [scrapy.spidermiddlewares.offsite] DEBUG: Filtered offsite request to 'pro.imdb.com': <GET https://pro.imdb.com/login/ap?u=/login/lwa&imdbPageAction=signUp&rf=cons_nb_hm>
2019-07-13 19:02:04 [scrapy.spidermiddlewares.offsite] DEBUG: Filtered offsite request to 'help.imdb.com': <GET https://help.imdb.com/imdb>
2019-07-13 19:02:04 [scrapy.spidermiddlewares.offsite] DEBUG: Filtered offsite request to 'm.imdb.com': <GET https://m.imdb.com>
2019-07-13 19:02:04 [scrapy.spidermiddlewares.offsite] DEBUG: Filtered offsite request to 'advertising.amazon.com': <GET https://advertising.amazon.com/lp/imdb>
2019-07-13 19:02:05 [scrapy.downloadermiddlewares.redirect] DEBUG: Redirecting (302) to <GET https://www.imdb.com/tribeca> from <GET https://www.imdb.com/festival-central/tribeca>
2019-07-13 19:02:05 [scrapy.downloadermiddlewares.redirect] DEBUG: Redirecting (302) to <GET https://www.imdb.com/festival-central/venice/> from <GET https://www.imdb.com/venice/>
2019-07-13 19:02:05 [scrapy.downloadermiddlewares.redirect] DEBUG: Redirecting (302) to <GET https://www.imdb.com/festival-central/cannes/> from <GET https://www.imdb.com/cannes/>
2019-07-13 19:02:05 [scrapy.core.engine] DEBUG: Crawled (200) <GET https://www.imdb.com/comic-con/> (referer: https://www.imdb.com/)
2019-07-13 19:02:05 [scrapy.core.engine] DEBUG: Crawled (200) <GET https://www.imdb.com/emmys/> (referer: https://www.imdb.com/)
2019-07-13 19:02:05 [scrapy.core.engine] DEBUG: Crawled (200) <GET https://www.imdb.com/> (referer: https://www.imdb.com/)
2019-07-13 19:02:05 [scrapy.core.engine] DEBUG: Crawled (200) <GET https://www.imdb.com/toronto/> (referer: https://www.imdb.com/)
2019-07-13 19:02:05 [scrapy.core.scraper] DEBUG: Scraped from <200 https://www.imdb.com/comic-con/>
{'url': 'https://www.imdb.com/comic-con/'}
2019-07-13 19:02:05 [scrapy.core.scraper] DEBUG: Scraped from <200 https://www.imdb.com/emmys/>
{'url': 'https://www.imdb.com/emmys/'}
2019-07-13 19:02:05 [scrapy.core.scraper] DEBUG: Scraped from <200 https://www.imdb.com/>
{'url': 'https://www.imdb.com/'}
2019-07-13 19:02:05 [scrapy.core.scraper] DEBUG: Scraped from <200 https://www.imdb.com/toronto/>
{'url': 'https://www.imdb.com/toronto/'}
2019-07-13 19:02:05 [scrapy.core.engine] DEBUG: Crawled (200) <GET https://www.imdb.com/sundance/> (referer: https://www.imdb.com/)
2019-07-13 19:02:05 [scrapy.downloadermiddlewares.redirect] DEBUG: Redirecting (301) to <GET https://www.imdb.com/search/name/?birth_monthday=07-13&refine=birth_monthday> from <GET https://www.imdb.com/search/name?birth_monthday=07-13&refine=birth_monthday>
2019-07-13 19:02:05 [scrapy.core.engine] DEBUG: Crawled (200) <GET https://www.imdb.com/festival-central/> (referer: https://www.imdb.com/)
2019-07-13 19:02:06 [scrapy.core.engine] DEBUG: Crawled (200) <GET https://www.imdb.com/oscars/> (referer: https://www.imdb.com/)
2019-07-13 19:02:06 [scrapy.core.scraper] DEBUG: Scraped from <200 https://www.imdb.com/sundance/>
{'url': 'https://www.imdb.com/sundance/'}
2019-07-13 19:02:06 [scrapy.core.scraper] DEBUG: Scraped from <200 https://www.imdb.com/festival-central/>
{'url': 'https://www.imdb.com/festival-central/'}
2019-07-13 19:02:06 [scrapy.core.scraper] DEBUG: Scraped from <200 https://www.imdb.com/oscars/>
{'url': 'https://www.imdb.com/oscars/'}
2019-07-13 19:02:06 [scrapy.downloadermiddlewares.redirect] DEBUG: Redirecting (301) to <GET https://www.imdb.com/tribeca/> from <GET https://www.imdb.com/tribeca>
2019-07-13 19:02:06 [scrapy.core.engine] DEBUG: Crawled (200) <GET https://www.imdb.com/gallery/rg1641716480> (referer: https://www.imdb.com/)
2019-07-13 19:02:06 [scrapy.core.engine] DEBUG: Crawled (200) <GET https://www.imdb.com/golden-globes/> (referer: https://www.imdb.com/)
2019-07-13 19:02:06 [scrapy.core.scraper] DEBUG: Scraped from <200 https://www.imdb.com/gallery/rg1641716480>
{'url': 'https://www.imdb.com/gallery/rg1641716480'}
2019-07-13 19:02:06 [scrapy.core.engine] DEBUG: Crawled (200) <GET https://www.imdb.com/news/celebrity> (referer: https://www.imdb.com/)
2019-07-13 19:02:06 [scrapy.downloadermiddlewares.redirect] DEBUG: Redirecting (302) to <GET http://www.audible.com> from <GET https://www.imdb.com/offsite/?page-action=ft-amzn-aud&token=BCYgCbueJABJYLbixnRs5p2PcjBzLT8-NdtqwHbGbRjaff7Ffm3XNo4PQ4WqRwvQVgPcohVeAuV2%0D%0A92URMqb5NAQNOpmCW7zaHfT_KnUYjHHRqaStyQYosxNBwWBfHB2fvXpxDqTpQKCihl-xmnkT9jht%0D%0AdYPnYNqBMkdTJG53Jzp-JQk%0D%0A>
2019-07-13 19:02:06 [scrapy.core.scraper] DEBUG: Scraped from <200 https://www.imdb.com/golden-globes/>
{'url': 'https://www.imdb.com/golden-globes/'}
2019-07-13 19:02:06 [scrapy.core.scraper] DEBUG: Scraped from <200 https://www.imdb.com/news/celebrity>
{'url': 'https://www.imdb.com/news/celebrity'}
2019-07-13 19:02:06 [scrapy.downloadermiddlewares.redirect] DEBUG: Redirecting (302) to <GET http://www.dpreview.com> from <GET https://www.imdb.com/offsite/?page-action=ft-amzn-dpr&token=BCYrsJ4M72WPSdbF43qcH1Z2XusSVtjuzm3J4sRJc7mHqIUftTUVsr5BA44ools_0FI_4gWeCpWI%0D%0A3rvIRQGg1Qp9gtf-keBJXlbWosdn6J5z_NZ5Q8XaO0DgetVylI4DN2tOic9bsAEoISb2jFLFEffb%0D%0AlJpjfGAkSusE28MnjnUNtXg%0D%0A>
2019-07-13 19:02:06 [scrapy.core.engine] DEBUG: Crawled (200) <GET https://www.imdb.com/festival-central/venice/> (referer: https://www.imdb.com/)
2019-07-13 19:02:06 [scrapy.core.engine] DEBUG: Crawled (200) <GET https://www.imdb.com/festival-central/cannes/> (referer: https://www.imdb.com/)
2019-07-13 19:02:06 [scrapy.downloadermiddlewares.redirect] DEBUG: Redirecting (302) to <GET http://www.amazon.in/movies-tv-shows/b/?ie=UTF&node=976416031&tag=imdbpr1-in-21> from <GET https://www.imdb.com/offsite/?page-action=ft-amzn-in&token=BCYnZTzf298U3WD8RMUYcCsO4jJ3r2C_J1iegaqiHEwo03orzrE-8wtcjzOiRZTUKeNJ2U4PB1ID%0D%0A98C8MiC_Ni84DrkYBTkZ760XkwMlNL_tAcVbLGqvKW823dQ7XPN1YbCOE08x7HxJnd9Y_7DxCp3h%0D%0ADL7bzcehIttL4EUo241PzC75wd6PqvFCU3ZR6REMSQpQgBugi1TMH0zUlknM5WFltLAjMtpVetm-%0D%0A0gCedppyp8V8AcdJSqiVBlx-_YSrjqzv%0D%0A>
2019-07-13 19:02:06 [scrapy.core.engine] DEBUG: Crawled (200) <GET https://www.imdb.com/gallery/rg1624939264> (referer: https://www.imdb.com/)
2019-07-13 19:02:06 [scrapy.downloadermiddlewares.redirect] DEBUG: Redirecting (302) to <GET http://www.amazon.fr/b?ie=UTF8&node=405322&tag=imdbpr1-fr-21> from <GET https://www.imdb.com/offsite/?page-action=ft-amzn-fr&token=BCYlIlTb9sRPLb4O7k6w9i4qJfBlpLoR9kXU1FkmVFgzMAuZ4SRz_L3V4xObRJHZMkGVlaXiVGBR%0D%0A_7-u_5LpDaRz2LWq4yyU3bkjZcQiPCtF4ASb00hgtrTpIQftnyqNlcqVIex65dnb9v4-fm1H44QU%0D%0AjIwKtXBRSmYtNNIy88qcSIpt4mmIwsBce4n1iRcFZQSSTopdwywnR77B6ATxwC-WjogGrW11f_dH%0D%0AaAizr9RhQ-I%0D%0A>
2019-07-13 19:02:06 [scrapy.downloadermiddlewares.redirect] DEBUG: Redirecting (301) to <GET https://www.amazon.in/robots.txt> from <GET http://www.amazon.in/robots.txt>
2019-07-13 19:02:06 [scrapy.core.scraper] DEBUG: Scraped from <200 https://www.imdb.com/festival-central/venice/>
{'url': 'https://www.imdb.com/festival-central/venice/'}
2019-07-13 19:02:06 [scrapy.core.scraper] DEBUG: Scraped from <200 https://www.imdb.com/festival-central/cannes/>
{'url': 'https://www.imdb.com/festival-central/cannes/'}
2019-07-13 19:02:06 [scrapy.downloadermiddlewares.redirect] DEBUG: Redirecting (302) to <GET http://www.amazon.it/b?ie=UTF8&node=412606031&tag=imdbpr1-it-21> from <GET https://www.imdb.com/offsite/?page-action=ft-amzn-it&token=BCYof9Tzdfu-SnH0PMBcQWX3pF75455damE2mxxeVzT8JxLfEqZwdAye0fdPRAXaDFNekvIlPdII%0D%0AHK9aOx5UtdODR7u0JW9oVNDyKxtK49NE7Kl_242DgQP4rRY2c5VzCzXyjUu5AMj2Opi66HFjr-W_%0D%0AaoAWa9iL6Z3h4qfofwBVmyXtBScmxlnVW9E4SwFEnKcdPCVUoqcYVgRyEy4s4EdR0j9uw-6nWlgV%0D%0AevTgiG4mc7I%0D%0A>
2019-07-13 19:02:06 [scrapy.downloadermiddlewares.redirect] DEBUG: Redirecting (301) to <GET https://www.amazon.fr/robots.txt> from <GET http://www.amazon.fr/robots.txt>
2019-07-13 19:02:06 [scrapy.core.scraper] DEBUG: Scraped from <200 https://www.imdb.com/gallery/rg1624939264>
{'url': 'https://www.imdb.com/gallery/rg1624939264'}
2019-07-13 19:02:06 [scrapy.core.engine] DEBUG: Crawled (200) <GET https://www.amazon.in/robots.txt> (referer: None)
2019-07-13 19:02:06 [scrapy.downloadermiddlewares.redirect] DEBUG: Redirecting (302) to <GET http://www.amazon.com/b?ie=UTF8&node=2676882011&tag=imdbpr1-20> from <GET https://www.imdb.com/offsite/?page-action=ft-piv&token=BCYjXa5sW9OPZGRhYkO2xjZiNsKqYXeWS_7WNMCYYeKqgrFqhovAbUWKVPSTjHyAG0phpHGXoFkn%0D%0AdiF6brmAaA5sgAWmEsFmIEoJqF5gIpglUDYIEYGkyMkv5R8z34U-s2iOZ-8Ruw6imbSRbnaTCpEw%0D%0AncURveFgTLeMOCKeH-DlIddD0Hi7WlgbDwbFHzty21pbkLq_1mHAfgAoh_V-35_owxzwKOSiAHPk%0D%0A0e2GNLdZISY%0D%0A>
2019-07-13 19:02:06 [scrapy.core.engine] DEBUG: Crawled (200) <GET https://www.imdb.com/name/nm1289434/?ref_=nv_cel_dflt_2> (referer: https://www.imdb.com/)
2019-07-13 19:02:06 [scrapy.downloadermiddlewares.redirect] DEBUG: Redirecting (301) to <GET https://www.amazon.in/movies-tv-shows/b/?ie=UTF&node=976416031&tag=imdbpr1-in-21> from <GET http://www.amazon.in/movies-tv-shows/b/?ie=UTF&node=976416031&tag=imdbpr1-in-21>
2019-07-13 19:02:06 [scrapy.downloadermiddlewares.redirect] DEBUG: Redirecting (302) to <GET https://www.amazon.com/InterestBasedAds?tag=imdbtag_ft_iba-20> from <GET https://www.imdb.com/offsite/?page-action=ft-iba&token=BCYvQRTpjVWdXOBk0GOQz1cauD6SUNPmOB3aHWs8Srpw9dkms41M3j-lW1Kk2XCxtDlOwRlaxJnl%0D%0Aov2pnJ_05X996j_MMNE9T2GIuRr4uBGT92Eiypw8MDP7qaUjhgCERb_8KXlByL_qCwDYbPbfGIsj%0D%0APMQM0pKKaQRhx0R2Xi6A1hsOGn-7aiEusp-acDBEPw64m7N3HH1v-94xkrlxeKOcebbH3H8g_QWM%0D%0AK8CsY1voraw%0D%0A>
2019-07-13 19:02:06 [scrapy.downloadermiddlewares.redirect] DEBUG: Redirecting (301) to <GET https://www.amazon.com/robots.txt> from <GET http://www.amazon.com/robots.txt>
2019-07-13 19:02:06 [scrapy.downloadermiddlewares.redirect] DEBUG: Redirecting (301) to <GET https://www.amazon.it/robots.txt> from <GET http://www.amazon.it/robots.txt>
2019-07-13 19:02:07 [scrapy.core.scraper] DEBUG: Scraped from <200 https://www.imdb.com/name/nm1289434/?ref_=nv_cel_dflt_2>
{'url': 'https://www.imdb.com/name/nm1289434/?ref_=nv_cel_dflt_2'}
2019-07-13 19:02:07 [scrapy.core.engine] DEBUG: Crawled (200) <GET http://www.audible.com/robots.txt> (referer: None)
2019-07-13 19:02:07 [scrapy.core.engine] DEBUG: Crawled (200) <GET https://www.imdb.com/search/name/?birth_monthday=07-13&refine=birth_monthday> (referer: https://www.imdb.com/)
2019-07-13 19:02:07 [scrapy.core.engine] DEBUG: Crawled (200) <GET https://www.amazon.it/robots.txt> (referer: None)
2019-07-13 19:02:07 [scrapy.downloadermiddlewares.redirect] DEBUG: Redirecting (301) to <GET https://www.dpreview.com:443/robots.txt> from <GET http://www.dpreview.com/robots.txt>
2019-07-13 19:02:07 [scrapy.downloadermiddlewares.redirect] DEBUG: Redirecting (301) to <GET https://www.amazon.it/b?ie=UTF8&node=412606031&tag=imdbpr1-it-21> from <GET http://www.amazon.it/b?ie=UTF8&node=412606031&tag=imdbpr1-it-21>
2019-07-13 19:02:07 [scrapy.downloadermiddlewares.redirect] DEBUG: Redirecting (301) to <GET https://www.amazon.in/movies-tv-shows/b?ie=UTF8&node=976416031> from <GET https://www.amazon.in/movies-tv-shows/b/?ie=UTF&node=976416031&tag=imdbpr1-in-21>
2019-07-13 19:02:07 [scrapy.core.engine] DEBUG: Crawled (200) <GET https://www.imdb.com/privacy> (referer: https://www.imdb.com/)
2019-07-13 19:02:07 [scrapy.core.scraper] DEBUG: Scraped from <200 https://www.imdb.com/search/name/?birth_monthday=07-13&refine=birth_monthday>
{'url': 'https://www.imdb.com/search/name/?birth_monthday=07-13&refine=birth_monthday'}
2019-07-13 19:02:07 [scrapy.downloadermiddlewares.redirect] DEBUG: Redirecting (301) to <GET https://www.audible.com/> from <GET http://www.audible.com>
2019-07-13 19:02:07 [scrapy.core.scraper] DEBUG: Scraped from <200 https://www.imdb.com/privacy>
{'url': 'https://www.imdb.com/privacy'}
2019-07-13 19:02:07 [scrapy.core.engine] DEBUG: Crawled (200) <GET https://www.imdb.com/tribeca/> (referer: https://www.imdb.com/)
2019-07-13 19:02:07 [scrapy.core.engine] DEBUG: Crawled (200) <GET https://www.amazon.fr/robots.txt> (referer: None)
2019-07-13 19:02:07 [scrapy.downloadermiddlewares.retry] DEBUG: Retrying <GET https://www.amazon.it/b?ie=UTF8&node=412606031&tag=imdbpr1-it-21> (failed 1 times): 503 Service Unavailable
2019-07-13 19:02:07 [scrapy.downloadermiddlewares.redirect] DEBUG: Redirecting (302) to <GET http://www.boxofficemojo.com/> from <GET https://www.imdb.com/offsite/?page-action=ft-mojo&token=BCYlmmTfmJWuo2UKT8kuERMWCjBqL6KO_Jrr8cocTPsJat68JEsKdlLosqTBimAl-weR8ZQkq2De%0D%0A0Ic8pMtDUY-rzy0PlFhc7LDT86sTzIw7hsGShpdBh6W3g4XSMSbtSdBheA86Qt1IUP2txkN3BVct%0D%0AxgOjrzAaRev3R_BhbfaU5YbNj7mxz8MoxQYlTZTZIo1o2oeVHN05GjT70Z9g-3LHqg%0D%0A>
2019-07-13 19:02:07 [scrapy.downloadermiddlewares.redirect] DEBUG: Redirecting (301) to <GET https://www.amazon.fr/b?ie=UTF8&node=405322&tag=imdbpr1-fr-21> from <GET http://www.amazon.fr/b?ie=UTF8&node=405322&tag=imdbpr1-fr-21>
2019-07-13 19:02:07 [scrapy.downloadermiddlewares.redirect] DEBUG: Redirecting (302) to <GET https://www.amazon.co.uk/b?ie=UTF8&node=283926&tag=imdbpr1-uk-21> from <GET https://www.imdb.com/offsite/?page-action=ft-amzn-uk&token=BCYoujbNKQbbQO_St-ypEIJBqC9VkwKj1o544euPa4ieUPtuEpJfQA0gyp5WsIHso_ztHLyzfrvB%0D%0AilRN1MEOaxp-JZRGVHnQAVr6RcqqAQPdX4z4lboFp6iuVY_51OEZWEpeft8uqRQV-6wG94mJOA4W%0D%0AgDld5WKK574PYAOMEo6ZnznmbwOK4sb_CCfmyf5aoGXZ9ZoSwxfzwDUk_ofT4_pAIuwelFDGo3MY%0D%0AsoTR619dtys%0D%0A>
2019-07-13 19:02:07 [scrapy.downloadermiddlewares.redirect] DEBUG: Redirecting (302) to <GET http://www.amazon.de/b?ie=UTF8&node=284266&tag=imdbpr1-de-21> from <GET https://www.imdb.com/offsite/?page-action=ft-amzn-de&token=BCYnU24ClXH0lFpSeglpBWk9qrHrng4CyCX9LboJzxSEAvf0FzUR2eRIFWqbV6KIhWoiQ8dAcgih%0D%0A5wBSOe4dNBH4zbTp5hIjJQStob97jhFLC7yy48uCcXDkvPCk8KadVEFtpYMsIWisAord4r6kSNwP%0D%0Al3R0fbFdgaZBCuZaP6QiThFzJWChkLCb-dmlIdapkXC7iVYaogNV6MxJThSFf1pZporDcVRmKX2Q%0D%0Ago2Yl_TCTKo%0D%0A>
2019-07-13 19:02:07 [scrapy.core.scraper] DEBUG: Scraped from <200 https://www.imdb.com/tribeca/>
{'url': 'https://www.imdb.com/tribeca/'}
2019-07-13 19:02:07 [scrapy.downloadermiddlewares.redirect] DEBUG: Redirecting (301) to <GET https://www.amazon.de/robots.txt> from <GET http://www.amazon.de/robots.txt>
2019-07-13 19:02:07 [scrapy.downloadermiddlewares.redirect] DEBUG: Redirecting (302) to <GET https://www.amazon.jobs/teams/imdb> from <GET https://www.imdb.com/jobs>
2019-07-13 19:02:07 [scrapy.core.engine] DEBUG: Crawled (200) <GET https://www.amazon.com/robots.txt> (referer: None)
2019-07-13 19:02:07 [scrapy.downloadermiddlewares.redirect] DEBUG: Redirecting (301) to <GET https://www.amazon.com/b?ie=UTF8&node=2676882011&tag=imdbpr1-20> from <GET http://www.amazon.com/b?ie=UTF8&node=2676882011&tag=imdbpr1-20>
2019-07-13 19:02:07 [scrapy.downloadermiddlewares.retry] DEBUG: Retrying <GET https://www.amazon.it/b?ie=UTF8&node=412606031&tag=imdbpr1-it-21> (failed 2 times): 503 Service Unavailable
2019-07-13 19:02:07 [scrapy.core.engine] DEBUG: Crawled (200) <GET https://www.imdb.com/conditions> (referer: https://www.imdb.com/)
2019-07-13 19:02:07 [scrapy.downloadermiddlewares.redirect] DEBUG: Redirecting (302) to <GET https://www.imdb.com/news/top> from <GET https://www.imdb.com/news/>
2019-07-13 19:02:07 [scrapy.dupefilters] DEBUG: Filtered duplicate request: <GET https://www.imdb.com/news/top> - no more duplicates will be shown (see DUPEFILTER_DEBUG to show all duplicates)
2019-07-13 19:02:07 [scrapy.core.scraper] DEBUG: Scraped from <200 https://www.imdb.com/conditions>
{'url': 'https://www.imdb.com/conditions'}
2019-07-13 19:02:07 [scrapy.downloadermiddlewares.retry] DEBUG: Gave up retrying <GET https://www.amazon.it/b?ie=UTF8&node=412606031&tag=imdbpr1-it-21> (failed 3 times): 503 Service Unavailable
2019-07-13 19:02:07 [scrapy.core.engine] DEBUG: Crawled (503) <GET https://www.amazon.it/b?ie=UTF8&node=412606031&tag=imdbpr1-it-21> (referer: None)
2019-07-13 19:02:08 [scrapy.downloadermiddlewares.redirect] DEBUG: Redirecting (301) to <GET https://www.boxofficemojo.com/robots.txt> from <GET http://www.boxofficemojo.com/robots.txt>
2019-07-13 19:02:08 [scrapy.core.engine] DEBUG: Crawled (200) <GET https://www.imdb.com/pressroom/> (referer: https://www.imdb.com/)
2019-07-13 19:02:08 [scrapy.downloadermiddlewares.robotstxt] DEBUG: Forbidden by robots.txt: <GET https://www.imdb.com/registration/login>
2019-07-13 19:02:08 [scrapy.spidermiddlewares.httperror] INFO: Ignoring response <503 https://www.amazon.it/b?ie=UTF8&node=412606031&tag=imdbpr1-it-21>: HTTP status code is not handled or not allowed
2019-07-13 19:02:08 [scrapy.core.scraper] DEBUG: Scraped from <200 https://www.imdb.com/pressroom/>
{'url': 'https://www.imdb.com/pressroom/'}
2019-07-13 19:02:08 [scrapy.core.engine] DEBUG: Crawled (200) <GET https://www.amazon.in/movies-tv-shows/b?ie=UTF8&node=976416031> (referer: None)
2019-07-13 19:02:08 [scrapy.core.engine] DEBUG: Crawled (200) <GET https://www.amazon.de/robots.txt> (referer: None)
2019-07-13 19:02:08 [scrapy.downloadermiddlewares.redirect] DEBUG: Redirecting (301) to <GET https://www.imdb.com/search/> from <GET https://www.imdb.com/search>
2019-07-13 19:02:08 [scrapy.downloadermiddlewares.redirect] DEBUG: Redirecting (301) to <GET https://www.amazon.de/b?ie=UTF8&node=284266&tag=imdbpr1-de-21> from <GET http://www.amazon.de/b?ie=UTF8&node=284266&tag=imdbpr1-de-21>
2019-07-13 19:02:08 [scrapy.core.engine] DEBUG: Crawled (200) <GET https://www.dpreview.com:443/robots.txt> (referer: None)
2019-07-13 19:02:08 [scrapy.core.scraper] DEBUG: Scraped from <200 https://www.amazon.in/movies-tv-shows/b?ie=UTF8&node=976416031>
{'url': 'https://www.amazon.in/movies-tv-shows/b?ie=UTF8&node=976416031'}
2019-07-13 19:02:08 [scrapy.downloadermiddlewares.redirect] DEBUG: Redirecting (301) to <GET https://www.amazon.fr/dvd-blu-ray-films/b?ie=UTF8&node=405322> from <GET https://www.amazon.fr/b?ie=UTF8&node=405322&tag=imdbpr1-fr-21>
2019-07-13 19:02:08 [scrapy.core.engine] DEBUG: Crawled (200) <GET https://www.amazon.co.uk/robots.txt> (referer: None)
2019-07-13 19:02:08 [scrapy.downloadermiddlewares.redirect] DEBUG: Redirecting (302) to <GET https://help.imdb.com/article/imdb/general-information/site-index/GNCX7BHNSPBTFALQ> from <GET https://www.imdb.com/a2z>
2019-07-13 19:02:08 [scrapy.downloadermiddlewares.redirect] DEBUG: Redirecting (302) to <GET https://youtube.com/IMDb/> from <GET https://www.imdb.com/offsite/?page-action=fol_yt&token=BCYs9OZ2sSRzGwLi0eW2ddRYy-UJ--IZPiZMCbokWt_xPTnWUcl23p_ui0lqeUOv4J-omKiErrWy%0D%0AuAGkj4xZ43PW8WaDp3-Uc5SoQnsxadKnNQHAEOU_m-WXyLfQxUv8srIormi0_UVciN17-58EwzEJ%0D%0AOHrXi-VE3aoT_uhEKT5dHKVarK2jGf04fhQGPB8mgsFUaq3kUjdKGM8COPCaIpAFOQ%0D%0A>
2019-07-13 19:02:08 [scrapy.downloadermiddlewares.redirect] DEBUG: Redirecting (301) to <GET https://www.amazon.com/gp/BIT/InternetBasedAds/ref=bit_portal_intad?tag=imdbtag_ft_iba-20> from <GET https://www.amazon.com/InterestBasedAds?tag=imdbtag_ft_iba-20>
2019-07-13 19:02:08 [scrapy.downloadermiddlewares.redirect] DEBUG: Redirecting (301) to <GET https://www.dpreview.com:443/> from <GET http://www.dpreview.com>
2019-07-13 19:02:08 [scrapy.downloadermiddlewares.redirect] DEBUG: Redirecting (302) to <GET https://twitch.tv/IMDb/> from <GET https://www.imdb.com/offsite/?page-action=fol_twch&token=BCYirBWODWoO3bxR3TU_6NzlwA2rBtxlqfxPYigwJtUY2CPYualdBjIhuU0Cf3SuNm7HBFEMc8_V%0D%0AyPdMetiXVg-Bw7d6iL6OciOfrY9vuGG305k0YnFTa6W6q-fLae6bPXYV5cNLls8KqBXYZSpYDWQ8%0D%0A0u3OljjVvPQeKG0d1JTzEUW1Hqz9mB5nO7kkjK_bmOhWkXsh6J1qFpNhNHozLDMj2Q%0D%0A>
2019-07-13 19:02:08 [scrapy.downloadermiddlewares.redirect] DEBUG: Redirecting (302) to <GET https://www.amazon.jobs/node/robots.txt?locale=en> from <GET https://www.amazon.jobs/robots.txt>
2019-07-13 19:02:08 [scrapy.downloadermiddlewares.redirect] DEBUG: Redirecting (302) to <GET https://instagram.com/imdb/> from <GET https://www.imdb.com/offsite/?page-action=fol_inst&token=BCYs95j5gx7r_nlggjRC-BXz81Qy5r4B0hqhF6IdVOsFmQaEJ5gIGmbLGAgxpRT1DncLwdJwhtbU%0D%0ABFgrGZ2wqPQ3DFijQjRFb7geKP7LBAMZdLX0Yja_Uw4zEtMRVyQGtyXIQupysGJ0z6P87iSQZ2po%0D%0AQRh7OG1B5UdpDhXsPYfKPSjVMVc-2Ph4Lo8mCclROuQz%0D%0A>
2019-07-13 19:02:08 [scrapy.core.engine] DEBUG: Crawled (200) <GET https://www.dpreview.com:443/robots.txt> (referer: None)
2019-07-13 19:02:09 [scrapy.downloadermiddlewares.redirect] DEBUG: Redirecting (301) to <GET https://www.amazon.de/dvd-blu-ray-filme-3D-vhs-video/b?ie=UTF8&node=284266> from <GET https://www.amazon.de/b?ie=UTF8&node=284266&tag=imdbpr1-de-21>
2019-07-13 19:02:09 [scrapy.core.engine] DEBUG: Crawled (200) <GET https://www.boxofficemojo.com/robots.txt> (referer: None)
2019-07-13 19:02:09 [scrapy.core.engine] DEBUG: Crawled (404) <GET https://www.amazon.jobs/node/robots.txt?locale=en> (referer: None)
2019-07-13 19:02:09 [scrapy.downloadermiddlewares.redirect] DEBUG: Redirecting (302) to <GET https://twitter.com/imdb> from <GET https://www.imdb.com/offsite/?page-action=fol_tw&token=BCYvcIWYwTCyoNo_Qds7MCEnqxBtVqW4PJ4fyeHgw8E_4CEEBf71SQhkE8JqervzVa3zTVhtDP2J%0D%0A0ax6JjcDuk9buednU-VbbYvN9FvHG1VqC3O6r-wSjN7VM8Gg68kcRWDtz2YwywOxM6ip0_6pBcom%0D%0A_mJawDvvfTfo2-C9plAyE3nxH4Aj6dQqUW0-CuM6Bv18%0D%0A>
2019-07-13 19:02:09 [scrapy.downloadermiddlewares.retry] DEBUG: Retrying <GET https://www.amazon.co.uk/b?ie=UTF8&node=283926&tag=imdbpr1-uk-21> (failed 1 times): 503 Service Unavailable
2019-07-13 19:02:09 [scrapy.downloadermiddlewares.redirect] DEBUG: Redirecting (301) to <GET https://www.boxofficemojo.com/> from <GET http://www.boxofficemojo.com/>
2019-07-13 19:02:09 [scrapy.core.engine] DEBUG: Crawled (200) <GET https://www.amazon.com/gp/BIT/InternetBasedAds/ref=bit_portal_intad?tag=imdbtag_ft_iba-20> (referer: https://www.imdb.com/)
2019-07-13 19:02:09 [scrapy.core.engine] DEBUG: Crawled (200) <GET https://www.dpreview.com:443/> (referer: None)
2019-07-13 19:02:09 [scrapy.downloadermiddlewares.redirect] DEBUG: Redirecting (302) to <GET https://www.amazon.jobs/en/teams/imdb> from <GET https://www.amazon.jobs/teams/imdb>
2019-07-13 19:02:09 [scrapy.core.engine] DEBUG: Crawled (200) <GET https://www.audible.com/> (referer: None)
2019-07-13 19:02:09 [scrapy.core.scraper] DEBUG: Scraped from <200 https://www.amazon.com/gp/BIT/InternetBasedAds/ref=bit_portal_intad?tag=imdbtag_ft_iba-20>
{'url': 'https://www.amazon.com/gp/BIT/InternetBasedAds/ref=bit_portal_intad?tag=imdbtag_ft_iba-20'}
2019-07-13 19:02:09 [scrapy.core.engine] DEBUG: Crawled (200) <GET https://help.imdb.com/robots.txt> (referer: None)
2019-07-13 19:02:09 [scrapy.core.scraper] DEBUG: Scraped from <200 https://www.dpreview.com:443/>
{'url': 'https://www.dpreview.com:443/'}
2019-07-13 19:02:09 [scrapy.core.engine] DEBUG: Crawled (200) <GET https://twitter.com/robots.txt> (referer: None)
2019-07-13 19:02:09 [scrapy.core.scraper] DEBUG: Scraped from <200 https://www.audible.com/>
{'url': 'https://www.audible.com/'}
2019-07-13 19:02:09 [scrapy.core.engine] DEBUG: Crawled (404) <GET https://youtube.com/robots.txt> (referer: None)
2019-07-13 19:02:09 [scrapy.downloadermiddlewares.redirect] DEBUG: Redirecting (301) to <GET https://www.twitch.tv/robots.txt> from <GET https://twitch.tv/robots.txt>
2019-07-13 19:02:09 [scrapy.core.engine] DEBUG: Crawled (200) <GET https://www.boxofficemojo.com/> (referer: None)
2019-07-13 19:02:09 [scrapy.core.engine] DEBUG: Crawled (200) <GET https://instagram.com/robots.txt> (referer: None)
2019-07-13 19:02:09 [scrapy.downloadermiddlewares.robotstxt] DEBUG: Forbidden by robots.txt: <GET https://instagram.com/imdb/>
2019-07-13 19:02:09 [scrapy.downloadermiddlewares.redirect] DEBUG: Redirecting (302) to <GET https://www.facebook.com/imdb> from <GET https://www.imdb.com/offsite/?page-action=fol_fb&token=BCYqdTtKMC3d7K6FVK3scIIAbQ0NFwwdrHakVB9eyT5j8OvY_-Q8et6xSUD0MW96eqcGCoQVM36n%0D%0AgCqr3ws7gWAY0_1MLUq1HzeSRbjzbayeF7T5mFuDuKF6R89w3YpSC0o7FOVpnhoSy2TzkIo0dC0m%0D%0AynlGhYLE8kO6vCtBrJ1fDNCBbs6nu0KMOn54v2rea8lBtaPMlHO7ZAHQBCEcNS9uWQ%0D%0A>
2019-07-13 19:02:10 [scrapy.core.engine] DEBUG: Crawled (200) <GET https://www.amazon.de/dvd-blu-ray-filme-3D-vhs-video/b?ie=UTF8&node=284266> (referer: None)
2019-07-13 19:02:10 [scrapy.core.scraper] DEBUG: Scraped from <200 https://www.boxofficemojo.com/>
{'url': 'https://www.boxofficemojo.com/'}
2019-07-13 19:02:10 [scrapy.core.engine] DEBUG: Crawled (200) <GET https://www.amazon.fr/dvd-blu-ray-films/b?ie=UTF8&node=405322> (referer: None)
2019-07-13 19:02:10 [scrapy.core.engine] DEBUG: Crawled (200) <GET https://www.amazon.jobs/en/teams/imdb> (referer: https://www.imdb.com/)
2019-07-13 19:02:10 [scrapy.downloadermiddlewares.redirect] DEBUG: Redirecting (301) to <GET https://www.youtube.com/IMDb/> from <GET https://youtube.com/IMDb/>
2019-07-13 19:02:10 [scrapy.core.scraper] DEBUG: Scraped from <200 https://www.amazon.de/dvd-blu-ray-filme-3D-vhs-video/b?ie=UTF8&node=284266>
{'url': 'https://www.amazon.de/dvd-blu-ray-filme-3D-vhs-video/b?ie=UTF8&node=284266'}
2019-07-13 19:02:10 [scrapy.core.scraper] DEBUG: Scraped from <200 https://www.amazon.fr/dvd-blu-ray-films/b?ie=UTF8&node=405322>
{'url': 'https://www.amazon.fr/dvd-blu-ray-films/b?ie=UTF8&node=405322'}
2019-07-13 19:02:10 [scrapy.downloadermiddlewares.redirect] DEBUG: Redirecting (302) to <GET http://www.amazon.com/IMDb-Mobile-LLC-Movies-TV/dp/B004GISARW/?amp&amp&amp&amp&amp&amp&amp&tag=imdb-fire-housead-20> from <GET https://www.imdb.com/offsite/?page-action=ft_app_amazon&token=BCYujTm6_kvXzlp6Xi5MTTA_a6NeQnyaGC8DBOpyPIojKFqbbKZhD-ktiYmOKUewgGesBnrcQNs0%0D%0A9IYaAlPAIiMoOYa6eM_0T9iVfTvwOgSizYZPL0FmR5AJUM5yDTfuqlbGRblavD0Qs-hw5RwpAjx6%0D%0AxPp3vfltjKO0OzoF3OHyZJAvkXjMY-A56-VaAm_cHGoKGEnXPW8skMPgNR3x3tK2zCJMrFPC5XQo%0D%0AHe0oeVqc17Ktoj_UndCtssYaDO5uT-UjtIEe9iUYB1qNq8EHpFw6wA%0D%0A>
2019-07-13 19:02:10 [scrapy.core.scraper] DEBUG: Scraped from <200 https://www.amazon.jobs/en/teams/imdb>
{'url': 'https://www.amazon.jobs/en/teams/imdb'}
2019-07-13 19:02:10 [scrapy.core.engine] DEBUG: Crawled (200) <GET https://www.facebook.com/robots.txt> (referer: None)
2019-07-13 19:02:10 [scrapy.downloadermiddlewares.robotstxt] DEBUG: Forbidden by robots.txt: <GET https://www.facebook.com/imdb>
2019-07-13 19:02:10 [scrapy.core.engine] DEBUG: Crawled (200) <GET https://help.imdb.com/article/imdb/general-information/site-index/GNCX7BHNSPBTFALQ> (referer: https://www.imdb.com/)
2019-07-13 19:02:10 [scrapy.downloadermiddlewares.redirect] DEBUG: Redirecting (302) to <GET https://market.android.com/details?id=com.imdb.mobile> from <GET https://www.imdb.com/offsite/?page-action=ft_app_google&token=BCYmu3PCbE4_c6RVvJXb6YsDfekQ8NrKl6_TAysOkbetYTlyqhnMJLwQSNOa6jXaZRmqFfutN1Lh%0D%0ADC1wycQVAWAEa7MckI_Oj7VbxmJTRAa1yyf1bF_7SVv3H5vDczGSQOMJ-2Gf-o2VmrJwylb1-2d2%0D%0AnjpEfjGjQH_UoytHr5bo_IljmdYlij_a-HXyz9XAIU8wBbett-Iya8sCBWnkDeN5Gw%0D%0A>
2019-07-13 19:02:10 [scrapy.downloadermiddlewares.retry] DEBUG: Retrying <GET https://www.amazon.co.uk/b?ie=UTF8&node=283926&tag=imdbpr1-uk-21> (failed 2 times): 503 Service Unavailable
2019-07-13 19:02:10 [scrapy.downloadermiddlewares.redirect] DEBUG: Redirecting (301) to <GET https://www.amazon.com/IMDb-Mobile-LLC-Movies-TV/dp/B004GISARW/?amp&amp&amp&amp&amp&amp&amp&tag=imdb-fire-housead-20> from <GET http://www.amazon.com/IMDb-Mobile-LLC-Movies-TV/dp/B004GISARW/?amp&amp&amp&amp&amp&amp&amp&tag=imdb-fire-housead-20>
2019-07-13 19:02:10 [scrapy.core.engine] DEBUG: Crawled (200) <GET https://www.youtube.com/robots.txt> (referer: None)
2019-07-13 19:02:10 [scrapy.downloadermiddlewares.redirect] DEBUG: Redirecting (302) to <GET http://itunes.apple.com/app/imdb-movies-tv/id342792525> from <GET https://www.imdb.com/offsite/?page-action=ft_app_apple&token=BCYqgDdUJxTHL8grxGzK-EbeRHdy2zzq03DzLGtugw6_C0B_ZlvbAOWET3oqaVgnriZiBUJmClSh%0D%0Ax1biWI5FkBWNulvwu4m6B1-66jlJL3yrffjCKB0lLZKWVrSWbgvcSX1IN5jPVSW_FtdirCs1IZrU%0D%0AkmTbTqW7AM0Vjr-xYV_lRqNGJgbARVhc7rqkZD9hlHXMHiuH3WxaLHnhkzq-qYmPPiUo4ix_3tnD%0D%0AXP3S-_Z4eMQ%0D%0A>
2019-07-13 19:02:10 [scrapy.core.engine] DEBUG: Crawled (200) <GET http://itunes.apple.com/robots.txt> (referer: None)
2019-07-13 19:02:10 [scrapy.core.scraper] DEBUG: Scraped from <200 https://help.imdb.com/article/imdb/general-information/site-index/GNCX7BHNSPBTFALQ>
{'url': 'https://help.imdb.com/article/imdb/general-information/site-index/GNCX7BHNSPBTFALQ'}
2019-07-13 19:02:10 [scrapy.downloadermiddlewares.redirect] DEBUG: Redirecting (301) to <GET https://www.imdb.com/title/tt7555774/> from <GET https://www.imdb.com/title/tt7555774>
2019-07-13 19:02:10 [scrapy.downloadermiddlewares.redirect] DEBUG: Redirecting (301) to <GET https://www.imdb.com/title/tt3138122/> from <GET https://www.imdb.com/title/tt3138122>
2019-07-13 19:02:10 [scrapy.core.engine] DEBUG: Crawled (200) <GET https://www.amazon.com/b?ie=UTF8&node=2676882011&tag=imdbpr1-20> (referer: None)
2019-07-13 19:02:10 [scrapy.core.engine] DEBUG: Crawled (200) <GET https://twitter.com/imdb> (referer: https://www.imdb.com/)
2019-07-13 19:02:10 [scrapy.downloadermiddlewares.redirect] DEBUG: Redirecting (301) to <GET https://www.imdb.com/title/tt10026172/> from <GET https://www.imdb.com/title/tt10026172>
2019-07-13 19:02:10 [scrapy.downloadermiddlewares.redirect] DEBUG: Redirecting (301) to <GET https://www.imdb.com/title/tt5884004/> from <GET https://www.imdb.com/title/tt5884004>
2019-07-13 19:02:10 [scrapy.downloadermiddlewares.redirect] DEBUG: Redirecting (301) to <GET https://www.imdb.com/title/tt6105098/> from <GET https://www.imdb.com/title/tt6105098>
2019-07-13 19:02:10 [scrapy.core.scraper] DEBUG: Scraped from <200 https://www.amazon.com/b?ie=UTF8&node=2676882011&tag=imdbpr1-20>
{'url': 'https://www.amazon.com/b?ie=UTF8&node=2676882011&tag=imdbpr1-20'}
2019-07-13 19:02:10 [scrapy.core.scraper] DEBUG: Scraped from <200 https://twitter.com/imdb>
{'url': 'https://twitter.com/imdb'}
2019-07-13 19:02:10 [scrapy.downloadermiddlewares.redirect] DEBUG: Redirecting (301) to <GET https://www.imdb.com/title/tt6139732/> from <GET https://www.imdb.com/title/tt6139732>
2019-07-13 19:02:10 [scrapy.core.engine] DEBUG: Crawled (200) <GET https://www.twitch.tv/robots.txt> (referer: None)
2019-07-13 19:02:10 [scrapy.core.engine] DEBUG: Crawled (404) <GET https://market.android.com/robots.txt> (referer: None)
2019-07-13 19:02:10 [scrapy.downloadermiddlewares.retry] DEBUG: Gave up retrying <GET https://www.amazon.co.uk/b?ie=UTF8&node=283926&tag=imdbpr1-uk-21> (failed 3 times): 503 Service Unavailable
2019-07-13 19:02:10 [scrapy.core.engine] DEBUG: Crawled (503) <GET https://www.amazon.co.uk/b?ie=UTF8&node=283926&tag=imdbpr1-uk-21> (referer: https://www.imdb.com/)
2019-07-13 19:02:10 [scrapy.spidermiddlewares.httperror] INFO: Ignoring response <503 https://www.amazon.co.uk/b?ie=UTF8&node=283926&tag=imdbpr1-uk-21>: HTTP status code is not handled or not allowed
2019-07-13 19:02:10 [scrapy.downloadermiddlewares.redirect] DEBUG: Redirecting (301) to <GET https://apps.apple.com/app/imdb-movies-tv/id342792525> from <GET http://itunes.apple.com/app/imdb-movies-tv/id342792525>
2019-07-13 19:02:10 [scrapy.downloadermiddlewares.redirect] DEBUG: Redirecting (301) to <GET https://www.imdb.com/title/tt8350360/> from <GET https://www.imdb.com/title/tt8350360>
2019-07-13 19:02:10 [scrapy.core.engine] DEBUG: Crawled (200) <GET https://apps.apple.com/robots.txt> (referer: None)
2019-07-13 19:02:11 [scrapy.core.engine] DEBUG: Crawled (200) <GET https://www.imdb.com/showtimes/title/tt8350360> (referer: https://www.imdb.com/)
2019-07-13 19:02:11 [scrapy.core.scraper] DEBUG: Scraped from <200 https://www.imdb.com/showtimes/title/tt8350360>
{'url': 'https://www.imdb.com/showtimes/title/tt8350360'}
2019-07-13 19:02:11 [scrapy.downloadermiddlewares.redirect] DEBUG: Redirecting (301) to <GET https://www.amazon.com/IMDb-Mobile-LLC-Movies-TV/dp/B004GISARW> from <GET https://www.amazon.com/IMDb-Mobile-LLC-Movies-TV/dp/B004GISARW/?amp&amp&amp&amp&amp&amp&amp&tag=imdb-fire-housead-20>
2019-07-13 19:02:11 [scrapy.core.engine] DEBUG: Crawled (200) <GET https://www.imdb.com/title/tt3138122/> (referer: https://www.imdb.com/)
2019-07-13 19:02:11 [scrapy.core.engine] DEBUG: Crawled (200) <GET https://www.imdb.com/title/tt5884004/> (referer: https://www.imdb.com/)
2019-07-13 19:02:11 [scrapy.core.scraper] DEBUG: Scraped from <200 https://www.imdb.com/title/tt3138122/>
{'url': 'https://www.imdb.com/title/tt3138122/'}
2019-07-13 19:02:11 [scrapy.core.scraper] DEBUG: Scraped from <200 https://www.imdb.com/title/tt5884004/>
{'url': 'https://www.imdb.com/title/tt5884004/'}
2019-07-13 19:02:11 [scrapy.downloadermiddlewares.redirect] DEBUG: Redirecting (302) to <GET https://play.google.com/store/apps/details?id=com.imdb.mobile> from <GET https://market.android.com/details?id=com.imdb.mobile>
2019-07-13 19:02:11 [scrapy.core.engine] DEBUG: Crawled (200) <GET https://www.imdb.com/title/tt7555774/> (referer: https://www.imdb.com/)
2019-07-13 19:02:11 [scrapy.core.engine] DEBUG: Crawled (200) <GET https://www.imdb.com/title/tt10026172/> (referer: https://www.imdb.com/)
2019-07-13 19:02:11 [scrapy.core.engine] DEBUG: Crawled (200) <GET https://apps.apple.com/app/imdb-movies-tv/id342792525> (referer: None)
2019-07-13 19:02:11 [scrapy.core.scraper] DEBUG: Scraped from <200 https://www.imdb.com/title/tt7555774/>
{'url': 'https://www.imdb.com/title/tt7555774/'}
2019-07-13 19:02:11 [scrapy.core.scraper] DEBUG: Scraped from <200 https://www.imdb.com/title/tt10026172/>
{'url': 'https://www.imdb.com/title/tt10026172/'}
2019-07-13 19:02:11 [scrapy.core.scraper] DEBUG: Scraped from <200 https://apps.apple.com/app/imdb-movies-tv/id342792525>
{'url': 'https://apps.apple.com/app/imdb-movies-tv/id342792525'}
2019-07-13 19:02:11 [scrapy.core.engine] DEBUG: Crawled (200) <GET https://www.youtube.com/IMDb/> (referer: https://www.imdb.com/)
2019-07-13 19:02:11 [scrapy.downloadermiddlewares.redirect] DEBUG: Redirecting (301) to <GET https://www.imdb.com/title/tt1979376/> from <GET https://www.imdb.com/title/tt1979376>
2019-07-13 19:02:11 [scrapy.downloadermiddlewares.redirect] DEBUG: Redirecting (301) to <GET https://www.imdb.com/title/tt8079248/> from <GET https://www.imdb.com/title/tt8079248>
2019-07-13 19:02:11 [scrapy.core.engine] DEBUG: Crawled (200) <GET https://www.imdb.com/showtimes/title/tt8079248> (referer: https://www.imdb.com/)
2019-07-13 19:02:11 [scrapy.core.engine] DEBUG: Crawled (200) <GET https://play.google.com/robots.txt> (referer: None)
2019-07-13 19:02:11 [scrapy.downloadermiddlewares.redirect] DEBUG: Redirecting (301) to <GET https://www.twitch.tv/IMDb/> from <GET https://twitch.tv/IMDb/>
2019-07-13 19:02:12 [scrapy.core.scraper] DEBUG: Scraped from <200 https://www.youtube.com/IMDb/>
{'url': 'https://www.youtube.com/IMDb/'}
2019-07-13 19:02:12 [scrapy.core.scraper] DEBUG: Scraped from <200 https://www.imdb.com/showtimes/title/tt8079248>
{'url': 'https://www.imdb.com/showtimes/title/tt8079248'}
2019-07-13 19:02:12 [scrapy.downloadermiddlewares.redirect] DEBUG: Redirecting (301) to <GET https://www.imdb.com/title/tt6320628/> from <GET https://www.imdb.com/title/tt6320628>
2019-07-13 19:02:12 [scrapy.core.engine] DEBUG: Crawled (200) <GET https://www.twitch.tv/robots.txt> (referer: None)
2019-07-13 19:02:12 [scrapy.core.engine] DEBUG: Crawled (200) <GET https://www.imdb.com/chart/boxoffice> (referer: https://www.imdb.com/)
2019-07-13 19:02:12 [scrapy.core.engine] DEBUG: Crawled (200) <GET https://www.imdb.com/showtimes/title/tt6320628> (referer: https://www.imdb.com/)
2019-07-13 19:02:12 [scrapy.core.engine] DEBUG: Crawled (200) <GET https://www.imdb.com/title/tt6105098/> (referer: https://www.imdb.com/)
2019-07-13 19:02:12 [scrapy.core.scraper] DEBUG: Scraped from <200 https://www.imdb.com/chart/boxoffice>
{'url': 'https://www.imdb.com/chart/boxoffice'}
2019-07-13 19:02:12 [scrapy.core.scraper] DEBUG: Scraped from <200 https://www.imdb.com/showtimes/title/tt6320628>
{'url': 'https://www.imdb.com/showtimes/title/tt6320628'}
2019-07-13 19:02:12 [scrapy.core.engine] DEBUG: Crawled (200) <GET https://www.imdb.com/india/top-rated-telugu-movies/> (referer: https://www.imdb.com/)
2019-07-13 19:02:12 [scrapy.core.engine] DEBUG: Crawled (200) <GET https://www.imdb.com/title/tt8350360/> (referer: https://www.imdb.com/)
2019-07-13 19:02:12 [scrapy.core.engine] DEBUG: Crawled (200) <GET https://www.imdb.com/title/tt6139732/> (referer: https://www.imdb.com/)
2019-07-13 19:02:12 [scrapy.core.scraper] DEBUG: Scraped from <200 https://www.imdb.com/title/tt6105098/>
{'url': 'https://www.imdb.com/title/tt6105098/'}
2019-07-13 19:02:12 [scrapy.downloadermiddlewares.redirect] DEBUG: Redirecting (301) to <GET https://www.imdb.com/india/top-rated-malayalam-movies/> from <GET https://www.imdb.com/india/top-rated-malayalam-movies>
2019-07-13 19:02:12 [scrapy.core.scraper] DEBUG: Scraped from <200 https://www.imdb.com/india/top-rated-telugu-movies/>
{'url': 'https://www.imdb.com/india/top-rated-telugu-movies/'}
2019-07-13 19:02:12 [scrapy.core.scraper] DEBUG: Scraped from <200 https://www.imdb.com/title/tt8350360/>
{'url': 'https://www.imdb.com/title/tt8350360/'}
2019-07-13 19:02:12 [scrapy.core.scraper] DEBUG: Scraped from <200 https://www.imdb.com/title/tt6139732/>
{'url': 'https://www.imdb.com/title/tt6139732/'}
2019-07-13 19:02:13 [scrapy.core.engine] DEBUG: Crawled (200) <GET https://play.google.com/store/apps/details?id=com.imdb.mobile> (referer: https://www.imdb.com/)
2019-07-13 19:02:13 [scrapy.downloadermiddlewares.redirect] DEBUG: Redirecting (301) to <GET https://www.imdb.com/india/top-rated-tamil-movies/> from <GET https://www.imdb.com/india/top-rated-tamil-movies>
2019-07-13 19:02:13 [scrapy.core.scraper] DEBUG: Scraped from <200 https://play.google.com/store/apps/details?id=com.imdb.mobile>
{'url': 'https://play.google.com/store/apps/details?id=com.imdb.mobile'}
2019-07-13 19:02:13 [scrapy.core.engine] DEBUG: Crawled (200) <GET https://www.twitch.tv/IMDb/> (referer: https://www.imdb.com/)
2019-07-13 19:02:13 [scrapy.core.engine] DEBUG: Crawled (200) <GET https://www.amazon.com/IMDb-Mobile-LLC-Movies-TV/dp/B004GISARW> (referer: None)
2019-07-13 19:02:13 [scrapy.core.scraper] DEBUG: Scraped from <200 https://www.twitch.tv/IMDb/>
{'url': 'https://www.twitch.tv/IMDb/'}
2019-07-13 19:02:13 [scrapy.core.engine] DEBUG: Crawled (200) <GET https://www.imdb.com/title/tt8079248/> (referer: https://www.imdb.com/)
2019-07-13 19:02:13 [scrapy.core.engine] DEBUG: Crawled (200) <GET https://www.imdb.com/title/tt8206760/> (referer: https://www.imdb.com/)
2019-07-13 19:02:13 [scrapy.core.scraper] DEBUG: Scraped from <200 https://www.amazon.com/IMDb-Mobile-LLC-Movies-TV/dp/B004GISARW>
{'url': 'https://www.amazon.com/IMDb-Mobile-LLC-Movies-TV/dp/B004GISARW'}
2019-07-13 19:02:13 [scrapy.core.scraper] DEBUG: Scraped from <200 https://www.imdb.com/title/tt8079248/>
{'url': 'https://www.imdb.com/title/tt8079248/'}
2019-07-13 19:02:13 [scrapy.core.scraper] DEBUG: Scraped from <200 https://www.imdb.com/title/tt8206760/>
{'url': 'https://www.imdb.com/title/tt8206760/'}
2019-07-13 19:02:13 [scrapy.core.engine] DEBUG: Crawled (200) <GET https://www.imdb.com/title/tt1979376/> (referer: https://www.imdb.com/)
2019-07-13 19:02:14 [scrapy.core.scraper] DEBUG: Scraped from <200 https://www.imdb.com/title/tt1979376/>
{'url': 'https://www.imdb.com/title/tt1979376/'}
2019-07-13 19:02:14 [scrapy.core.engine] DEBUG: Crawled (200) <GET https://www.imdb.com/title/tt7881524/> (referer: https://www.imdb.com/)
2019-07-13 19:02:14 [scrapy.core.engine] DEBUG: Crawled (200) <GET https://www.imdb.com/title/tt7968456/> (referer: https://www.imdb.com/)
2019-07-13 19:02:14 [scrapy.core.scraper] DEBUG: Scraped from <200 https://www.imdb.com/title/tt7881524/>
{'url': 'https://www.imdb.com/title/tt7881524/'}
2019-07-13 19:02:14 [scrapy.core.scraper] DEBUG: Scraped from <200 https://www.imdb.com/title/tt7968456/>
{'url': 'https://www.imdb.com/title/tt7968456/'}
2019-07-13 19:02:14 [scrapy.core.engine] DEBUG: Crawled (200) <GET https://www.imdb.com/title/tt6320628/> (referer: https://www.imdb.com/)
2019-07-13 19:02:14 [scrapy.core.engine] DEBUG: Crawled (200) <GET https://www.imdb.com/title/tt9248972/> (referer: https://www.imdb.com/)
2019-07-13 19:02:14 [scrapy.core.engine] DEBUG: Crawled (200) <GET https://www.imdb.com/title/tt7189494/> (referer: https://www.imdb.com/)
2019-07-13 19:02:14 [scrapy.core.engine] DEBUG: Crawled (200) <GET https://www.imdb.com/title/tt8869978/> (referer: https://www.imdb.com/)
2019-07-13 19:02:14 [scrapy.core.scraper] DEBUG: Scraped from <200 https://www.imdb.com/title/tt6320628/>
{'url': 'https://www.imdb.com/title/tt6320628/'}
2019-07-13 19:02:14 [scrapy.core.scraper] DEBUG: Scraped from <200 https://www.imdb.com/title/tt9248972/>
{'url': 'https://www.imdb.com/title/tt9248972/'}
2019-07-13 19:02:14 [scrapy.core.scraper] DEBUG: Scraped from <200 https://www.imdb.com/title/tt7189494/>
{'url': 'https://www.imdb.com/title/tt7189494/'}
2019-07-13 19:02:14 [scrapy.core.scraper] DEBUG: Scraped from <200 https://www.imdb.com/title/tt8869978/>
{'url': 'https://www.imdb.com/title/tt8869978/'}
2019-07-13 19:02:14 [scrapy.core.engine] DEBUG: Crawled (200) <GET https://www.imdb.com/india/top-rated-malayalam-movies/> (referer: https://www.imdb.com/)
2019-07-13 19:02:14 [scrapy.core.scraper] DEBUG: Scraped from <200 https://www.imdb.com/india/top-rated-malayalam-movies/>
{'url': 'https://www.imdb.com/india/top-rated-malayalam-movies/'}
2019-07-13 19:02:14 [scrapy.core.engine] DEBUG: Crawled (200) <GET https://www.imdb.com/title/tt9239882/> (referer: https://www.imdb.com/)
2019-07-13 19:02:14 [scrapy.core.engine] DEBUG: Crawled (200) <GET https://www.imdb.com/title/tt8388508/> (referer: https://www.imdb.com/)
2019-07-13 19:02:14 [scrapy.downloadermiddlewares.redirect] DEBUG: Redirecting (301) to <GET https://www.imdb.com/title/tt3495000/> from <GET https://www.imdb.com/title/tt3495000>
2019-07-13 19:02:14 [scrapy.core.engine] DEBUG: Crawled (200) <GET https://www.imdb.com/title/tt9558468/> (referer: https://www.imdb.com/)
2019-07-13 19:02:14 [scrapy.core.scraper] DEBUG: Scraped from <200 https://www.imdb.com/title/tt9239882/>
{'url': 'https://www.imdb.com/title/tt9239882/'}
2019-07-13 19:02:14 [scrapy.core.scraper] DEBUG: Scraped from <200 https://www.imdb.com/title/tt8388508/>
{'url': 'https://www.imdb.com/title/tt8388508/'}
2019-07-13 19:02:15 [scrapy.core.engine] DEBUG: Crawled (200) <GET https://www.imdb.com/poll/p85VdzQ9QY4/> (referer: https://www.imdb.com/)
2019-07-13 19:02:15 [scrapy.downloadermiddlewares.redirect] DEBUG: Redirecting (301) to <GET https://www.imdb.com/title/tt0105271/> from <GET https://www.imdb.com/title/tt0105271>
2019-07-13 19:02:15 [scrapy.downloadermiddlewares.redirect] DEBUG: Redirecting (301) to <GET https://www.imdb.com/title/tt2395469/> from <GET https://www.imdb.com/title/tt2395469>
2019-07-13 19:02:15 [scrapy.core.engine] DEBUG: Crawled (200) <GET https://www.imdb.com/india/top-rated-tamil-movies/> (referer: https://www.imdb.com/)
2019-07-13 19:02:15 [scrapy.core.scraper] DEBUG: Scraped from <200 https://www.imdb.com/title/tt9558468/>
{'url': 'https://www.imdb.com/title/tt9558468/'}
2019-07-13 19:02:15 [scrapy.downloadermiddlewares.redirect] DEBUG: Redirecting (301) to <GET https://www.imdb.com/title/tt0488414/> from <GET https://www.imdb.com/title/tt0488414>
2019-07-13 19:02:15 [scrapy.core.scraper] DEBUG: Scraped from <200 https://www.imdb.com/poll/p85VdzQ9QY4/>
{'url': 'https://www.imdb.com/poll/p85VdzQ9QY4/'}
2019-07-13 19:02:15 [scrapy.downloadermiddlewares.redirect] DEBUG: Redirecting (301) to <GET https://www.imdb.com/title/tt0093603/> from <GET https://www.imdb.com/title/tt0093603>
2019-07-13 19:02:15 [scrapy.core.scraper] DEBUG: Scraped from <200 https://www.imdb.com/india/top-rated-tamil-movies/>
{'url': 'https://www.imdb.com/india/top-rated-tamil-movies/'}
2019-07-13 19:02:15 [scrapy.core.engine] DEBUG: Crawled (200) <GET https://www.imdb.com/title/tt6836936/> (referer: https://www.imdb.com/)
2019-07-13 19:02:15 [scrapy.downloadermiddlewares.redirect] DEBUG: Redirecting (302) to <GET https://getsatisfaction.com/imdb/topics/poll-suggestion-top-35-video-games-on-imdb> from <GET https://www.imdb.com/offsite/?page-action=offsite-getsatisfaction&token=BCYhiopEV4qtP1OOguvUVcT_ELi-46fVdw45twsuYBzD_OHCVufO1D-mP2PT_T2xRSuzTlZmZlzP%0D%0A6_IX-Wx-ZS1m-O8iY7kwyWDf9_JvgTzgRkiY5epA2EsqSuc4oGYC4Jul-0PlfWNsoRLke7chb7HZ%0D%0AVH-q2ntUZSlUsj9-Y_mHml5CMrP-rKbx0u6E3fruMhQKaH7MHoQR8fQdyMW8dHRxO_cJ9GHpOChO%0D%0AC6_rVLpFq2ityc9FMmghiXfVlRNDhcyD%0D%0A>
2019-07-13 19:02:15 [scrapy.downloadermiddlewares.redirect] DEBUG: Redirecting (301) to <GET https://www.imdb.com/name/nm5377144/> from <GET https://www.imdb.com/name/nm5377144>
2019-07-13 19:02:15 [scrapy.core.scraper] DEBUG: Scraped from <200 https://www.imdb.com/title/tt6836936/>
{'url': 'https://www.imdb.com/title/tt6836936/'}
2019-07-13 19:02:15 [scrapy.core.engine] DEBUG: Crawled (200) <GET https://www.imdb.com/comic-con/extreme-makeup-transformations/rg4258634496/mediaviewer/rm3038148864> (referer: https://www.imdb.com/)
2019-07-13 19:02:15 [scrapy.core.scraper] DEBUG: Scraped from <200 https://www.imdb.com/comic-con/extreme-makeup-transformations/rg4258634496/mediaviewer/rm3038148864>
{'url': 'https://www.imdb.com/comic-con/extreme-makeup-transformations/rg4258634496/mediaviewer/rm3038148864'}
2019-07-13 19:02:15 [scrapy.core.engine] DEBUG: Crawled (200) <GET https://www.imdb.com/comic-con/extreme-makeup-transformations/rg4258634496/mediaviewer/rm2104975616> (referer: https://www.imdb.com/)
2019-07-13 19:02:15 [scrapy.downloadermiddlewares.redirect] DEBUG: Redirecting (301) to <GET https://www.imdb.com/title/tt8637428/> from <GET https://www.imdb.com/title/tt8637428>
2019-07-13 19:02:16 [scrapy.core.scraper] DEBUG: Scraped from <200 https://www.imdb.com/comic-con/extreme-makeup-transformations/rg4258634496/mediaviewer/rm2104975616>
{'url': 'https://www.imdb.com/comic-con/extreme-makeup-transformations/rg4258634496/mediaviewer/rm2104975616'}
2019-07-13 19:02:16 [scrapy.core.engine] DEBUG: Crawled (200) <GET https://www.imdb.com/list/ls025720609/videoplayer/vi3104422425> (referer: https://www.imdb.com/)
2019-07-13 19:02:16 [scrapy.core.scraper] DEBUG: Scraped from <200 https://www.imdb.com/list/ls025720609/videoplayer/vi3104422425>
{'url': 'https://www.imdb.com/list/ls025720609/videoplayer/vi3104422425'}
2019-07-13 19:02:16 [scrapy.core.engine] DEBUG: Crawled (200) <GET https://www.imdb.com/title/tt3495000/> (referer: https://www.imdb.com/)
2019-07-13 19:02:16 [scrapy.core.engine] DEBUG: Crawled (200) <GET https://www.imdb.com/title/tt3104988/> (referer: https://www.imdb.com/)
2019-07-13 19:02:16 [scrapy.core.scraper] DEBUG: Scraped from <200 https://www.imdb.com/title/tt3495000/>
{'url': 'https://www.imdb.com/title/tt3495000/'}
2019-07-13 19:02:16 [scrapy.core.engine] DEBUG: Crawled (200) <GET https://getsatisfaction.com/robots.txt> (referer: None)
2019-07-13 19:02:16 [scrapy.core.scraper] DEBUG: Scraped from <200 https://www.imdb.com/title/tt3104988/>
{'url': 'https://www.imdb.com/title/tt3104988/'}
2019-07-13 19:02:16 [scrapy.core.engine] DEBUG: Crawled (200) <GET https://www.imdb.com/comic-con/extreme-makeup-transformations/rg4258634496/mediaviewer/rm4255297536> (referer: https://www.imdb.com/)
2019-07-13 19:02:16 [scrapy.downloadermiddlewares.redirect] DEBUG: Redirecting (301) to <GET https://www.imdb.com/name/nm0001765/> from <GET https://www.imdb.com/name/nm0001765>
2019-07-13 19:02:16 [scrapy.core.scraper] DEBUG: Scraped from <200 https://www.imdb.com/comic-con/extreme-makeup-transformations/rg4258634496/mediaviewer/rm4255297536>
{'url': 'https://www.imdb.com/comic-con/extreme-makeup-transformations/rg4258634496/mediaviewer/rm4255297536'}
2019-07-13 19:02:16 [scrapy.core.engine] DEBUG: Crawled (200) <GET https://www.imdb.com/title/tt2395469/> (referer: https://www.imdb.com/)
2019-07-13 19:02:16 [scrapy.core.scraper] DEBUG: Scraped from <200 https://www.imdb.com/title/tt2395469/>
{'url': 'https://www.imdb.com/title/tt2395469/'}
2019-07-13 19:02:16 [scrapy.downloadermiddlewares.redirect] DEBUG: Redirecting (301) to <GET https://www.imdb.com/name/nm2187603/> from <GET https://www.imdb.com/name/nm2187603>
2019-07-13 19:02:16 [scrapy.core.engine] DEBUG: Crawled (200) <GET https://www.imdb.com/comic-con/extreme-makeup-transformations/rg4258634496/> (referer: https://www.imdb.com/)
2019-07-13 19:02:17 [scrapy.core.scraper] DEBUG: Scraped from <200 https://www.imdb.com/comic-con/extreme-makeup-transformations/rg4258634496/>
{'url': 'https://www.imdb.com/comic-con/extreme-makeup-transformations/rg4258634496/'}
2019-07-13 19:02:17 [scrapy.downloadermiddlewares.redirect] DEBUG: Redirecting (301) to <GET https://www.imdb.com/name/nm0355097/> from <GET https://www.imdb.com/name/nm0355097>
2019-07-13 19:02:17 [scrapy.core.engine] DEBUG: Crawled (200) <GET https://www.imdb.com/title/tt0105271/> (referer: https://www.imdb.com/)
2019-07-13 19:02:17 [scrapy.downloadermiddlewares.redirect] DEBUG: Redirecting (301) to <GET https://www.imdb.com/name/nm3564817/> from <GET https://www.imdb.com/name/nm3564817>
2019-07-13 19:02:17 [scrapy.core.scraper] DEBUG: Scraped from <200 https://www.imdb.com/title/tt0105271/>
{'url': 'https://www.imdb.com/title/tt0105271/'}
2019-07-13 19:02:17 [scrapy.core.engine] DEBUG: Crawled (200) <GET https://www.imdb.com/title/tt8637428/> (referer: https://www.imdb.com/)
2019-07-13 19:02:17 [scrapy.core.engine] DEBUG: Crawled (200) <GET https://www.imdb.com/title/tt0093603/> (referer: https://www.imdb.com/)
2019-07-13 19:02:17 [scrapy.core.engine] DEBUG: Crawled (200) <GET https://www.imdb.com/name/nm5377144/> (referer: https://www.imdb.com/)
2019-07-13 19:02:17 [scrapy.downloadermiddlewares.redirect] DEBUG: Redirecting (301) to <GET https://www.imdb.com/name/nm0528331/> from <GET https://www.imdb.com/name/nm0528331>
2019-07-13 19:02:17 [scrapy.core.scraper] DEBUG: Scraped from <200 https://www.imdb.com/title/tt8637428/>
{'url': 'https://www.imdb.com/title/tt8637428/'}
2019-07-13 19:02:17 [scrapy.core.scraper] DEBUG: Scraped from <200 https://www.imdb.com/title/tt0093603/>
{'url': 'https://www.imdb.com/title/tt0093603/'}
2019-07-13 19:02:17 [scrapy.core.scraper] DEBUG: Scraped from <200 https://www.imdb.com/name/nm5377144/>
{'url': 'https://www.imdb.com/name/nm5377144/'}
2019-07-13 19:02:17 [scrapy.core.engine] DEBUG: Crawled (200) <GET https://www.imdb.com/title/tt0488414/> (referer: https://www.imdb.com/)
2019-07-13 19:02:17 [scrapy.core.scraper] DEBUG: Scraped from <200 https://www.imdb.com/title/tt0488414/>
{'url': 'https://www.imdb.com/title/tt0488414/'}
2019-07-13 19:02:18 [scrapy.downloadermiddlewares.redirect] DEBUG: Redirecting (301) to <GET https://www.imdb.com/search/name/?refine=birth_monthday&birth_monthday=7-14> from <GET https://www.imdb.com/search/name?refine=birth_monthday&birth_monthday=7-14>
2019-07-13 19:02:18 [scrapy.core.engine] DEBUG: Crawled (200) <GET https://www.imdb.com/comic-con/photos-we-love/rg1641716480/> (referer: https://www.imdb.com/)
2019-07-13 19:02:18 [scrapy.core.engine] DEBUG: Crawled (200) <GET https://www.imdb.com/news/ni62547735> (referer: https://www.imdb.com/)
2019-07-13 19:02:18 [scrapy.core.scraper] DEBUG: Scraped from <200 https://www.imdb.com/comic-con/photos-we-love/rg1641716480/>
{'url': 'https://www.imdb.com/comic-con/photos-we-love/rg1641716480/'}
2019-07-13 19:02:18 [scrapy.core.scraper] DEBUG: Scraped from <200 https://www.imdb.com/news/ni62547735>
{'url': 'https://www.imdb.com/news/ni62547735'}
2019-07-13 19:02:18 [scrapy.core.engine] DEBUG: Crawled (200) <GET https://www.imdb.com/name/nm0001765/> (referer: https://www.imdb.com/)
2019-07-13 19:02:18 [scrapy.core.engine] DEBUG: Crawled (200) <GET https://getsatisfaction.com/imdb/topics/poll-suggestion-top-35-video-games-on-imdb> (referer: https://www.imdb.com/)
2019-07-13 19:02:18 [scrapy.core.engine] DEBUG: Crawled (200) <GET https://www.imdb.com/name/nm2187603/> (referer: https://www.imdb.com/)
2019-07-13 19:02:18 [scrapy.core.scraper] DEBUG: Scraped from <200 https://www.imdb.com/name/nm0001765/>
{'url': 'https://www.imdb.com/name/nm0001765/'}
2019-07-13 19:02:18 [scrapy.core.scraper] DEBUG: Scraped from <200 https://getsatisfaction.com/imdb/topics/poll-suggestion-top-35-video-games-on-imdb>
{'url': 'https://getsatisfaction.com/imdb/topics/poll-suggestion-top-35-video-games-on-imdb'}
2019-07-13 19:02:18 [scrapy.core.scraper] DEBUG: Scraped from <200 https://www.imdb.com/name/nm2187603/>
{'url': 'https://www.imdb.com/name/nm2187603/'}
2019-07-13 19:02:19 [scrapy.core.engine] DEBUG: Crawled (200) <GET https://www.imdb.com/name/nm0355097/> (referer: https://www.imdb.com/)
2019-07-13 19:02:19 [scrapy.core.scraper] DEBUG: Scraped from <200 https://www.imdb.com/name/nm0355097/>
{'url': 'https://www.imdb.com/name/nm0355097/'}
2019-07-13 19:02:19 [scrapy.core.engine] DEBUG: Crawled (200) <GET https://www.imdb.com/news/ni62547728> (referer: https://www.imdb.com/)
2019-07-13 19:02:19 [scrapy.core.scraper] DEBUG: Scraped from <200 https://www.imdb.com/news/ni62547728>
{'url': 'https://www.imdb.com/news/ni62547728'}
2019-07-13 19:02:19 [scrapy.core.engine] DEBUG: Crawled (200) <GET https://www.imdb.com/list/ls049940693/videoplayer/vi370850841> (referer: https://www.imdb.com/)
2019-07-13 19:02:19 [scrapy.core.scraper] DEBUG: Scraped from <200 https://www.imdb.com/list/ls049940693/videoplayer/vi370850841>
{'url': 'https://www.imdb.com/list/ls049940693/videoplayer/vi370850841'}
2019-07-13 19:02:19 [scrapy.core.engine] DEBUG: Crawled (200) <GET https://www.imdb.com/name/nm3564817/> (referer: https://www.imdb.com/)
2019-07-13 19:02:19 [scrapy.core.scraper] DEBUG: Scraped from <200 https://www.imdb.com/name/nm3564817/>
{'url': 'https://www.imdb.com/name/nm3564817/'}
2019-07-13 19:02:20 [scrapy.core.engine] DEBUG: Crawled (200) <GET https://www.imdb.com/search/name/?refine=birth_monthday&birth_monthday=7-14> (referer: https://www.imdb.com/)
2019-07-13 19:02:20 [scrapy.downloadermiddlewares.robotstxt] DEBUG: Forbidden by robots.txt: <GET https://www.imdb.com/registration/signin?u=https%3A//www.imdb.com/>
2019-07-13 19:02:20 [scrapy.core.scraper] DEBUG: Scraped from <200 https://www.imdb.com/search/name/?refine=birth_monthday&birth_monthday=7-14>
{'url': 'https://www.imdb.com/search/name/?refine=birth_monthday&birth_monthday=7-14'}
2019-07-13 19:02:20 [scrapy.core.engine] DEBUG: Crawled (200) <GET https://www.imdb.com/title/tt4154796/> (referer: https://www.imdb.com/)
2019-07-13 19:02:20 [scrapy.core.scraper] DEBUG: Scraped from <200 https://www.imdb.com/title/tt4154796/>
{'url': 'https://www.imdb.com/title/tt4154796/'}
2019-07-13 19:02:20 [scrapy.core.engine] DEBUG: Crawled (200) <GET https://www.imdb.com/comic-con/marvel-dc-cosplay/rg114662144/mediaviewer/rm2854896128> (referer: https://www.imdb.com/)
2019-07-13 19:02:20 [scrapy.core.engine] DEBUG: Crawled (200) <GET https://www.imdb.com/comic-con/marvel-dc-cosplay/rg114662144/mediaviewer/rm4024717568> (referer: https://www.imdb.com/)
2019-07-13 19:02:20 [scrapy.core.engine] DEBUG: Crawled (200) <GET https://www.imdb.com/comic-con/photos-we-love/rg1641716480/mediaviewer/rm2876611585> (referer: https://www.imdb.com/)
2019-07-13 19:02:20 [scrapy.core.scraper] DEBUG: Scraped from <200 https://www.imdb.com/comic-con/marvel-dc-cosplay/rg114662144/mediaviewer/rm2854896128>
{'url': 'https://www.imdb.com/comic-con/marvel-dc-cosplay/rg114662144/mediaviewer/rm2854896128'}
2019-07-13 19:02:20 [scrapy.core.scraper] DEBUG: Scraped from <200 https://www.imdb.com/comic-con/marvel-dc-cosplay/rg114662144/mediaviewer/rm4024717568>
{'url': 'https://www.imdb.com/comic-con/marvel-dc-cosplay/rg114662144/mediaviewer/rm4024717568'}
2019-07-13 19:02:20 [scrapy.core.scraper] DEBUG: Scraped from <200 https://www.imdb.com/comic-con/photos-we-love/rg1641716480/mediaviewer/rm2876611585>
{'url': 'https://www.imdb.com/comic-con/photos-we-love/rg1641716480/mediaviewer/rm2876611585'}
2019-07-13 19:02:20 [scrapy.downloadermiddlewares.redirect] DEBUG: Redirecting (301) to <GET https://www.imdb.com/trailers/> from <GET https://www.imdb.com/trailers>
2019-07-13 19:02:21 [scrapy.downloadermiddlewares.redirect] DEBUG: Redirecting (301) to <GET https://www.imdb.com/comic-con/marvel-dc-cosplay/rg114662144/> from <GET https://www.imdb.com/comic-con/marvel-dc-cosplay/rg114662144>
2019-07-13 19:02:21 [scrapy.core.engine] DEBUG: Crawled (200) <GET https://www.imdb.com/list/ls049684270/videoplayer/vi2166078489> (referer: https://www.imdb.com/)
2019-07-13 19:02:21 [scrapy.core.scraper] DEBUG: Scraped from <200 https://www.imdb.com/list/ls049684270/videoplayer/vi2166078489>
{'url': 'https://www.imdb.com/list/ls049684270/videoplayer/vi2166078489'}
2019-07-13 19:02:21 [scrapy.core.engine] DEBUG: Crawled (200) <GET https://www.imdb.com/title/tt0944947/> (referer: https://www.imdb.com/)
2019-07-13 19:02:21 [scrapy.core.scraper] DEBUG: Scraped from <200 https://www.imdb.com/title/tt0944947/>
{'url': 'https://www.imdb.com/title/tt0944947/'}
2019-07-13 19:02:21 [scrapy.core.engine] DEBUG: Crawled (200) <GET https://www.imdb.com/title/tt0076759/> (referer: https://www.imdb.com/)
2019-07-13 19:02:21 [scrapy.downloadermiddlewares.redirect] DEBUG: Redirecting (302) to <GET https://youtube.com/IMDb/> from <GET https://www.imdb.com/offsite/?page-action=fol_yt&token=BCYlx4SyuLuVmOktkx1FLbpFyDZpvX-rgIWSZ-FfX2FtESPw67whS5yw_umIqj3gSWVQMH8-w2bY%0D%0A8r0CSFDJyILe-_Q4OYpR-UmgU6f0bp8TjJFMrCCa0K2RPV7u7xNE-FowygpC2q32nEXb9Y4m9--o%0D%0AkUcKrwv2iyACuZ6b_bYfuEX6qiBhK-Guay2bX71UGkvdbFwLHH5wmkI0T2teghpCTg%0D%0A>
2019-07-13 19:02:21 [scrapy.core.scraper] DEBUG: Scraped from <200 https://www.imdb.com/title/tt0076759/>
{'url': 'https://www.imdb.com/title/tt0076759/'}
2019-07-13 19:02:22 [scrapy.downloadermiddlewares.redirect] DEBUG: Redirecting (302) to <GET https://twitter.com/imdb> from <GET https://www.imdb.com/offsite/?page-action=fol_tw&token=BCYkgw0_FCoUIiqpx3v8aFA11FsQVvALYBe3cr8h3BieDryYfBEEL3fXuB8kLpw9daNW5GQRk-oy%0D%0AjhpagmIxSVTNorl0df1Oc7-tH2YdudmHkz_EZAw0cWu_aHSJdY6-YdI45HkI9W-R4jS28vC9Z8v6%0D%0A_U4B9PsUbOkfZd3nGG71rMzO6zkY8enqtjT8E_BLY-dZ%0D%0A>
2019-07-13 19:02:22 [scrapy.downloadermiddlewares.redirect] DEBUG: Redirecting (302) to <GET https://twitch.tv/IMDb/> from <GET https://www.imdb.com/offsite/?page-action=fol_twch&token=BCYjk3o0wcictRQiR1Q7XgfCfPjOhxr4xsWkG42cBnGjjwQ3NYzNR82soSgFj9ayXZwP2lQart2b%0D%0AOA57V8T1fUf-skUJzmRYZkfyMccsygRb-73Sym9HAb2DAMHiygNyEuCR_HzIJtpd_no-Wl8U6hS5%0D%0AGMmcHaXfIgyPYUIvSntMTyGjOuHH3tC_uCfrylSl5okUWCPfRAqCClVKj7c19KFQZg%0D%0A>
2019-07-13 19:02:22 [scrapy.core.engine] DEBUG: Crawled (200) <GET https://www.imdb.com/title/tt4574334/> (referer: https://www.imdb.com/)
2019-07-13 19:02:22 [scrapy.core.engine] DEBUG: Crawled (200) <GET https://www.imdb.com/list/ls049940693/videoplayer/vi926923801> (referer: https://www.imdb.com/)
2019-07-13 19:02:22 [scrapy.core.scraper] DEBUG: Scraped from <200 https://www.imdb.com/title/tt4574334/>
{'url': 'https://www.imdb.com/title/tt4574334/'}
2019-07-13 19:02:22 [scrapy.core.scraper] DEBUG: Scraped from <200 https://www.imdb.com/list/ls049940693/videoplayer/vi926923801>
{'url': 'https://www.imdb.com/list/ls049940693/videoplayer/vi926923801'}
2019-07-13 19:02:22 [scrapy.downloadermiddlewares.redirect] DEBUG: Redirecting (302) to <GET https://instagram.com/imdb/> from <GET https://www.imdb.com/offsite/?page-action=fol_inst&token=BCYrTAqc5h873eWK0cbwSgjXESovTZaaujV7dIa6S1o4l2bvikSUXZ5xWHsvrB2UvBkkUdzIKvDd%0D%0AMcCVKQ6gUbsBzKFLhSiKCXRZOCR4yDaTt-bJrPOTBNu0GABGGrP8IcNFZre1wH-fP3J9bHyZ2Yxs%0D%0AOO7nhUZEcEEHFW7_wBhYJk2BYIKpfxyAjcKd_EwXCTzb%0D%0A>
2019-07-13 19:02:22 [scrapy.downloadermiddlewares.redirect] DEBUG: Redirecting (302) to <GET https://www.imdb.com/registration/signin?u=https%3A%2F%2Fwww.imdb.com%2Flist%2Fwatchlist> from <GET https://www.imdb.com/list/watchlist>
2019-07-13 19:02:22 [scrapy.downloadermiddlewares.redirect] DEBUG: Redirecting (302) to <GET https://www.facebook.com/imdb> from <GET https://www.imdb.com/offsite/?page-action=fol_fb&token=BCYgIMCuyMdMrMIUdOW7pG5fLN1H-HnUf8tdRnsiCukSfDkzUt7Ik_sX9B5iiuqrrUujwqM3vpJ_%0D%0A2XP9OHXR6EpqzcCSSP-AliIYrL2zr6ADVf9THpMXdSkRlrpExDslN3_pOhJZsE8rOtrcfLsAYHlb%0D%0ASh_eyPhNn2WDiOEhNZYNaydSHaJJJxUVOW62cxl2T5xlZykknQQh6J_EaUCAdJTlQQ%0D%0A>
2019-07-13 19:02:22 [scrapy.downloadermiddlewares.robotstxt] DEBUG: Forbidden by robots.txt: <GET https://www.imdb.com/registration/signin?u=https%3A%2F%2Fwww.imdb.com%2Flist%2Fwatchlist>
2019-07-13 19:02:22 [scrapy.core.engine] DEBUG: Crawled (200) <GET https://www.imdb.com/list/ls053181649/videoplayer/vi1411365913> (referer: https://www.imdb.com/)
2019-07-13 19:02:22 [scrapy.core.scraper] DEBUG: Scraped from <200 https://www.imdb.com/list/ls053181649/videoplayer/vi1411365913>
{'url': 'https://www.imdb.com/list/ls053181649/videoplayer/vi1411365913'}
2019-07-13 19:02:22 [scrapy.core.engine] DEBUG: Crawled (200) <GET https://www.imdb.com/name/nm0003620/> (referer: https://www.imdb.com/)
2019-07-13 19:02:22 [scrapy.core.engine] DEBUG: Crawled (200) <GET https://www.imdb.com/comic-con/marvel-dc-cosplay/rg114662144/> (referer: https://www.imdb.com/)
2019-07-13 19:02:22 [scrapy.core.scraper] DEBUG: Scraped from <200 https://www.imdb.com/name/nm0003620/>
{'url': 'https://www.imdb.com/name/nm0003620/'}
2019-07-13 19:02:22 [scrapy.core.engine] DEBUG: Crawled (200) <GET https://www.imdb.com/news/tv> (referer: https://www.imdb.com/)
2019-07-13 19:02:22 [scrapy.core.scraper] DEBUG: Scraped from <200 https://www.imdb.com/comic-con/marvel-dc-cosplay/rg114662144/>
{'url': 'https://www.imdb.com/comic-con/marvel-dc-cosplay/rg114662144/'}
2019-07-13 19:02:23 [scrapy.core.scraper] DEBUG: Scraped from <200 https://www.imdb.com/news/tv>
{'url': 'https://www.imdb.com/news/tv'}
2019-07-13 19:02:23 [scrapy.core.engine] DEBUG: Crawled (200) <GET https://www.imdb.com/news/indie> (referer: https://www.imdb.com/)
2019-07-13 19:02:23 [scrapy.core.engine] DEBUG: Crawled (200) <GET https://www.imdb.com/news/ni62546823> (referer: https://www.imdb.com/)
2019-07-13 19:02:23 [scrapy.core.scraper] DEBUG: Scraped from <200 https://www.imdb.com/news/indie>
{'url': 'https://www.imdb.com/news/indie'}
2019-07-13 19:02:23 [scrapy.core.engine] DEBUG: Crawled (200) <GET https://www.imdb.com/news/ni62547733> (referer: https://www.imdb.com/)
2019-07-13 19:02:23 [scrapy.core.scraper] DEBUG: Scraped from <200 https://www.imdb.com/news/ni62546823>
{'url': 'https://www.imdb.com/news/ni62546823'}
2019-07-13 19:02:23 [scrapy.downloadermiddlewares.redirect] DEBUG: Redirecting (302) to <GET https://contribute.imdb.com/czone> from <GET https://www.imdb.com/czone/>
2019-07-13 19:02:23 [scrapy.core.scraper] DEBUG: Scraped from <200 https://www.imdb.com/news/ni62547733>
{'url': 'https://www.imdb.com/news/ni62547733'}
2019-07-13 19:02:23 [scrapy.core.engine] DEBUG: Crawled (200) <GET https://www.imdb.com/news/ni62547738> (referer: https://www.imdb.com/)
2019-07-13 19:02:23 [scrapy.core.engine] DEBUG: Crawled (200) <GET https://www.imdb.com/list/ls025849840/videoplayer/vi186498073> (referer: https://www.imdb.com/)
2019-07-13 19:02:23 [scrapy.core.scraper] DEBUG: Scraped from <200 https://www.imdb.com/news/ni62547738>
{'url': 'https://www.imdb.com/news/ni62547738'}
2019-07-13 19:02:23 [scrapy.core.scraper] DEBUG: Scraped from <200 https://www.imdb.com/list/ls025849840/videoplayer/vi186498073>
{'url': 'https://www.imdb.com/list/ls025849840/videoplayer/vi186498073'}
2019-07-13 19:02:23 [scrapy.core.engine] DEBUG: Crawled (200) <GET https://www.imdb.com/event/all/> (referer: https://www.imdb.com/)
2019-07-13 19:02:24 [scrapy.core.engine] DEBUG: Crawled (200) <GET https://www.imdb.com/news/top> (referer: https://www.imdb.com/)
2019-07-13 19:02:24 [scrapy.core.scraper] DEBUG: Scraped from <200 https://www.imdb.com/event/all/>
{'url': 'https://www.imdb.com/event/all/'}
2019-07-13 19:02:24 [scrapy.core.scraper] DEBUG: Scraped from <200 https://www.imdb.com/news/top>
{'url': 'https://www.imdb.com/news/top'}
2019-07-13 19:02:24 [scrapy.core.engine] DEBUG: Crawled (200) <GET https://www.imdb.com/poll/> (referer: https://www.imdb.com/)
2019-07-13 19:02:24 [scrapy.core.engine] DEBUG: Crawled (200) <GET https://www.imdb.com/news/movie> (referer: https://www.imdb.com/)
2019-07-13 19:02:24 [scrapy.downloadermiddlewares.redirect] DEBUG: Redirecting (301) to <GET https://www.imdb.com/search/name/?gender=male,female> from <GET https://www.imdb.com/search/name?gender=male,female>
2019-07-13 19:02:24 [scrapy.core.scraper] DEBUG: Scraped from <200 https://www.imdb.com/poll/>
{'url': 'https://www.imdb.com/poll/'}
2019-07-13 19:02:24 [scrapy.core.engine] DEBUG: Crawled (200) <GET https://www.imdb.com/name/nm1289434/?ref_=nv_cel_dflt_1> (referer: https://www.imdb.com/)
2019-07-13 19:02:24 [scrapy.core.scraper] DEBUG: Scraped from <200 https://www.imdb.com/news/movie>
{'url': 'https://www.imdb.com/news/movie'}
2019-07-13 19:02:24 [scrapy.core.scraper] DEBUG: Scraped from <200 https://www.imdb.com/name/nm1289434/?ref_=nv_cel_dflt_1>
{'url': 'https://www.imdb.com/name/nm1289434/?ref_=nv_cel_dflt_1'}
2019-07-13 19:02:24 [scrapy.core.engine] DEBUG: Crawled (200) <GET https://contribute.imdb.com/robots.txt> (referer: None)
2019-07-13 19:02:24 [scrapy.core.engine] DEBUG: Crawled (200) <GET https://www.imdb.com/gallery/rg1859820288> (referer: https://www.imdb.com/)
2019-07-13 19:02:24 [scrapy.core.engine] DEBUG: Crawled (200) <GET https://www.imdb.com/awards-central/> (referer: https://www.imdb.com/)
2019-07-13 19:02:24 [scrapy.core.engine] DEBUG: Crawled (200) <GET https://www.imdb.com/lafilmfest/> (referer: https://www.imdb.com/)
2019-07-13 19:02:24 [scrapy.core.scraper] DEBUG: Scraped from <200 https://www.imdb.com/gallery/rg1859820288>
{'url': 'https://www.imdb.com/gallery/rg1859820288'}
2019-07-13 19:02:24 [scrapy.core.scraper] DEBUG: Scraped from <200 https://www.imdb.com/awards-central/>
{'url': 'https://www.imdb.com/awards-central/'}
2019-07-13 19:02:24 [scrapy.core.scraper] DEBUG: Scraped from <200 https://www.imdb.com/lafilmfest/>
{'url': 'https://www.imdb.com/lafilmfest/'}
2019-07-13 19:02:24 [scrapy.downloadermiddlewares.redirect] DEBUG: Redirecting (301) to <GET https://www.imdb.com/whats-on-tv/> from <GET https://www.imdb.com/streaming/>
2019-07-13 19:02:24 [scrapy.downloadermiddlewares.redirect] DEBUG: Redirecting (302) to <GET https://www.imdb.com/list/ls016522954/> from <GET https://www.imdb.com/sections/dvd/>
2019-07-13 19:02:24 [scrapy.core.engine] DEBUG: Crawled (200) <GET https://www.imdb.com/imdbpicks/> (referer: https://www.imdb.com/)
2019-07-13 19:02:24 [scrapy.core.engine] DEBUG: Crawled (200) <GET https://www.imdb.com/originals/> (referer: https://www.imdb.com/)
2019-07-13 19:02:25 [scrapy.core.scraper] DEBUG: Scraped from <200 https://www.imdb.com/imdbpicks/>
{'url': 'https://www.imdb.com/imdbpicks/'}
2019-07-13 19:02:25 [scrapy.core.scraper] DEBUG: Scraped from <200 https://www.imdb.com/originals/>
{'url': 'https://www.imdb.com/originals/'}
2019-07-13 19:02:25 [scrapy.downloadermiddlewares.redirect] DEBUG: Redirecting (302) to <GET https://www.imdb.com/feature/genre/> from <GET https://www.imdb.com/genre/>
2019-07-13 19:02:25 [scrapy.core.engine] DEBUG: Crawled (200) <GET https://www.imdb.com/scary-good/> (referer: https://www.imdb.com/)
2019-07-13 19:02:25 [scrapy.core.engine] DEBUG: Crawled (200) <GET https://contribute.imdb.com/czone> (referer: https://www.imdb.com/)
2019-07-13 19:02:25 [scrapy.core.scraper] DEBUG: Scraped from <200 https://www.imdb.com/scary-good/>
{'url': 'https://www.imdb.com/scary-good/'}
2019-07-13 19:02:25 [scrapy.core.engine] DEBUG: Crawled (200) <GET https://www.imdb.com/amazon-originals/> (referer: https://www.imdb.com/)
2019-07-13 19:02:25 [scrapy.core.scraper] DEBUG: Scraped from <200 https://contribute.imdb.com/czone>
{'url': 'https://contribute.imdb.com/czone'}
2019-07-13 19:02:25 [scrapy.downloadermiddlewares.redirect] DEBUG: Redirecting (302) to <GET https://www.imdb.com/chart/boxoffice> from <GET https://www.imdb.com/chart/>
2019-07-13 19:02:25 [scrapy.downloadermiddlewares.redirect] DEBUG: Redirecting (301) to <GET https://www.imdb.com/search/title/?count=100&groups=oscar_best_picture_winners&sort=year,desc> from <GET https://www.imdb.com/search/title?count=100&groups=oscar_best_picture_winners&sort=year,desc>
2019-07-13 19:02:25 [scrapy.core.scraper] DEBUG: Scraped from <200 https://www.imdb.com/amazon-originals/>
{'url': 'https://www.imdb.com/amazon-originals/'}
2019-07-13 19:02:25 [scrapy.downloadermiddlewares.redirect] DEBUG: Redirecting (301) to <GET https://www.imdb.com/india/top-rated-indian-movies/> from <GET https://www.imdb.com/india/top-rated-indian-movies>
2019-07-13 19:02:25 [scrapy.core.engine] DEBUG: Crawled (200) <GET https://www.imdb.com/family-entertainment-guide/> (referer: https://www.imdb.com/)
2019-07-13 19:02:25 [scrapy.core.scraper] DEBUG: Scraped from <200 https://www.imdb.com/family-entertainment-guide/>
{'url': 'https://www.imdb.com/family-entertainment-guide/'}
2019-07-13 19:02:25 [scrapy.core.engine] DEBUG: Crawled (200) <GET https://www.imdb.com/search/name/?gender=male,female> (referer: https://www.imdb.com/)
2019-07-13 19:02:26 [scrapy.core.scraper] DEBUG: Scraped from <200 https://www.imdb.com/search/name/?gender=male,female>
{'url': 'https://www.imdb.com/search/name/?gender=male,female'}
2019-07-13 19:02:26 [scrapy.core.engine] DEBUG: Crawled (200) <GET https://www.imdb.com/chart/moviemeter> (referer: https://www.imdb.com/)
2019-07-13 19:02:26 [scrapy.core.engine] DEBUG: Crawled (200) <GET https://www.imdb.com/calendar/> (referer: https://www.imdb.com/)
2019-07-13 19:02:26 [scrapy.core.scraper] DEBUG: Scraped from <200 https://www.imdb.com/chart/moviemeter>
{'url': 'https://www.imdb.com/chart/moviemeter'}
2019-07-13 19:02:26 [scrapy.core.scraper] DEBUG: Scraped from <200 https://www.imdb.com/calendar/>
{'url': 'https://www.imdb.com/calendar/'}
2019-07-13 19:02:26 [scrapy.core.engine] DEBUG: Crawled (200) <GET https://www.imdb.com/chart/top> (referer: https://www.imdb.com/)
2019-07-13 19:02:26 [scrapy.core.engine] DEBUG: Crawled (200) <GET https://www.imdb.com/whats-on-tv/> (referer: https://www.imdb.com/)
2019-07-13 19:02:26 [scrapy.core.engine] DEBUG: Crawled (200) <GET https://www.imdb.com/feature/genre/> (referer: https://www.imdb.com/)
2019-07-13 19:02:26 [scrapy.core.scraper] DEBUG: Scraped from <200 https://www.imdb.com/chart/top>
{'url': 'https://www.imdb.com/chart/top'}
2019-07-13 19:02:26 [scrapy.core.scraper] DEBUG: Scraped from <200 https://www.imdb.com/whats-on-tv/>
{'url': 'https://www.imdb.com/whats-on-tv/'}
2019-07-13 19:02:26 [scrapy.core.scraper] DEBUG: Scraped from <200 https://www.imdb.com/feature/genre/>
{'url': 'https://www.imdb.com/feature/genre/'}
2019-07-13 19:02:26 [scrapy.core.engine] DEBUG: Crawled (200) <GET https://www.imdb.com/chart/tvmeter> (referer: https://www.imdb.com/)
2019-07-13 19:02:26 [scrapy.core.scraper] DEBUG: Scraped from <200 https://www.imdb.com/chart/tvmeter>
{'url': 'https://www.imdb.com/chart/tvmeter'}
2019-07-13 19:02:26 [scrapy.core.engine] DEBUG: Crawled (200) <GET https://www.imdb.com/movies-coming-soon/> (referer: https://www.imdb.com/)
2019-07-13 19:02:27 [scrapy.core.scraper] DEBUG: Scraped from <200 https://www.imdb.com/movies-coming-soon/>
{'url': 'https://www.imdb.com/movies-coming-soon/'}
2019-07-13 19:02:27 [scrapy.core.engine] DEBUG: Crawled (200) <GET https://www.imdb.com/name/nm0528331/> (referer: https://www.imdb.com/)
2019-07-13 19:02:27 [scrapy.core.engine] DEBUG: Crawled (200) <GET https://www.imdb.com/chart/top?ref_=nv_mv_dflt_3> (referer: https://www.imdb.com/)
2019-07-13 19:02:27 [scrapy.core.scraper] DEBUG: Scraped from <200 https://www.imdb.com/name/nm0528331/>
{'url': 'https://www.imdb.com/name/nm0528331/'}
2019-07-13 19:02:27 [scrapy.core.scraper] DEBUG: Scraped from <200 https://www.imdb.com/chart/top?ref_=nv_mv_dflt_3>
{'url': 'https://www.imdb.com/chart/top?ref_=nv_mv_dflt_3'}
2019-07-13 19:02:27 [scrapy.core.engine] DEBUG: Crawled (200) <GET https://www.imdb.com/title/tt0061512/?ref_=nv_mv_dflt_2> (referer: https://www.imdb.com/)
2019-07-13 19:02:27 [scrapy.core.scraper] DEBUG: Scraped from <200 https://www.imdb.com/title/tt0061512/?ref_=nv_mv_dflt_2>
{'url': 'https://www.imdb.com/title/tt0061512/?ref_=nv_mv_dflt_2'}
2019-07-13 19:02:27 [scrapy.core.engine] DEBUG: Crawled (200) <GET https://www.imdb.com/chart/toptv/> (referer: https://www.imdb.com/)
2019-07-13 19:02:27 [scrapy.core.scraper] DEBUG: Scraped from <200 https://www.imdb.com/chart/toptv/>
{'url': 'https://www.imdb.com/chart/toptv/'}
2019-07-13 19:02:27 [scrapy.core.engine] DEBUG: Crawled (200) <GET https://www.imdb.com/search/title/?count=100&groups=oscar_best_picture_winners&sort=year,desc> (referer: https://www.imdb.com/)
2019-07-13 19:02:27 [scrapy.core.engine] DEBUG: Crawled (200) <GET https://www.imdb.com/showtimes/> (referer: https://www.imdb.com/)
2019-07-13 19:02:27 [scrapy.core.scraper] DEBUG: Scraped from <200 https://www.imdb.com/search/title/?count=100&groups=oscar_best_picture_winners&sort=year,desc>
{'url': 'https://www.imdb.com/search/title/?count=100&groups=oscar_best_picture_winners&sort=year,desc'}
2019-07-13 19:02:28 [scrapy.core.scraper] DEBUG: Scraped from <200 https://www.imdb.com/showtimes/>
{'url': 'https://www.imdb.com/showtimes/'}
2019-07-13 19:02:28 [scrapy.core.engine] DEBUG: Crawled (200) <GET https://www.imdb.com/list/ls016522954/> (referer: https://www.imdb.com/)
2019-07-13 19:02:28 [scrapy.core.engine] DEBUG: Crawled (200) <GET https://www.imdb.com/search/> (referer: https://www.imdb.com/)
2019-07-13 19:02:28 [scrapy.core.scraper] DEBUG: Scraped from <200 https://www.imdb.com/list/ls016522954/>
{'url': 'https://www.imdb.com/list/ls016522954/'}
2019-07-13 19:02:28 [scrapy.core.engine] DEBUG: Crawled (200) <GET https://www.imdb.com/title/tt0061512/?ref_=nv_mv_dflt_1> (referer: https://www.imdb.com/)
2019-07-13 19:02:28 [scrapy.core.engine] DEBUG: Crawled (200) <GET https://www.imdb.com/movies-in-theaters/> (referer: https://www.imdb.com/)
2019-07-13 19:02:28 [scrapy.core.scraper] DEBUG: Scraped from <200 https://www.imdb.com/search/>
{'url': 'https://www.imdb.com/search/'}
2019-07-13 19:02:28 [scrapy.core.scraper] DEBUG: Scraped from <200 https://www.imdb.com/title/tt0061512/?ref_=nv_mv_dflt_1>
{'url': 'https://www.imdb.com/title/tt0061512/?ref_=nv_mv_dflt_1'}
2019-07-13 19:02:28 [scrapy.core.scraper] DEBUG: Scraped from <200 https://www.imdb.com/movies-in-theaters/>
{'url': 'https://www.imdb.com/movies-in-theaters/'}
2019-07-13 19:02:28 [scrapy.core.engine] DEBUG: Crawled (200) <GET https://www.imdb.com/india/top-rated-indian-movies/> (referer: https://www.imdb.com/)
2019-07-13 19:02:28 [scrapy.core.scraper] DEBUG: Scraped from <200 https://www.imdb.com/india/top-rated-indian-movies/>
{'url': 'https://www.imdb.com/india/top-rated-indian-movies/'}
2019-07-13 19:02:30 [scrapy.core.engine] DEBUG: Crawled (200) <GET https://www.imdb.com/trailers/> (referer: https://www.imdb.com/)
2019-07-13 19:02:30 [scrapy.core.scraper] DEBUG: Scraped from <200 https://www.imdb.com/trailers/>
{'url': 'https://www.imdb.com/trailers/'}
2019-07-13 19:02:30 [scrapy.core.engine] INFO: Closing spider (finished)
2019-07-13 19:02:30 [scrapy.statscollectors] INFO: Dumping Scrapy stats:
{'downloader/exception_count': 5,
 'downloader/exception_type_count/scrapy.exceptions.IgnoreRequest': 5,
 'downloader/request_bytes': 133419,
 'downloader/request_count': 268,
 'downloader/request_method_count/GET': 268,
 'downloader/response_bytes': 6228174,
 'downloader/response_count': 268,
 'downloader/response_status_count/200': 162,
 'downloader/response_status_count/301': 59,
 'downloader/response_status_count/302': 38,
 'downloader/response_status_count/404': 3,
 'downloader/response_status_count/503': 6,
 'dupefilter/filtered': 9,
 'finish_reason': 'finished',
 'finish_time': datetime.datetime(2019, 7, 13, 19, 2, 30, 586336),
 'httperror/response_ignored_count': 2,
 'httperror/response_ignored_status_count/503': 2,
 'item_scraped_count': 138,
 'log_count/DEBUG': 418,
 'log_count/INFO': 11,
 'memusage/max': 68739072,
 'memusage/startup': 68734976,
 'offsite/domains': 4,
 'offsite/filtered': 5,
 'request_depth_max': 1,
 'response_received_count': 167,
 'retry/count': 4,
 'retry/max_reached': 2,
 'retry/reason_count/503 Service Unavailable': 4,
 'robotstxt/forbidden': 5,
 'robotstxt/request_count': 26,
 'robotstxt/response_count': 26,
 'robotstxt/response_status_count/200': 23,
 'robotstxt/response_status_count/404': 3,
 'scheduler/dequeued': 238,
 'scheduler/dequeued/memory': 238,
 'scheduler/enqueued': 238,
 'scheduler/enqueued/memory': 238,
 'start_time': datetime.datetime(2019, 7, 13, 19, 2, 2, 997531)}
2019-07-13 19:02:30 [scrapy.core.engine] INFO: Spider closed (finished)
